TN:
SF:src/app-original.ts
FN:88,(anonymous_1)
FN:98,(anonymous_2)
FN:181,(anonymous_3)
FNF:3
FNH:0
FNDA:0,(anonymous_1)
FNDA:0,(anonymous_2)
FNDA:0,(anonymous_3)
DA:1,0
DA:2,0
DA:3,0
DA:4,0
DA:5,0
DA:6,0
DA:7,0
DA:8,0
DA:9,0
DA:10,0
DA:11,0
DA:12,0
DA:13,0
DA:14,0
DA:15,0
DA:16,0
DA:17,0
DA:18,0
DA:19,0
DA:20,0
DA:22,0
DA:24,0
DA:25,0
DA:26,0
DA:27,0
DA:28,0
DA:29,0
DA:30,0
DA:31,0
DA:32,0
DA:33,0
DA:35,0
DA:38,0
DA:39,0
DA:57,0
DA:58,0
DA:67,0
DA:68,0
DA:70,0
DA:74,0
DA:75,0
DA:76,0
DA:79,0
DA:82,0
DA:85,0
DA:88,0
DA:89,0
DA:98,0
DA:99,0
DA:152,0
DA:155,0
DA:156,0
DA:157,0
DA:158,0
DA:159,0
DA:160,0
DA:161,0
DA:162,0
DA:163,0
DA:164,0
DA:165,0
DA:166,0
DA:167,0
DA:168,0
DA:169,0
DA:170,0
DA:172,0
DA:173,0
DA:174,0
DA:175,0
DA:176,0
DA:177,0
DA:178,0
DA:181,0
DA:182,0
DA:190,0
DA:192,0
LF:77
LH:0
BRDA:40,0,0,0
BRDA:40,0,1,0
BRDA:57,1,0,0
BRDA:57,1,1,0
BRDA:93,2,0,0
BRDA:93,2,1,0
BRF:6
BRH:0
end_of_record
TN:
SF:src/app.ts
FN:93,(anonymous_1)
FN:103,(anonymous_2)
FN:210,(anonymous_3)
FNF:3
FNH:0
FNDA:0,(anonymous_1)
FNDA:0,(anonymous_2)
FNDA:0,(anonymous_3)
DA:1,25
DA:2,25
DA:3,25
DA:4,25
DA:5,25
DA:6,25
DA:7,25
DA:8,25
DA:9,25
DA:10,25
DA:11,25
DA:12,25
DA:13,25
DA:14,25
DA:15,25
DA:16,25
DA:17,25
DA:18,25
DA:19,25
DA:20,25
DA:22,25
DA:24,25
DA:25,25
DA:26,25
DA:27,25
DA:28,25
DA:29,25
DA:30,25
DA:33,25
DA:34,25
DA:35,25
DA:37,25
DA:38,25
DA:40,25
DA:43,25
DA:44,25
DA:62,25
DA:63,0
DA:72,0
DA:73,0
DA:75,25
DA:79,25
DA:80,25
DA:81,25
DA:84,25
DA:87,25
DA:90,25
DA:93,25
DA:94,0
DA:103,25
DA:104,0
DA:177,25
DA:180,25
DA:181,25
DA:182,25
DA:183,25
DA:184,25
DA:185,25
DA:186,25
DA:187,25
DA:188,25
DA:189,25
DA:190,25
DA:191,25
DA:192,25
DA:193,25
DA:194,25
DA:195,25
DA:197,25
DA:198,25
DA:199,25
DA:200,25
DA:201,25
DA:202,25
DA:203,25
DA:204,25
DA:205,25
DA:210,25
DA:211,0
DA:219,25
DA:221,25
LF:81
LH:75
BRDA:45,0,0,25
BRDA:45,0,1,24
BRDA:62,1,0,0
BRDA:62,1,1,25
BRDA:98,2,0,0
BRDA:98,2,1,0
BRF:6
BRH:3
end_of_record
TN:
SF:src/server-simple.ts
FN:28,(anonymous_1)
FN:33,(anonymous_2)
FN:44,(anonymous_3)
FN:55,(anonymous_4)
FN:76,(anonymous_5)
FN:81,startServer
FN:87,(anonymous_7)
FNF:7
FNH:0
FNDA:0,(anonymous_1)
FNDA:0,(anonymous_2)
FNDA:0,(anonymous_3)
FNDA:0,(anonymous_4)
FNDA:0,(anonymous_5)
FNDA:0,startServer
FNDA:0,(anonymous_7)
DA:1,0
DA:2,0
DA:3,0
DA:5,0
DA:6,0
DA:9,0
DA:21,0
DA:25,0
DA:28,0
DA:29,0
DA:33,0
DA:34,0
DA:35,0
DA:36,0
DA:38,0
DA:39,0
DA:44,0
DA:45,0
DA:46,0
DA:47,0
DA:49,0
DA:50,0
DA:55,0
DA:56,0
DA:57,0
DA:68,0
DA:70,0
DA:71,0
DA:76,0
DA:77,0
DA:78,0
DA:82,0
DA:84,0
DA:85,0
DA:87,0
DA:88,0
DA:89,0
DA:90,0
DA:91,0
DA:94,0
DA:95,0
DA:99,0
LF:42
LH:0
BRDA:6,0,0,0
BRDA:6,0,1,0
BRDA:10,1,0,0
BRDA:10,1,1,0
BRDA:11,2,0,0
BRDA:11,2,1,0
BRDA:12,3,0,0
BRDA:12,3,1,0
BRDA:13,4,0,0
BRDA:13,4,1,0
BRDA:14,5,0,0
BRDA:14,5,1,0
BRF:12
BRH:0
end_of_record
TN:
SF:src/config/database.ts
FN:13,getDatabaseConfig
FN:27,getTestDatabaseConfig
FNF:2
FNH:0
FNDA:0,getDatabaseConfig
FNDA:0,getTestDatabaseConfig
DA:13,26
DA:14,0
DA:27,26
DA:28,0
DA:29,0
LF:5
LH:2
BRDA:15,0,0,0
BRDA:15,0,1,0
BRDA:16,1,0,0
BRDA:16,1,1,0
BRDA:17,2,0,0
BRDA:17,2,1,0
BRDA:18,3,0,0
BRDA:18,3,1,0
BRDA:19,4,0,0
BRDA:19,4,1,0
BRDA:31,5,0,0
BRDA:31,5,1,0
BRF:12
BRH:0
end_of_record
TN:
SF:src/container/service-container.ts
FN:24,(anonymous_0)
FN:29,(anonymous_1)
FN:39,(anonymous_2)
FN:46,(anonymous_3)
FN:56,(anonymous_4)
FN:66,(anonymous_5)
FN:67,(anonymous_6)
FN:73,(anonymous_7)
FN:74,(anonymous_8)
FN:80,(anonymous_9)
FN:82,(anonymous_10)
FN:91,(anonymous_11)
FN:117,(anonymous_12)
FN:124,(anonymous_13)
FN:131,(anonymous_14)
FN:138,(anonymous_15)
FN:152,(anonymous_16)
FN:155,(anonymous_17)
FN:158,(anonymous_18)
FN:161,(anonymous_19)
FN:164,(anonymous_20)
FN:171,(anonymous_21)
FN:176,Injectable
FN:177,(anonymous_23)
FN:187,Inject
FN:188,(anonymous_25)
FN:191,(anonymous_26)
FNF:27
FNH:9
FNDA:25,(anonymous_0)
FNDA:25,(anonymous_1)
FNDA:0,(anonymous_2)
FNDA:24,(anonymous_3)
FNDA:0,(anonymous_4)
FNDA:0,(anonymous_5)
FNDA:0,(anonymous_6)
FNDA:0,(anonymous_7)
FNDA:0,(anonymous_8)
FNDA:4,(anonymous_9)
FNDA:0,(anonymous_10)
FNDA:666,(anonymous_11)
FNDA:7,(anonymous_12)
FNDA:0,(anonymous_13)
FNDA:1,(anonymous_14)
FNDA:0,(anonymous_15)
FNDA:24,(anonymous_16)
FNDA:0,(anonymous_17)
FNDA:0,(anonymous_18)
FNDA:0,(anonymous_19)
FNDA:4,(anonymous_20)
FNDA:0,(anonymous_21)
FNDA:0,Injectable
FNDA:0,(anonymous_23)
FNDA:0,Inject
FNDA:0,(anonymous_25)
FNDA:0,(anonymous_26)
DA:20,25
DA:21,25
DA:22,25
DA:30,25
DA:31,25
DA:33,25
DA:40,0
DA:47,24
DA:57,0
DA:67,0
DA:74,0
DA:81,4
DA:82,0
DA:92,666
DA:94,666
DA:95,661
DA:99,5
DA:100,5
DA:104,0
DA:107,0
DA:108,0
DA:111,0
DA:118,7
DA:125,0
DA:132,1
DA:139,0
DA:146,25
DA:151,25
DA:153,24
DA:156,0
DA:159,0
DA:162,0
DA:165,4
DA:171,25
DA:176,25
DA:177,0
DA:178,0
DA:179,0
DA:180,0
DA:187,25
DA:188,0
DA:191,0
DA:192,0
LF:43
LH:22
BRDA:30,0,0,25
BRDA:94,1,0,661
BRDA:99,2,0,5
BRDA:99,3,0,5
BRDA:99,3,1,5
BRDA:107,4,0,0
BRDA:178,5,0,0
BRDA:178,5,1,0
BRF:8
BRH:5
end_of_record
TN:
SF:src/container/service-registration.ts
FN:33,configureServices
FN:43,(anonymous_10)
FN:48,(anonymous_11)
FN:53,(anonymous_12)
FN:58,(anonymous_13)
FN:63,(anonymous_14)
FN:68,(anonymous_15)
FN:76,(anonymous_16)
FN:77,(anonymous_17)
FN:78,(anonymous_18)
FN:79,(anonymous_19)
FN:80,(anonymous_20)
FN:81,(anonymous_21)
FN:82,(anonymous_22)
FN:88,initializeServices
FN:114,shutdownServices
FN:118,(anonymous_25)
FN:140,checkServiceHealth
FN:151,(anonymous_27)
FN:171,getContainerStatus
FN:176,(anonymous_29)
FNF:21
FNH:7
FNDA:4,configureServices
FNDA:0,(anonymous_10)
FNDA:0,(anonymous_11)
FNDA:0,(anonymous_12)
FNDA:0,(anonymous_13)
FNDA:0,(anonymous_14)
FNDA:0,(anonymous_15)
FNDA:666,(anonymous_16)
FNDA:0,(anonymous_17)
FNDA:0,(anonymous_18)
FNDA:0,(anonymous_19)
FNDA:0,(anonymous_20)
FNDA:0,(anonymous_21)
FNDA:0,(anonymous_22)
FNDA:4,initializeServices
FNDA:1,shutdownServices
FNDA:1,(anonymous_25)
FNDA:1,checkServiceHealth
FNDA:7,(anonymous_27)
FNDA:0,getContainerStatus
FNDA:0,(anonymous_29)
DA:6,25
DA:7,25
DA:8,25
DA:9,25
DA:10,25
DA:11,25
DA:12,25
DA:13,25
DA:14,25
DA:15,25
DA:20,25
DA:33,25
DA:35,4
DA:41,4
DA:43,0
DA:46,4
DA:48,0
DA:51,4
DA:53,0
DA:56,4
DA:58,0
DA:61,4
DA:63,0
DA:66,4
DA:68,0
DA:75,25
DA:76,666
DA:77,0
DA:78,0
DA:79,0
DA:80,0
DA:81,0
DA:82,0
DA:88,25
DA:90,4
DA:93,4
DA:94,4
DA:97,4
DA:98,4
DA:99,0
DA:101,4
DA:104,4
DA:105,4
DA:106,4
DA:108,4
DA:114,25
DA:115,1
DA:117,1
DA:118,2
DA:119,1
DA:125,1
DA:128,1
DA:130,1
DA:132,0
DA:133,0
DA:140,25
DA:145,1
DA:146,1
DA:147,1
DA:150,1
DA:151,7
DA:153,1
DA:159,0
DA:160,0
DA:171,25
DA:172,0
DA:176,0
LF:67
LH:48
BRDA:98,0,0,0
BRDA:156,1,0,1
BRDA:156,1,1,1
BRF:3
BRH:2
end_of_record
TN:
SF:src/controllers/analytics.controller.ts
FN:12,(anonymous_0)
FN:40,(anonymous_1)
FN:68,(anonymous_2)
FN:104,(anonymous_3)
FN:132,(anonymous_4)
FN:157,(anonymous_5)
FN:197,(anonymous_6)
FN:282,(anonymous_7)
FN:374,(anonymous_8)
FN:393,(anonymous_9)
FN:399,(anonymous_10)
FN:401,(anonymous_11)
FNF:12
FNH:0
FNDA:0,(anonymous_0)
FNDA:0,(anonymous_1)
FNDA:0,(anonymous_2)
FNDA:0,(anonymous_3)
FNDA:0,(anonymous_4)
FNDA:0,(anonymous_5)
FNDA:0,(anonymous_6)
FNDA:0,(anonymous_7)
FNDA:0,(anonymous_8)
FNDA:0,(anonymous_9)
FNDA:0,(anonymous_10)
FNDA:0,(anonymous_11)
DA:2,25
DA:4,25
DA:5,25
DA:7,25
DA:13,0
DA:14,0
DA:16,0
DA:17,0
DA:19,0
DA:20,0
DA:22,0
DA:23,0
DA:25,0
DA:26,0
DA:29,0
DA:30,0
DA:32,0
DA:33,0
DA:41,0
DA:42,0
DA:44,0
DA:45,0
DA:47,0
DA:48,0
DA:50,0
DA:51,0
DA:53,0
DA:54,0
DA:57,0
DA:58,0
DA:60,0
DA:61,0
DA:69,0
DA:70,0
DA:72,0
DA:73,0
DA:75,0
DA:76,0
DA:78,0
DA:79,0
DA:81,0
DA:82,0
DA:85,0
DA:86,0
DA:87,0
DA:88,0
DA:89,0
DA:90,0
DA:93,0
DA:94,0
DA:96,0
DA:97,0
DA:105,0
DA:106,0
DA:108,0
DA:109,0
DA:111,0
DA:112,0
DA:114,0
DA:115,0
DA:117,0
DA:118,0
DA:121,0
DA:122,0
DA:124,0
DA:125,0
DA:133,0
DA:134,0
DA:136,0
DA:137,0
DA:139,0
DA:140,0
DA:142,0
DA:143,0
DA:146,0
DA:147,0
DA:149,0
DA:150,0
DA:158,0
DA:159,0
DA:161,0
DA:162,0
DA:165,0
DA:167,0
DA:168,0
DA:170,0
DA:171,0
DA:174,0
DA:175,0
DA:186,0
DA:187,0
DA:188,0
DA:190,0
DA:198,0
DA:199,0
DA:210,0
DA:224,0
DA:232,0
DA:253,0
DA:255,0
DA:256,0
DA:257,0
DA:259,0
DA:260,0
DA:262,0
DA:264,0
DA:265,0
DA:267,0
DA:269,0
DA:272,0
DA:274,0
DA:275,0
DA:283,0
DA:284,0
DA:287,0
DA:315,0
DA:316,0
DA:319,0
DA:347,0
DA:350,0
DA:351,0
DA:352,0
DA:355,0
DA:375,0
DA:376,0
DA:382,0
DA:388,0
DA:393,0
DA:399,0
DA:401,0
DA:415,0
DA:417,0
DA:418,0
LF:133
LH:4
BRDA:16,0,0,0
BRDA:19,1,0,0
BRDA:22,2,0,0
BRDA:25,3,0,0
BRDA:44,4,0,0
BRDA:47,5,0,0
BRDA:50,6,0,0
BRDA:53,7,0,0
BRDA:72,8,0,0
BRDA:75,9,0,0
BRDA:78,10,0,0
BRDA:81,11,0,0
BRDA:85,12,0,0
BRDA:85,12,1,0
BRDA:86,13,0,0
BRDA:86,13,1,0
BRDA:87,14,0,0
BRDA:87,15,0,0
BRDA:87,15,1,0
BRDA:89,16,0,0
BRDA:90,17,0,0
BRDA:108,18,0,0
BRDA:111,19,0,0
BRDA:114,20,0,0
BRDA:117,21,0,0
BRDA:136,22,0,0
BRDA:139,23,0,0
BRDA:142,24,0,0
BRDA:161,25,0,0
BRDA:161,26,0,0
BRDA:161,26,1,0
BRDA:167,27,0,0
BRDA:170,28,0,0
BRDA:187,29,0,0
BRDA:200,30,0,0
BRDA:200,30,1,0
BRDA:205,31,0,0
BRDA:205,31,1,0
BRDA:206,32,0,0
BRDA:206,32,1,0
BRDA:244,33,0,0
BRDA:244,33,1,0
BRDA:245,34,0,0
BRDA:245,34,1,0
BRDA:247,35,0,0
BRDA:247,35,1,0
BRDA:248,36,0,0
BRDA:248,36,1,0
BRDA:253,37,0,0
BRDA:253,37,1,0
BRDA:253,37,2,0
BRDA:253,37,3,0
BRDA:321,38,0,0
BRDA:321,38,1,0
BRDA:322,39,0,0
BRDA:322,39,1,0
BRDA:323,40,0,0
BRDA:323,40,1,0
BRDA:324,41,0,0
BRDA:324,41,1,0
BRDA:328,42,0,0
BRDA:328,42,1,0
BRDA:329,43,0,0
BRDA:329,43,1,0
BRDA:330,44,0,0
BRDA:330,44,1,0
BRDA:331,45,0,0
BRDA:331,45,1,0
BRDA:332,46,0,0
BRDA:332,46,1,0
BRDA:336,47,0,0
BRDA:336,47,1,0
BRDA:377,48,0,0
BRDA:377,48,1,0
BRDA:379,49,0,0
BRDA:379,49,1,0
BRDA:394,50,0,0
BRDA:394,50,1,0
BRF:78
BRH:0
end_of_record
TN:
SF:src/controllers/availabilityController.ts
FN:35,(anonymous_0)
FN:42,(anonymous_1)
FN:153,(anonymous_2)
FN:243,(anonymous_3)
FN:332,(anonymous_4)
FN:357,(anonymous_5)
FN:386,(anonymous_6)
FN:482,(anonymous_7)
FNF:8
FNH:0
FNDA:0,(anonymous_0)
FNDA:0,(anonymous_1)
FNDA:0,(anonymous_2)
FNDA:0,(anonymous_3)
FNDA:0,(anonymous_4)
FNDA:0,(anonymous_5)
FNDA:0,(anonymous_6)
FNDA:0,(anonymous_7)
DA:3,0
DA:32,0
DA:36,0
DA:43,0
DA:44,0
DA:45,0
DA:46,0
DA:51,0
DA:60,0
DA:62,0
DA:63,0
DA:65,0
DA:66,0
DA:67,0
DA:70,0
DA:71,0
DA:72,0
DA:75,0
DA:76,0
DA:77,0
DA:85,0
DA:86,0
DA:89,0
DA:95,0
DA:96,0
DA:99,0
DA:100,0
DA:123,0
DA:124,0
DA:126,0
DA:128,0
DA:141,0
DA:142,0
DA:154,0
DA:155,0
DA:156,0
DA:157,0
DA:162,0
DA:165,0
DA:166,0
DA:169,0
DA:174,0
DA:175,0
DA:179,0
DA:183,0
DA:197,0
DA:198,0
DA:201,0
DA:222,0
DA:223,0
DA:225,0
DA:231,0
DA:232,0
DA:244,0
DA:245,0
DA:248,0
DA:253,0
DA:254,0
DA:258,0
DA:261,0
DA:264,0
DA:276,0
DA:277,0
DA:280,0
DA:301,0
DA:302,0
DA:304,0
DA:315,0
DA:320,0
DA:321,0
DA:333,0
DA:334,0
DA:345,0
DA:346,0
DA:358,0
DA:360,0
DA:369,0
DA:374,0
DA:375,0
DA:387,0
DA:388,0
DA:389,0
DA:390,0
DA:395,0
DA:398,0
DA:400,0
DA:401,0
DA:405,0
DA:408,0
DA:409,0
DA:411,0
DA:412,0
DA:414,0
DA:415,0
DA:418,0
DA:423,0
DA:424,0
DA:429,0
DA:433,0
DA:446,0
DA:447,0
DA:449,0
DA:456,0
DA:458,0
DA:464,0
DA:465,0
DA:467,0
DA:470,0
DA:471,0
DA:483,0
LF:110
LH:0
BRDA:45,0,0,0
BRDA:58,1,0,0
BRDA:59,2,0,0
BRDA:65,3,0,0
BRDA:65,4,0,0
BRDA:65,4,1,0
BRDA:70,5,0,0
BRDA:75,6,0,0
BRDA:156,7,0,0
BRDA:174,8,0,0
BRDA:253,9,0,0
BRDA:311,10,0,0
BRDA:311,10,1,0
BRDA:337,11,0,0
BRDA:337,11,1,0
BRDA:389,12,0,0
BRDA:400,13,0,0
BRDA:400,14,0,0
BRDA:400,14,1,0
BRDA:423,15,0,0
BRDA:491,16,0,0
BRDA:491,16,1,0
BRDA:492,17,0,0
BRDA:492,17,1,0
BRDA:493,18,0,0
BRDA:493,18,1,0
BRDA:494,19,0,0
BRDA:494,19,1,0
BRF:28
BRH:0
end_of_record
TN:
SF:src/controllers/budget.controller.ts
FN:60,(anonymous_0)
FN:61,(anonymous_1)
FN:74,(anonymous_2)
FN:104,(anonymous_3)
FN:131,(anonymous_4)
FN:167,(anonymous_5)
FN:187,(anonymous_6)
FN:219,(anonymous_7)
FN:242,(anonymous_8)
FN:264,(anonymous_9)
FN:287,(anonymous_10)
FN:317,(anonymous_11)
FN:354,(anonymous_12)
FN:376,(anonymous_13)
FN:403,(anonymous_14)
FN:439,(anonymous_15)
FNF:16
FNH:0
FNDA:0,(anonymous_0)
FNDA:0,(anonymous_1)
FNDA:0,(anonymous_2)
FNDA:0,(anonymous_3)
FNDA:0,(anonymous_4)
FNDA:0,(anonymous_5)
FNDA:0,(anonymous_6)
FNDA:0,(anonymous_7)
FNDA:0,(anonymous_8)
FNDA:0,(anonymous_9)
FNDA:0,(anonymous_10)
FNDA:0,(anonymous_11)
FNDA:0,(anonymous_12)
FNDA:0,(anonymous_13)
FNDA:0,(anonymous_14)
FNDA:0,(anonymous_15)
DA:2,25
DA:3,25
DA:8,25
DA:11,25
DA:12,25
DA:13,25
DA:16,25
DA:32,25
DA:49,25
DA:60,0
DA:61,0
DA:66,25
DA:72,25
DA:74,25
DA:75,0
DA:77,0
DA:78,0
DA:88,0
DA:90,0
DA:96,0
DA:97,0
DA:99,0
DA:104,25
DA:105,0
DA:107,0
DA:108,0
DA:111,0
DA:112,0
DA:114,0
DA:115,0
DA:118,0
DA:123,0
DA:124,0
DA:126,0
DA:131,25
DA:132,0
DA:133,0
DA:135,0
DA:136,0
DA:139,0
DA:140,0
DA:141,0
DA:142,0
DA:143,0
DA:144,0
DA:145,0
DA:146,0
DA:147,0
DA:148,0
DA:149,0
DA:151,0
DA:153,0
DA:159,0
DA:160,0
DA:162,0
DA:167,25
DA:168,0
DA:170,0
DA:171,0
DA:174,0
DA:175,0
DA:177,0
DA:182,0
DA:187,25
DA:188,0
DA:189,0
DA:191,0
DA:192,0
DA:195,0
DA:196,0
DA:199,0
DA:200,0
DA:201,0
DA:203,0
DA:204,0
DA:207,0
DA:209,0
DA:214,0
DA:219,25
DA:220,0
DA:222,0
DA:223,0
DA:226,0
DA:227,0
DA:229,0
DA:234,0
DA:235,0
DA:237,0
DA:242,25
DA:243,0
DA:244,0
DA:246,0
DA:247,0
DA:250,0
DA:251,0
DA:252,0
DA:254,0
DA:259,0
DA:264,25
DA:265,0
DA:267,0
DA:268,0
DA:271,0
DA:272,0
DA:274,0
DA:279,0
DA:280,0
DA:282,0
DA:287,25
DA:288,0
DA:289,0
DA:291,0
DA:292,0
DA:295,0
DA:296,0
DA:303,0
DA:309,0
DA:310,0
DA:312,0
DA:317,25
DA:318,0
DA:320,0
DA:321,0
DA:326,0
DA:327,0
DA:328,0
DA:329,0
DA:330,0
DA:331,0
DA:332,0
DA:333,0
DA:334,0
DA:335,0
DA:336,0
DA:338,0
DA:340,0
DA:346,0
DA:347,0
DA:349,0
DA:354,25
DA:355,0
DA:356,0
DA:358,0
DA:359,0
DA:362,0
DA:363,0
DA:364,0
DA:366,0
DA:371,0
DA:376,25
DA:377,0
DA:379,0
DA:380,0
DA:383,0
DA:384,0
DA:386,0
DA:387,0
DA:390,0
DA:395,0
DA:396,0
DA:398,0
DA:403,25
DA:404,0
DA:405,0
DA:407,0
DA:408,0
DA:411,0
DA:412,0
DA:413,0
DA:414,0
DA:415,0
DA:416,0
DA:417,0
DA:418,0
DA:419,0
DA:420,0
DA:421,0
DA:423,0
DA:425,0
DA:431,0
DA:432,0
DA:434,0
DA:439,25
DA:440,0
DA:442,0
DA:443,0
DA:446,0
DA:448,0
DA:454,0
DA:463,0
DA:464,0
DA:466,0
LF:192
LH:25
BRDA:81,0,0,0
BRDA:81,0,1,0
BRDA:82,1,0,0
BRDA:82,1,1,0
BRDA:83,2,0,0
BRDA:83,2,1,0
BRDA:84,3,0,0
BRDA:84,3,1,0
BRDA:85,4,0,0
BRDA:85,4,1,0
BRDA:86,5,0,0
BRDA:86,5,1,0
BRDA:96,6,0,0
BRDA:107,7,0,0
BRDA:107,8,0,0
BRDA:107,8,1,0
BRDA:114,9,0,0
BRDA:123,10,0,0
BRDA:135,11,0,0
BRDA:135,12,0,0
BRDA:135,12,1,0
BRDA:141,13,0,0
BRDA:142,14,0,0
BRDA:143,15,0,0
BRDA:144,16,0,0
BRDA:145,17,0,0
BRDA:146,18,0,0
BRDA:147,19,0,0
BRDA:148,20,0,0
BRDA:149,21,0,0
BRDA:159,22,0,0
BRDA:170,23,0,0
BRDA:170,24,0,0
BRDA:170,24,1,0
BRDA:191,25,0,0
BRDA:191,26,0,0
BRDA:191,26,1,0
BRDA:195,27,0,0
BRDA:195,28,0,0
BRDA:195,28,1,0
BRDA:203,29,0,0
BRDA:222,30,0,0
BRDA:222,31,0,0
BRDA:222,31,1,0
BRDA:234,32,0,0
BRDA:244,33,0,0
BRDA:246,34,0,0
BRDA:246,35,0,0
BRDA:246,35,1,0
BRDA:251,36,0,0
BRDA:251,36,1,0
BRDA:267,37,0,0
BRDA:267,38,0,0
BRDA:267,38,1,0
BRDA:279,39,0,0
BRDA:291,40,0,0
BRDA:291,41,0,0
BRDA:291,41,1,0
BRDA:309,42,0,0
BRDA:326,43,0,0
BRDA:327,44,0,0
BRDA:328,45,0,0
BRDA:329,46,0,0
BRDA:330,47,0,0
BRDA:331,48,0,0
BRDA:332,49,0,0
BRDA:333,50,0,0
BRDA:334,51,0,0
BRDA:335,52,0,0
BRDA:336,53,0,0
BRDA:346,54,0,0
BRDA:358,55,0,0
BRDA:358,56,0,0
BRDA:358,56,1,0
BRDA:363,57,0,0
BRDA:363,57,1,0
BRDA:379,58,0,0
BRDA:379,59,0,0
BRDA:379,59,1,0
BRDA:386,60,0,0
BRDA:395,61,0,0
BRDA:407,62,0,0
BRDA:407,63,0,0
BRDA:407,63,1,0
BRDA:413,64,0,0
BRDA:414,65,0,0
BRDA:415,66,0,0
BRDA:416,67,0,0
BRDA:417,68,0,0
BRDA:418,69,0,0
BRDA:419,70,0,0
BRDA:420,71,0,0
BRDA:421,72,0,0
BRDA:431,73,0,0
BRDA:442,74,0,0
BRDA:442,75,0,0
BRDA:442,75,1,0
BRDA:463,76,0,0
BRF:98
BRH:0
end_of_record
TN:
SF:src/controllers/capacity.controller.backup.ts
FN:11,(anonymous_0)
FN:40,(anonymous_1)
FN:75,(anonymous_2)
FN:102,(anonymous_3)
FN:128,(anonymous_4)
FN:148,(anonymous_5)
FN:161,(anonymous_6)
FN:180,(anonymous_7)
FN:200,(anonymous_8)
FN:221,(anonymous_9)
FN:243,(anonymous_10)
FNF:11
FNH:0
FNDA:0,(anonymous_0)
FNDA:0,(anonymous_1)
FNDA:0,(anonymous_2)
FNDA:0,(anonymous_3)
FNDA:0,(anonymous_4)
FNDA:0,(anonymous_5)
FNDA:0,(anonymous_6)
FNDA:0,(anonymous_7)
FNDA:0,(anonymous_8)
FNDA:0,(anonymous_9)
FNDA:0,(anonymous_10)
DA:2,0
DA:3,0
DA:4,0
DA:5,0
DA:7,0
DA:11,0
DA:12,0
DA:13,0
DA:14,0
DA:17,0
DA:19,0
DA:20,0
DA:21,0
DA:22,0
DA:23,0
DA:24,0
DA:26,0
DA:28,0
DA:40,0
DA:41,0
DA:42,0
DA:44,0
DA:45,0
DA:48,0
DA:55,0
DA:61,0
DA:75,0
DA:76,0
DA:77,0
DA:78,0
DA:81,0
DA:83,0
DA:91,0
DA:102,0
DA:103,0
DA:104,0
DA:105,0
DA:108,0
DA:109,0
DA:111,0
DA:117,0
DA:128,0
DA:129,0
DA:131,0
DA:132,0
DA:135,0
DA:137,0
DA:148,0
DA:149,0
DA:150,0
DA:151,0
DA:154,0
DA:156,0
DA:157,0
DA:161,0
DA:166,0
DA:168,0
DA:180,0
DA:181,0
DA:183,0
DA:189,0
DA:200,0
DA:201,0
DA:203,0
DA:209,0
DA:221,0
DA:222,0
DA:224,0
DA:230,0
DA:243,0
DA:244,0
DA:246,0
DA:247,0
DA:250,0
DA:255,0
DA:256,0
DA:259,0
LF:77
LH:0
BRDA:13,0,0,0
BRDA:20,1,0,0
BRDA:21,2,0,0
BRDA:22,3,0,0
BRDA:23,4,0,0
BRDA:24,5,0,0
BRDA:44,6,0,0
BRDA:50,7,0,0
BRDA:50,7,1,0
BRDA:51,8,0,0
BRDA:51,8,1,0
BRDA:57,9,0,0
BRDA:57,9,1,0
BRDA:58,10,0,0
BRDA:58,10,1,0
BRDA:77,11,0,0
BRDA:104,12,0,0
BRDA:131,13,0,0
BRDA:150,14,0,0
BRDA:156,15,0,0
BRDA:156,16,0,0
BRDA:156,16,1,0
BRDA:185,17,0,0
BRDA:185,17,1,0
BRDA:186,18,0,0
BRDA:186,18,1,0
BRDA:205,19,0,0
BRDA:205,19,1,0
BRDA:206,20,0,0
BRDA:206,20,1,0
BRDA:222,21,0,0
BRDA:226,22,0,0
BRDA:226,22,1,0
BRDA:227,23,0,0
BRDA:227,23,1,0
BRDA:246,24,0,0
BRDA:246,25,0,0
BRDA:246,25,1,0
BRDA:255,26,0,0
BRF:39
BRH:0
end_of_record
TN:
SF:src/controllers/capacity.controller.enhanced.ts
FN:11,(anonymous_0)
FN:40,(anonymous_1)
FN:75,(anonymous_2)
FN:102,(anonymous_3)
FN:128,(anonymous_4)
FN:148,(anonymous_5)
FN:161,(anonymous_6)
FN:180,(anonymous_7)
FN:200,(anonymous_8)
FN:221,(anonymous_9)
FN:243,(anonymous_10)
FN:269,(anonymous_11)
FN:295,(anonymous_12)
FN:344,(anonymous_13)
FN:430,(anonymous_14)
FN:453,(anonymous_15)
FN:466,(anonymous_16)
FN:466,(anonymous_17)
FNF:18
FNH:0
FNDA:0,(anonymous_0)
FNDA:0,(anonymous_1)
FNDA:0,(anonymous_2)
FNDA:0,(anonymous_3)
FNDA:0,(anonymous_4)
FNDA:0,(anonymous_5)
FNDA:0,(anonymous_6)
FNDA:0,(anonymous_7)
FNDA:0,(anonymous_8)
FNDA:0,(anonymous_9)
FNDA:0,(anonymous_10)
FNDA:0,(anonymous_11)
FNDA:0,(anonymous_12)
FNDA:0,(anonymous_13)
FNDA:0,(anonymous_14)
FNDA:0,(anonymous_15)
FNDA:0,(anonymous_16)
FNDA:0,(anonymous_17)
DA:2,0
DA:3,0
DA:4,0
DA:5,0
DA:7,0
DA:11,0
DA:12,0
DA:13,0
DA:14,0
DA:17,0
DA:19,0
DA:20,0
DA:21,0
DA:22,0
DA:23,0
DA:24,0
DA:26,0
DA:28,0
DA:40,0
DA:41,0
DA:42,0
DA:44,0
DA:45,0
DA:48,0
DA:55,0
DA:61,0
DA:75,0
DA:76,0
DA:77,0
DA:78,0
DA:81,0
DA:83,0
DA:91,0
DA:102,0
DA:103,0
DA:104,0
DA:105,0
DA:108,0
DA:109,0
DA:111,0
DA:117,0
DA:128,0
DA:129,0
DA:131,0
DA:132,0
DA:135,0
DA:137,0
DA:148,0
DA:149,0
DA:150,0
DA:151,0
DA:154,0
DA:156,0
DA:157,0
DA:161,0
DA:166,0
DA:168,0
DA:180,0
DA:181,0
DA:183,0
DA:189,0
DA:200,0
DA:201,0
DA:203,0
DA:209,0
DA:221,0
DA:222,0
DA:224,0
DA:230,0
DA:243,0
DA:244,0
DA:246,0
DA:247,0
DA:250,0
DA:255,0
DA:256,0
DA:259,0
DA:269,0
DA:270,0
DA:271,0
DA:273,0
DA:274,0
DA:277,0
DA:283,0
DA:295,0
DA:296,0
DA:297,0
DA:298,0
DA:301,0
DA:302,0
DA:304,0
DA:305,0
DA:309,0
DA:315,0
DA:317,0
DA:324,0
DA:333,0
DA:344,0
DA:345,0
DA:346,0
DA:347,0
DA:350,0
DA:351,0
DA:353,0
DA:354,0
DA:357,0
DA:364,0
DA:366,0
DA:367,0
DA:369,0
DA:370,0
DA:372,0
DA:374,0
DA:379,0
DA:380,0
DA:381,0
DA:386,0
DA:387,0
DA:388,0
DA:390,0
DA:393,0
DA:400,0
DA:403,0
DA:410,0
DA:412,0
DA:420,0
DA:421,0
DA:423,0
DA:430,0
DA:431,0
DA:433,0
DA:434,0
DA:435,0
DA:436,0
DA:438,0
DA:441,0
DA:453,0
DA:465,0
DA:466,0
DA:470,0
DA:471,0
DA:472,0
DA:473,0
DA:475,0
LF:144
LH:0
BRDA:13,0,0,0
BRDA:20,1,0,0
BRDA:21,2,0,0
BRDA:22,3,0,0
BRDA:23,4,0,0
BRDA:24,5,0,0
BRDA:44,6,0,0
BRDA:50,7,0,0
BRDA:50,7,1,0
BRDA:51,8,0,0
BRDA:51,8,1,0
BRDA:57,9,0,0
BRDA:57,9,1,0
BRDA:58,10,0,0
BRDA:58,10,1,0
BRDA:77,11,0,0
BRDA:104,12,0,0
BRDA:131,13,0,0
BRDA:150,14,0,0
BRDA:156,15,0,0
BRDA:156,16,0,0
BRDA:156,16,1,0
BRDA:185,17,0,0
BRDA:185,17,1,0
BRDA:186,18,0,0
BRDA:186,18,1,0
BRDA:205,19,0,0
BRDA:205,19,1,0
BRDA:206,20,0,0
BRDA:206,20,1,0
BRDA:222,21,0,0
BRDA:226,22,0,0
BRDA:226,22,1,0
BRDA:227,23,0,0
BRDA:227,23,1,0
BRDA:246,24,0,0
BRDA:246,25,0,0
BRDA:246,25,1,0
BRDA:255,26,0,0
BRDA:273,27,0,0
BRDA:279,28,0,0
BRDA:279,28,1,0
BRDA:280,29,0,0
BRDA:280,29,1,0
BRDA:297,30,0,0
BRDA:304,31,0,0
BRDA:315,32,0,0
BRDA:315,32,1,0
BRDA:336,33,0,0
BRDA:336,33,1,0
BRDA:346,34,0,0
BRDA:350,35,0,0
BRDA:351,36,0,0
BRDA:351,37,0,0
BRDA:353,38,0,0
BRDA:353,39,0,0
BRDA:353,39,1,0
BRDA:379,40,0,0
BRDA:379,40,1,0
BRDA:380,41,0,0
BRDA:380,41,1,0
BRDA:387,42,0,0
BRDA:387,42,1,0
BRDA:405,43,0,0
BRDA:405,43,1,0
BRDA:434,44,0,0
BRDA:435,45,0,0
BRDA:436,46,0,0
BRDA:455,47,0,0
BRDA:455,47,1,0
BRDA:456,48,0,0
BRDA:456,48,1,0
BRDA:461,49,0,0
BRDA:461,49,1,0
BRDA:466,50,0,0
BRDA:466,50,1,0
BRF:76
BRH:0
end_of_record
TN:
SF:src/controllers/capacity.controller.ts
FN:11,(anonymous_0)
FN:40,(anonymous_1)
FN:75,(anonymous_2)
FN:102,(anonymous_3)
FN:128,(anonymous_4)
FN:148,(anonymous_5)
FN:161,(anonymous_6)
FN:180,(anonymous_7)
FN:200,(anonymous_8)
FN:221,(anonymous_9)
FN:243,(anonymous_10)
FN:269,(anonymous_11)
FN:295,(anonymous_12)
FN:344,(anonymous_13)
FN:430,(anonymous_14)
FN:453,(anonymous_15)
FN:466,(anonymous_16)
FN:466,(anonymous_17)
FNF:18
FNH:0
FNDA:0,(anonymous_0)
FNDA:0,(anonymous_1)
FNDA:0,(anonymous_2)
FNDA:0,(anonymous_3)
FNDA:0,(anonymous_4)
FNDA:0,(anonymous_5)
FNDA:0,(anonymous_6)
FNDA:0,(anonymous_7)
FNDA:0,(anonymous_8)
FNDA:0,(anonymous_9)
FNDA:0,(anonymous_10)
FNDA:0,(anonymous_11)
FNDA:0,(anonymous_12)
FNDA:0,(anonymous_13)
FNDA:0,(anonymous_14)
FNDA:0,(anonymous_15)
FNDA:0,(anonymous_16)
FNDA:0,(anonymous_17)
DA:2,25
DA:3,25
DA:4,25
DA:5,25
DA:7,25
DA:11,25
DA:12,0
DA:13,0
DA:14,0
DA:17,0
DA:19,0
DA:20,0
DA:21,0
DA:22,0
DA:23,0
DA:24,0
DA:26,0
DA:28,0
DA:40,25
DA:41,0
DA:42,0
DA:44,0
DA:45,0
DA:48,0
DA:55,0
DA:61,0
DA:75,25
DA:76,0
DA:77,0
DA:78,0
DA:81,0
DA:83,0
DA:91,0
DA:102,25
DA:103,0
DA:104,0
DA:105,0
DA:108,0
DA:109,0
DA:111,0
DA:117,0
DA:128,25
DA:129,0
DA:131,0
DA:132,0
DA:135,0
DA:137,0
DA:148,25
DA:149,0
DA:150,0
DA:151,0
DA:154,0
DA:156,0
DA:157,0
DA:161,0
DA:166,0
DA:168,0
DA:180,25
DA:181,0
DA:183,0
DA:189,0
DA:200,25
DA:201,0
DA:203,0
DA:209,0
DA:221,25
DA:222,0
DA:224,0
DA:230,0
DA:243,25
DA:244,0
DA:246,0
DA:247,0
DA:250,0
DA:255,0
DA:256,0
DA:259,0
DA:269,25
DA:270,0
DA:271,0
DA:273,0
DA:274,0
DA:277,0
DA:283,0
DA:295,25
DA:296,0
DA:297,0
DA:298,0
DA:301,0
DA:302,0
DA:304,0
DA:305,0
DA:309,0
DA:315,0
DA:317,0
DA:324,0
DA:333,0
DA:344,25
DA:345,0
DA:346,0
DA:347,0
DA:350,0
DA:351,0
DA:353,0
DA:354,0
DA:357,0
DA:364,0
DA:366,0
DA:367,0
DA:369,0
DA:370,0
DA:372,0
DA:374,0
DA:379,0
DA:380,0
DA:381,0
DA:386,0
DA:387,0
DA:388,0
DA:390,0
DA:393,0
DA:400,0
DA:403,0
DA:410,0
DA:412,0
DA:420,0
DA:421,0
DA:423,0
DA:430,25
DA:431,0
DA:433,0
DA:434,0
DA:435,0
DA:436,0
DA:438,0
DA:441,0
DA:453,0
DA:465,0
DA:466,0
DA:470,0
DA:471,0
DA:472,0
DA:473,0
DA:475,0
LF:144
LH:19
BRDA:13,0,0,0
BRDA:20,1,0,0
BRDA:21,2,0,0
BRDA:22,3,0,0
BRDA:23,4,0,0
BRDA:24,5,0,0
BRDA:44,6,0,0
BRDA:50,7,0,0
BRDA:50,7,1,0
BRDA:51,8,0,0
BRDA:51,8,1,0
BRDA:57,9,0,0
BRDA:57,9,1,0
BRDA:58,10,0,0
BRDA:58,10,1,0
BRDA:77,11,0,0
BRDA:104,12,0,0
BRDA:131,13,0,0
BRDA:150,14,0,0
BRDA:156,15,0,0
BRDA:156,16,0,0
BRDA:156,16,1,0
BRDA:185,17,0,0
BRDA:185,17,1,0
BRDA:186,18,0,0
BRDA:186,18,1,0
BRDA:205,19,0,0
BRDA:205,19,1,0
BRDA:206,20,0,0
BRDA:206,20,1,0
BRDA:222,21,0,0
BRDA:226,22,0,0
BRDA:226,22,1,0
BRDA:227,23,0,0
BRDA:227,23,1,0
BRDA:246,24,0,0
BRDA:246,25,0,0
BRDA:246,25,1,0
BRDA:255,26,0,0
BRDA:273,27,0,0
BRDA:279,28,0,0
BRDA:279,28,1,0
BRDA:280,29,0,0
BRDA:280,29,1,0
BRDA:297,30,0,0
BRDA:304,31,0,0
BRDA:315,32,0,0
BRDA:315,32,1,0
BRDA:336,33,0,0
BRDA:336,33,1,0
BRDA:346,34,0,0
BRDA:350,35,0,0
BRDA:351,36,0,0
BRDA:351,37,0,0
BRDA:353,38,0,0
BRDA:353,39,0,0
BRDA:353,39,1,0
BRDA:379,40,0,0
BRDA:379,40,1,0
BRDA:380,41,0,0
BRDA:380,41,1,0
BRDA:387,42,0,0
BRDA:387,42,1,0
BRDA:405,43,0,0
BRDA:405,43,1,0
BRDA:434,44,0,0
BRDA:435,45,0,0
BRDA:436,46,0,0
BRDA:455,47,0,0
BRDA:455,47,1,0
BRDA:456,48,0,0
BRDA:456,48,1,0
BRDA:461,49,0,0
BRDA:461,49,1,0
BRDA:466,50,0,0
BRDA:466,50,1,0
BRF:76
BRH:0
end_of_record
TN:
SF:src/controllers/department.controller.ts
FN:8,(anonymous_0)
FN:13,(anonymous_1)
FN:23,(anonymous_2)
FN:39,(anonymous_3)
FN:58,(anonymous_4)
FN:86,(anonymous_5)
FN:113,(anonymous_6)
FN:136,(anonymous_7)
FNF:8
FNH:1
FNDA:25,(anonymous_0)
FNDA:0,(anonymous_1)
FNDA:0,(anonymous_2)
FNDA:0,(anonymous_3)
FNDA:0,(anonymous_4)
FNDA:0,(anonymous_5)
FNDA:0,(anonymous_6)
FNDA:0,(anonymous_7)
DA:2,25
DA:3,25
DA:5,25
DA:9,25
DA:13,25
DA:14,0
DA:15,0
DA:16,0
DA:18,0
DA:23,25
DA:24,0
DA:25,0
DA:26,0
DA:28,0
DA:29,0
DA:32,0
DA:34,0
DA:39,25
DA:40,0
DA:41,0
DA:44,0
DA:45,0
DA:46,0
DA:49,0
DA:51,0
DA:53,0
DA:58,25
DA:59,0
DA:60,0
DA:61,0
DA:64,0
DA:65,0
DA:66,0
DA:70,0
DA:71,0
DA:72,0
DA:73,0
DA:77,0
DA:79,0
DA:81,0
DA:86,25
DA:87,0
DA:88,0
DA:91,0
DA:92,0
DA:93,0
DA:97,0
DA:98,0
DA:99,0
DA:104,0
DA:106,0
DA:108,0
DA:113,25
DA:114,0
DA:115,0
DA:118,0
DA:119,0
DA:120,0
DA:123,0
DA:125,0
DA:131,0
DA:136,25
DA:137,0
DA:138,0
DA:140,0
DA:142,0
LF:66
LH:11
BRDA:28,0,0,0
BRDA:45,1,0,0
BRDA:65,2,0,0
BRDA:70,3,0,0
BRDA:70,4,0,0
BRDA:70,4,1,0
BRDA:72,5,0,0
BRDA:92,6,0,0
BRDA:98,7,0,0
BRDA:119,8,0,0
BRF:10
BRH:0
end_of_record
TN:
SF:src/controllers/employee.controller.ts
FN:12,(anonymous_0)
FN:18,(anonymous_1)
FN:43,(anonymous_2)
FN:59,(anonymous_3)
FN:101,(anonymous_4)
FN:141,(anonymous_5)
FN:172,(anonymous_6)
FN:194,(anonymous_7)
FN:222,(anonymous_8)
FNF:9
FNH:1
FNDA:25,(anonymous_0)
FNDA:0,(anonymous_1)
FNDA:0,(anonymous_2)
FNDA:0,(anonymous_3)
FNDA:0,(anonymous_4)
FNDA:0,(anonymous_5)
FNDA:0,(anonymous_6)
FNDA:0,(anonymous_7)
FNDA:0,(anonymous_8)
DA:2,25
DA:4,25
DA:5,25
DA:6,25
DA:8,25
DA:13,25
DA:14,25
DA:18,25
DA:19,0
DA:20,0
DA:34,0
DA:36,0
DA:38,0
DA:43,25
DA:44,0
DA:45,0
DA:46,0
DA:48,0
DA:49,0
DA:52,0
DA:54,0
DA:59,25
DA:60,0
DA:61,0
DA:64,0
DA:75,0
DA:76,0
DA:77,0
DA:80,0
DA:83,0
DA:94,0
DA:96,0
DA:101,25
DA:102,0
DA:103,0
DA:104,0
DA:107,0
DA:108,0
DA:109,0
DA:113,0
DA:114,0
DA:115,0
DA:116,0
DA:120,0
DA:123,0
DA:134,0
DA:136,0
DA:141,25
DA:142,0
DA:143,0
DA:146,0
DA:147,0
DA:148,0
DA:151,0
DA:154,0
DA:165,0
DA:167,0
DA:172,25
DA:173,0
DA:174,0
DA:175,0
DA:178,0
DA:179,0
DA:181,0
DA:182,0
DA:185,0
DA:187,0
DA:189,0
DA:194,25
DA:195,0
DA:196,0
DA:210,0
DA:211,0
DA:213,0
DA:214,0
DA:215,0
DA:217,0
DA:222,25
DA:223,0
DA:224,0
DA:226,0
DA:228,0
LF:82
LH:15
BRDA:21,0,0,0
BRDA:21,0,1,0
BRDA:22,1,0,0
BRDA:22,1,1,0
BRDA:24,2,0,0
BRDA:24,2,1,0
BRDA:27,3,0,0
BRDA:27,3,1,0
BRDA:28,4,0,0
BRDA:28,4,1,0
BRDA:29,5,0,0
BRDA:29,5,1,0
BRDA:30,6,0,0
BRDA:30,6,1,0
BRDA:31,7,0,0
BRDA:31,7,1,0
BRDA:48,8,0,0
BRDA:71,9,0,0
BRDA:71,9,1,0
BRDA:76,10,0,0
BRDA:108,11,0,0
BRDA:113,12,0,0
BRDA:113,13,0,0
BRDA:113,13,1,0
BRDA:115,14,0,0
BRDA:147,15,0,0
BRDA:174,16,0,0
BRDA:181,17,0,0
BRDA:181,18,0,0
BRDA:181,18,1,0
BRDA:200,19,0,0
BRDA:200,19,1,0
BRDA:203,20,0,0
BRDA:203,20,1,0
BRDA:204,21,0,0
BRDA:204,21,1,0
BRDA:205,22,0,0
BRDA:205,22,1,0
BRDA:206,23,0,0
BRDA:206,23,1,0
BRDA:207,24,0,0
BRDA:207,24,1,0
BRF:42
BRH:0
end_of_record
TN:
SF:src/controllers/exportController.ts
FN:10,(anonymous_1)
FN:19,(anonymous_2)
FN:114,(anonymous_3)
FN:117,(anonymous_4)
FN:118,(anonymous_5)
FN:186,(anonymous_6)
FN:258,(anonymous_7)
FN:261,(anonymous_8)
FN:262,(anonymous_9)
FN:321,(anonymous_10)
FN:406,(anonymous_11)
FN:409,(anonymous_12)
FN:410,(anonymous_13)
FN:491,(anonymous_14)
FN:586,(anonymous_15)
FN:590,(anonymous_16)
FN:606,(anonymous_17)
FN:607,(anonymous_18)
FN:633,(anonymous_19)
FN:644,(anonymous_20)
FN:648,(anonymous_21)
FN:677,(anonymous_22)
FN:731,(anonymous_23)
FN:732,(anonymous_24)
FN:757,(anonymous_25)
FN:758,(anonymous_26)
FN:786,(anonymous_27)
FN:808,(anonymous_28)
FN:836,(anonymous_29)
FN:862,(anonymous_30)
FN:950,(anonymous_31)
FN:1036,(anonymous_32)
FN:1053,(anonymous_33)
FN:1070,(anonymous_34)
FNF:34
FNH:1
FNDA:4,(anonymous_1)
FNDA:0,(anonymous_2)
FNDA:0,(anonymous_3)
FNDA:0,(anonymous_4)
FNDA:0,(anonymous_5)
FNDA:0,(anonymous_6)
FNDA:0,(anonymous_7)
FNDA:0,(anonymous_8)
FNDA:0,(anonymous_9)
FNDA:0,(anonymous_10)
FNDA:0,(anonymous_11)
FNDA:0,(anonymous_12)
FNDA:0,(anonymous_13)
FNDA:0,(anonymous_14)
FNDA:0,(anonymous_15)
FNDA:0,(anonymous_16)
FNDA:0,(anonymous_17)
FNDA:0,(anonymous_18)
FNDA:0,(anonymous_19)
FNDA:0,(anonymous_20)
FNDA:0,(anonymous_21)
FNDA:0,(anonymous_22)
FNDA:0,(anonymous_23)
FNDA:0,(anonymous_24)
FNDA:0,(anonymous_25)
FNDA:0,(anonymous_26)
FNDA:0,(anonymous_27)
FNDA:0,(anonymous_28)
FNDA:0,(anonymous_29)
FNDA:0,(anonymous_30)
FNDA:0,(anonymous_31)
FNDA:0,(anonymous_32)
FNDA:0,(anonymous_33)
FNDA:0,(anonymous_34)
DA:3,25
DA:4,25
DA:5,25
DA:7,25
DA:11,4
DA:12,4
DA:13,4
DA:20,0
DA:21,0
DA:22,0
DA:23,0
DA:28,0
DA:34,0
DA:37,0
DA:38,0
DA:40,0
DA:41,0
DA:42,0
DA:45,0
DA:46,0
DA:47,0
DA:50,0
DA:51,0
DA:52,0
DA:60,0
DA:62,0
DA:84,0
DA:85,0
DA:86,0
DA:89,0
DA:90,0
DA:91,0
DA:92,0
DA:94,0
DA:95,0
DA:98,0
DA:114,0
DA:117,0
DA:118,0
DA:121,0
DA:123,0
DA:124,0
DA:126,0
DA:127,0
DA:129,0
DA:130,0
DA:132,0
DA:133,0
DA:135,0
DA:136,0
DA:138,0
DA:139,0
DA:141,0
DA:142,0
DA:144,0
DA:145,0
DA:147,0
DA:151,0
DA:152,0
DA:155,0
DA:156,0
DA:157,0
DA:160,0
DA:164,0
DA:165,0
DA:166,0
DA:168,0
DA:169,0
DA:170,0
DA:172,0
DA:174,0
DA:175,0
DA:187,0
DA:188,0
DA:189,0
DA:190,0
DA:195,0
DA:201,0
DA:204,0
DA:205,0
DA:207,0
DA:208,0
DA:209,0
DA:212,0
DA:213,0
DA:214,0
DA:220,0
DA:222,0
DA:241,0
DA:242,0
DA:245,0
DA:258,0
DA:261,0
DA:262,0
DA:265,0
DA:267,0
DA:268,0
DA:270,0
DA:271,0
DA:273,0
DA:274,0
DA:276,0
DA:277,0
DA:279,0
DA:280,0
DA:282,0
DA:286,0
DA:287,0
DA:290,0
DA:291,0
DA:292,0
DA:295,0
DA:299,0
DA:300,0
DA:301,0
DA:303,0
DA:304,0
DA:305,0
DA:307,0
DA:309,0
DA:310,0
DA:322,0
DA:323,0
DA:324,0
DA:325,0
DA:330,0
DA:336,0
DA:339,0
DA:340,0
DA:342,0
DA:343,0
DA:344,0
DA:347,0
DA:348,0
DA:349,0
DA:352,0
DA:353,0
DA:354,0
DA:357,0
DA:359,0
DA:385,0
DA:386,0
DA:389,0
DA:406,0
DA:409,0
DA:410,0
DA:413,0
DA:415,0
DA:416,0
DA:418,0
DA:419,0
DA:421,0
DA:422,0
DA:425,0
DA:426,0
DA:427,0
DA:428,0
DA:430,0
DA:432,0
DA:434,0
DA:435,0
DA:437,0
DA:438,0
DA:440,0
DA:441,0
DA:443,0
DA:444,0
DA:446,0
DA:447,0
DA:449,0
DA:450,0
DA:452,0
DA:456,0
DA:457,0
DA:460,0
DA:461,0
DA:462,0
DA:465,0
DA:469,0
DA:470,0
DA:471,0
DA:473,0
DA:474,0
DA:475,0
DA:477,0
DA:479,0
DA:480,0
DA:492,0
DA:493,0
DA:494,0
DA:495,0
DA:500,0
DA:508,0
DA:511,0
DA:512,0
DA:514,0
DA:515,0
DA:516,0
DA:519,0
DA:520,0
DA:521,0
DA:524,0
DA:525,0
DA:526,0
DA:534,0
DA:536,0
DA:558,0
DA:559,0
DA:562,0
DA:563,0
DA:564,0
DA:567,0
DA:570,0
DA:586,0
DA:587,0
DA:590,0
DA:591,0
DA:592,0
DA:597,0
DA:606,0
DA:607,0
DA:608,0
DA:610,0
DA:612,0
DA:614,0
DA:616,0
DA:618,0
DA:620,0
DA:622,0
DA:624,0
DA:626,0
DA:630,0
DA:633,0
DA:634,0
DA:644,0
DA:645,0
DA:646,0
DA:648,0
DA:650,0
DA:655,0
DA:656,0
DA:657,0
DA:659,0
DA:660,0
DA:661,0
DA:663,0
DA:665,0
DA:666,0
DA:678,0
DA:679,0
DA:680,0
DA:681,0
DA:686,0
DA:695,0
DA:698,0
DA:699,0
DA:701,0
DA:702,0
DA:703,0
DA:706,0
DA:708,0
DA:724,0
DA:725,0
DA:728,0
DA:729,0
DA:731,0
DA:732,0
DA:733,0
DA:734,0
DA:735,0
DA:737,0
DA:738,0
DA:739,0
DA:741,0
DA:745,0
DA:746,0
DA:747,0
DA:749,0
DA:750,0
DA:754,0
DA:756,0
DA:757,0
DA:758,0
DA:760,0
DA:761,0
DA:762,0
DA:763,0
DA:764,0
DA:767,0
DA:768,0
DA:771,0
DA:772,0
DA:773,0
DA:774,0
DA:775,0
DA:776,0
DA:777,0
DA:779,0
DA:782,0
DA:783,0
DA:786,0
DA:787,0
DA:788,0
DA:789,0
DA:792,0
DA:793,0
DA:794,0
DA:795,0
DA:796,0
DA:797,0
DA:799,0
DA:803,0
DA:804,0
DA:805,0
DA:806,0
DA:808,0
DA:809,0
DA:810,0
DA:811,0
DA:814,0
DA:815,0
DA:816,0
DA:817,0
DA:819,0
DA:820,0
DA:821,0
DA:822,0
DA:827,0
DA:828,0
DA:829,0
DA:830,0
DA:832,0
DA:833,0
DA:834,0
DA:836,0
DA:837,0
DA:838,0
DA:839,0
DA:840,0
DA:846,0
DA:848,0
DA:850,0
DA:851,0
DA:863,0
DA:864,0
DA:865,0
DA:866,0
DA:871,0
DA:881,0
DA:884,0
DA:887,0
DA:889,0
DA:890,0
DA:892,0
DA:893,0
DA:895,0
DA:896,0
DA:898,0
DA:902,0
DA:909,0
DA:918,0
DA:919,0
DA:921,0
DA:938,0
DA:939,0
DA:951,0
DA:952,0
DA:953,0
DA:954,0
DA:959,0
DA:962,0
DA:964,0
DA:966,0
DA:967,0
DA:973,0
DA:975,0
DA:976,0
DA:978,0
DA:979,0
DA:981,0
DA:982,0
DA:984,0
DA:987,0
DA:995,0
DA:1005,0
DA:1011,0
DA:1018,0
DA:1024,0
DA:1025,0
DA:1040,0
DA:1057,0
DA:1074,0
LF:392
LH:7
BRDA:22,0,0,0
BRDA:32,1,0,0
BRDA:33,2,0,0
BRDA:40,3,0,0
BRDA:40,4,0,0
BRDA:40,4,1,0
BRDA:45,5,0,0
BRDA:50,6,0,0
BRDA:85,7,0,0
BRDA:90,8,0,0
BRDA:114,9,0,0
BRDA:114,9,1,0
BRDA:121,10,0,0
BRDA:121,10,1,0
BRDA:121,10,2,0
BRDA:121,10,3,0
BRDA:121,10,4,0
BRDA:121,10,5,0
BRDA:121,10,6,0
BRDA:121,10,7,0
BRDA:121,10,8,0
BRDA:138,11,0,0
BRDA:138,11,1,0
BRDA:141,12,0,0
BRDA:141,12,1,0
BRDA:144,13,0,0
BRDA:144,13,1,0
BRDA:151,14,0,0
BRDA:151,15,0,0
BRDA:151,15,1,0
BRDA:156,16,0,0
BRDA:156,17,0,0
BRDA:156,17,1,0
BRDA:156,17,2,0
BRDA:189,18,0,0
BRDA:199,19,0,0
BRDA:200,20,0,0
BRDA:207,21,0,0
BRDA:207,22,0,0
BRDA:207,22,1,0
BRDA:212,23,0,0
BRDA:258,24,0,0
BRDA:258,24,1,0
BRDA:265,25,0,0
BRDA:265,25,1,0
BRDA:265,25,2,0
BRDA:265,25,3,0
BRDA:265,25,4,0
BRDA:265,25,5,0
BRDA:267,26,0,0
BRDA:267,26,1,0
BRDA:270,27,0,0
BRDA:270,27,1,0
BRDA:273,28,0,0
BRDA:273,28,1,0
BRDA:276,29,0,0
BRDA:276,29,1,0
BRDA:279,30,0,0
BRDA:279,30,1,0
BRDA:286,31,0,0
BRDA:286,32,0,0
BRDA:286,32,1,0
BRDA:291,33,0,0
BRDA:291,34,0,0
BRDA:291,34,1,0
BRDA:291,34,2,0
BRDA:324,35,0,0
BRDA:334,36,0,0
BRDA:335,37,0,0
BRDA:342,38,0,0
BRDA:347,39,0,0
BRDA:352,40,0,0
BRDA:352,41,0,0
BRDA:352,41,1,0
BRDA:406,42,0,0
BRDA:406,42,1,0
BRDA:413,43,0,0
BRDA:413,43,1,0
BRDA:413,43,2,0
BRDA:413,43,3,0
BRDA:413,43,4,0
BRDA:413,43,5,0
BRDA:413,43,6,0
BRDA:413,43,7,0
BRDA:413,43,8,0
BRDA:413,43,9,0
BRDA:413,43,10,0
BRDA:425,44,0,0
BRDA:425,44,1,0
BRDA:427,45,0,0
BRDA:427,45,1,0
BRDA:434,46,0,0
BRDA:434,46,1,0
BRDA:437,47,0,0
BRDA:437,47,1,0
BRDA:440,48,0,0
BRDA:440,48,1,0
BRDA:443,49,0,0
BRDA:443,49,1,0
BRDA:446,50,0,0
BRDA:446,50,1,0
BRDA:449,51,0,0
BRDA:449,51,1,0
BRDA:456,52,0,0
BRDA:456,53,0,0
BRDA:456,53,1,0
BRDA:461,54,0,0
BRDA:461,55,0,0
BRDA:461,55,1,0
BRDA:461,55,2,0
BRDA:494,56,0,0
BRDA:504,57,0,0
BRDA:507,58,0,0
BRDA:514,59,0,0
BRDA:514,60,0,0
BRDA:514,60,1,0
BRDA:519,61,0,0
BRDA:524,62,0,0
BRDA:586,63,0,0
BRDA:586,63,1,0
BRDA:608,64,0,0
BRDA:608,64,1,0
BRDA:608,64,2,0
BRDA:608,64,3,0
BRDA:608,64,4,0
BRDA:608,64,5,0
BRDA:608,64,6,0
BRDA:608,64,7,0
BRDA:608,64,8,0
BRDA:620,65,0,0
BRDA:620,65,1,0
BRDA:622,66,0,0
BRDA:622,66,1,0
BRDA:624,67,0,0
BRDA:624,67,1,0
BRDA:645,68,0,0
BRDA:648,69,0,0
BRDA:648,69,1,0
BRDA:648,70,0,0
BRDA:648,70,1,0
BRDA:680,71,0,0
BRDA:691,72,0,0
BRDA:692,73,0,0
BRDA:693,74,0,0
BRDA:694,75,0,0
BRDA:701,76,0,0
BRDA:749,77,0,0
BRDA:787,78,0,0
BRDA:803,79,0,0
BRDA:803,80,0,0
BRDA:803,80,1,0
BRDA:809,81,0,0
BRDA:827,82,0,0
BRDA:827,83,0,0
BRDA:827,83,1,0
BRDA:838,84,0,0
BRDA:865,85,0,0
BRDA:887,86,0,0
BRDA:887,86,1,0
BRDA:887,86,2,0
BRDA:887,86,3,0
BRDA:914,87,0,0
BRDA:914,87,1,0
BRDA:953,88,0,0
BRDA:973,89,0,0
BRDA:973,89,1,0
BRDA:973,89,2,0
BRDA:973,89,3,0
BRDA:991,90,0,0
BRDA:991,90,1,0
BRF:170
BRH:0
end_of_record
TN:
SF:src/controllers/notification.controller.ts
FN:11,(anonymous_0)
FN:20,(anonymous_1)
FN:86,(anonymous_2)
FN:123,(anonymous_3)
FN:169,(anonymous_4)
FN:233,(anonymous_5)
FN:269,(anonymous_6)
FN:299,(anonymous_7)
FN:342,(anonymous_8)
FN:371,(anonymous_9)
FN:404,(anonymous_10)
FN:445,(anonymous_11)
FN:497,(anonymous_12)
FN:530,(anonymous_13)
FN:571,(anonymous_14)
FNF:15
FNH:1
FNDA:25,(anonymous_0)
FNDA:0,(anonymous_1)
FNDA:0,(anonymous_2)
FNDA:0,(anonymous_3)
FNDA:0,(anonymous_4)
FNDA:0,(anonymous_5)
FNDA:0,(anonymous_6)
FNDA:0,(anonymous_7)
FNDA:0,(anonymous_8)
FNDA:0,(anonymous_9)
FNDA:0,(anonymous_10)
FNDA:0,(anonymous_11)
FNDA:0,(anonymous_12)
FNDA:0,(anonymous_13)
FNDA:0,(anonymous_14)
DA:2,25
DA:3,25
DA:5,25
DA:12,25
DA:13,25
DA:20,25
DA:21,0
DA:22,0
DA:23,0
DA:24,0
DA:25,0
DA:36,0
DA:38,0
DA:39,0
DA:40,0
DA:42,0
DA:43,0
DA:44,0
DA:47,0
DA:48,0
DA:49,0
DA:52,0
DA:53,0
DA:54,0
DA:57,0
DA:58,0
DA:61,0
DA:62,0
DA:63,0
DA:64,0
DA:67,0
DA:79,0
DA:81,0
DA:87,0
DA:88,0
DA:92,0
DA:97,0
DA:111,0
DA:112,0
DA:123,25
DA:124,0
DA:125,0
DA:126,0
DA:128,0
DA:129,0
DA:130,0
DA:133,0
DA:143,0
DA:144,0
DA:148,0
DA:151,0
DA:157,0
DA:158,0
DA:169,25
DA:170,0
DA:171,0
DA:172,0
DA:173,0
DA:174,0
DA:188,0
DA:191,0
DA:192,0
DA:196,0
DA:199,0
DA:207,0
DA:208,0
DA:209,0
DA:210,0
DA:211,0
DA:213,0
DA:215,0
DA:221,0
DA:222,0
DA:233,25
DA:234,0
DA:235,0
DA:236,0
DA:238,0
DA:239,0
DA:240,0
DA:243,0
DA:244,0
DA:245,0
DA:249,0
DA:251,0
DA:257,0
DA:258,0
DA:269,25
DA:270,0
DA:271,0
DA:273,0
DA:274,0
DA:275,0
DA:278,0
DA:280,0
DA:287,0
DA:288,0
DA:299,25
DA:300,0
DA:301,0
DA:302,0
DA:303,0
DA:304,0
DA:306,0
DA:307,0
DA:308,0
DA:311,0
DA:312,0
DA:313,0
DA:317,0
DA:324,0
DA:330,0
DA:331,0
DA:342,25
DA:343,0
DA:344,0
DA:346,0
DA:347,0
DA:348,0
DA:351,0
DA:353,0
DA:359,0
DA:360,0
DA:371,25
DA:372,0
DA:373,0
DA:375,0
DA:376,0
DA:377,0
DA:380,0
DA:385,0
DA:392,0
DA:393,0
DA:404,25
DA:405,0
DA:406,0
DA:408,0
DA:409,0
DA:410,0
DA:413,0
DA:426,0
DA:433,0
DA:434,0
DA:445,25
DA:446,0
DA:447,0
DA:449,0
DA:450,0
DA:451,0
DA:454,0
DA:468,0
DA:476,0
DA:485,0
DA:486,0
DA:497,25
DA:498,0
DA:499,0
DA:501,0
DA:502,0
DA:503,0
DA:506,0
DA:508,0
DA:518,0
DA:519,0
DA:530,25
DA:531,0
DA:532,0
DA:534,0
DA:535,0
DA:536,0
DA:539,0
DA:553,0
DA:559,0
DA:560,0
DA:571,25
DA:572,0
DA:573,0
DA:574,0
DA:576,0
DA:577,0
DA:578,0
DA:581,0
DA:587,0
DA:588,0
DA:592,0
DA:595,0
DA:601,0
DA:602,0
LF:188
LH:18
BRDA:23,0,0,0
BRDA:30,1,0,0
BRDA:31,2,0,0
BRDA:32,3,0,0
BRDA:42,4,0,0
BRDA:47,5,0,0
BRDA:52,6,0,0
BRDA:57,7,0,0
BRDA:61,8,0,0
BRDA:88,9,0,0
BRDA:88,9,1,0
BRDA:102,10,0,0
BRDA:102,10,1,0
BRDA:105,11,0,0
BRDA:105,11,1,0
BRDA:128,12,0,0
BRDA:143,13,0,0
BRDA:172,14,0,0
BRDA:179,15,0,0
BRDA:183,16,0,0
BRDA:184,17,0,0
BRDA:185,18,0,0
BRDA:191,19,0,0
BRDA:191,20,0,0
BRDA:191,20,1,0
BRDA:191,20,2,0
BRDA:191,20,3,0
BRDA:207,21,0,0
BRDA:208,22,0,0
BRDA:209,23,0,0
BRDA:210,24,0,0
BRDA:211,25,0,0
BRDA:238,26,0,0
BRDA:238,27,0,0
BRDA:238,27,1,0
BRDA:243,28,0,0
BRDA:273,29,0,0
BRDA:306,30,0,0
BRDA:306,31,0,0
BRDA:306,31,1,0
BRDA:311,32,0,0
BRDA:311,33,0,0
BRDA:311,33,1,0
BRDA:346,34,0,0
BRDA:375,35,0,0
BRDA:408,36,0,0
BRDA:449,37,0,0
BRDA:501,38,0,0
BRDA:534,39,0,0
BRDA:576,40,0,0
BRDA:587,41,0,0
BRF:51
BRH:0
end_of_record
TN:
SF:src/controllers/project-tasks.controller.ts
FN:12,(anonymous_0)
FN:19,(anonymous_1)
FN:23,(anonymous_2)
FN:27,(anonymous_3)
FN:31,(anonymous_4)
FN:35,(anonymous_5)
FN:39,(anonymous_6)
FN:43,(anonymous_7)
FN:47,(anonymous_8)
FN:51,(anonymous_9)
FN:55,(anonymous_10)
FN:59,(anonymous_11)
FN:64,(anonymous_12)
FN:68,(anonymous_13)
FN:72,(anonymous_14)
FN:76,(anonymous_15)
FN:80,(anonymous_16)
FN:84,(anonymous_17)
FN:88,(anonymous_18)
FN:92,(anonymous_19)
FN:96,(anonymous_20)
FN:100,(anonymous_21)
FN:104,(anonymous_22)
FNF:23
FNH:0
FNDA:0,(anonymous_0)
FNDA:0,(anonymous_1)
FNDA:0,(anonymous_2)
FNDA:0,(anonymous_3)
FNDA:0,(anonymous_4)
FNDA:0,(anonymous_5)
FNDA:0,(anonymous_6)
FNDA:0,(anonymous_7)
FNDA:0,(anonymous_8)
FNDA:0,(anonymous_9)
FNDA:0,(anonymous_10)
FNDA:0,(anonymous_11)
FNDA:0,(anonymous_12)
FNDA:0,(anonymous_13)
FNDA:0,(anonymous_14)
FNDA:0,(anonymous_15)
FNDA:0,(anonymous_16)
FNDA:0,(anonymous_17)
FNDA:0,(anonymous_18)
FNDA:0,(anonymous_19)
FNDA:0,(anonymous_20)
FNDA:0,(anonymous_21)
FNDA:0,(anonymous_22)
DA:2,0
DA:3,0
DA:11,0
DA:19,0
DA:20,0
DA:23,0
DA:24,0
DA:27,0
DA:28,0
DA:31,0
DA:32,0
DA:35,0
DA:36,0
DA:39,0
DA:40,0
DA:43,0
DA:44,0
DA:47,0
DA:48,0
DA:51,0
DA:52,0
DA:55,0
DA:56,0
DA:59,0
DA:60,0
DA:64,0
DA:65,0
DA:68,0
DA:69,0
DA:72,0
DA:73,0
DA:76,0
DA:77,0
DA:80,0
DA:81,0
DA:84,0
DA:85,0
DA:88,0
DA:89,0
DA:92,0
DA:93,0
DA:96,0
DA:97,0
DA:100,0
DA:101,0
DA:104,0
DA:105,0
DA:109,0
LF:48
LH:0
BRF:0
BRH:0
end_of_record
TN:
SF:src/controllers/project-template.controller.ts
FN:8,(anonymous_0)
FN:15,(anonymous_1)
FN:31,(anonymous_2)
FN:51,(anonymous_3)
FN:70,(anonymous_4)
FN:98,(anonymous_5)
FN:119,(anonymous_6)
FN:166,(anonymous_7)
FN:179,(anonymous_8)
FN:191,(anonymous_9)
FN:209,(anonymous_10)
FN:227,(anonymous_11)
FN:255,(anonymous_12)
FN:272,(anonymous_13)
FN:289,(anonymous_14)
FN:323,(anonymous_15)
FN:334,(anonymous_16)
FN:351,(anonymous_17)
FN:394,(anonymous_18)
FN:413,(anonymous_19)
FN:418,(anonymous_20)
FN:423,(anonymous_21)
FN:430,(anonymous_22)
FN:435,(anonymous_23)
FN:440,(anonymous_24)
FN:451,(anonymous_25)
FN:452,(anonymous_26)
FN:453,(anonymous_27)
FN:455,(anonymous_28)
FNF:29
FNH:1
FNDA:25,(anonymous_0)
FNDA:0,(anonymous_1)
FNDA:0,(anonymous_2)
FNDA:0,(anonymous_3)
FNDA:0,(anonymous_4)
FNDA:0,(anonymous_5)
FNDA:0,(anonymous_6)
FNDA:0,(anonymous_7)
FNDA:0,(anonymous_8)
FNDA:0,(anonymous_9)
FNDA:0,(anonymous_10)
FNDA:0,(anonymous_11)
FNDA:0,(anonymous_12)
FNDA:0,(anonymous_13)
FNDA:0,(anonymous_14)
FNDA:0,(anonymous_15)
FNDA:0,(anonymous_16)
FNDA:0,(anonymous_17)
FNDA:0,(anonymous_18)
FNDA:0,(anonymous_19)
FNDA:0,(anonymous_20)
FNDA:0,(anonymous_21)
FNDA:0,(anonymous_22)
FNDA:0,(anonymous_23)
FNDA:0,(anonymous_24)
FNDA:0,(anonymous_25)
FNDA:0,(anonymous_26)
FNDA:0,(anonymous_27)
FNDA:0,(anonymous_28)
DA:2,25
DA:3,25
DA:5,25
DA:9,25
DA:15,25
DA:16,0
DA:17,0
DA:18,0
DA:19,0
DA:21,0
DA:22,0
DA:31,25
DA:32,0
DA:33,0
DA:34,0
DA:36,0
DA:37,0
DA:38,0
DA:41,0
DA:42,0
DA:51,25
DA:52,0
DA:53,0
DA:55,0
DA:56,0
DA:57,0
DA:60,0
DA:61,0
DA:70,25
DA:71,0
DA:72,0
DA:73,0
DA:75,0
DA:76,0
DA:77,0
DA:80,0
DA:81,0
DA:85,0
DA:88,0
DA:89,0
DA:98,25
DA:99,0
DA:100,0
DA:102,0
DA:103,0
DA:107,0
DA:110,0
DA:119,25
DA:132,0
DA:134,0
DA:135,0
DA:136,0
DA:137,0
DA:138,0
DA:139,0
DA:140,0
DA:141,0
DA:142,0
DA:143,0
DA:145,0
DA:151,0
DA:166,25
DA:167,0
DA:168,0
DA:170,0
DA:179,25
DA:180,0
DA:182,0
DA:191,25
DA:192,0
DA:193,0
DA:194,0
DA:195,0
DA:197,0
DA:198,0
DA:200,0
DA:209,25
DA:210,0
DA:211,0
DA:212,0
DA:213,0
DA:215,0
DA:216,0
DA:218,0
DA:227,25
DA:228,0
DA:229,0
DA:230,0
DA:231,0
DA:233,0
DA:234,0
DA:236,0
DA:237,0
DA:241,0
DA:244,0
DA:246,0
DA:255,25
DA:256,0
DA:257,0
DA:258,0
DA:259,0
DA:261,0
DA:262,0
DA:264,0
DA:265,0
DA:266,0
DA:272,25
DA:273,0
DA:274,0
DA:275,0
DA:276,0
DA:278,0
DA:280,0
DA:289,25
DA:290,0
DA:291,0
DA:292,0
DA:296,0
DA:299,0
DA:301,0
DA:302,0
DA:308,0
DA:323,25
DA:324,0
DA:326,0
DA:327,0
DA:334,0
DA:336,0
DA:351,25
DA:352,0
DA:353,0
DA:354,0
DA:356,0
DA:357,0
DA:358,0
DA:361,0
DA:362,0
DA:363,0
DA:367,0
DA:370,0
DA:380,0
DA:381,0
DA:383,0
DA:385,0
DA:394,25
DA:395,0
DA:396,0
DA:398,0
DA:399,0
DA:400,0
DA:404,0
DA:408,0
DA:409,0
DA:411,0
DA:412,0
DA:413,0
DA:414,0
DA:417,0
DA:418,0
DA:419,0
DA:422,0
DA:423,0
DA:429,0
DA:430,0
DA:431,0
DA:434,0
DA:435,0
DA:436,0
DA:439,0
DA:440,0
DA:447,0
DA:452,0
DA:453,0
DA:455,0
DA:458,0
LF:175
LH:21
BRDA:17,0,0,0
BRDA:17,1,0,0
BRDA:17,1,1,0
BRDA:21,2,0,0
BRDA:21,2,1,0
BRDA:36,3,0,0
BRDA:36,4,0,0
BRDA:36,4,1,0
BRDA:41,5,0,0
BRDA:41,5,1,0
BRDA:55,6,0,0
BRDA:55,7,0,0
BRDA:55,7,1,0
BRDA:75,8,0,0
BRDA:75,9,0,0
BRDA:75,9,1,0
BRDA:80,10,0,0
BRDA:102,11,0,0
BRDA:130,12,0,0
BRDA:131,13,0,0
BRDA:135,14,0,0
BRDA:136,15,0,0
BRDA:137,16,0,0
BRDA:138,17,0,0
BRDA:139,18,0,0
BRDA:139,19,0,0
BRDA:139,19,1,0
BRDA:140,20,0,0
BRDA:141,21,0,0
BRDA:142,22,0,0
BRDA:143,23,0,0
BRDA:167,24,0,0
BRDA:193,25,0,0
BRDA:193,26,0,0
BRDA:193,26,1,0
BRDA:211,27,0,0
BRDA:211,28,0,0
BRDA:211,28,1,0
BRDA:229,29,0,0
BRDA:229,30,0,0
BRDA:229,30,1,0
BRDA:236,31,0,0
BRDA:236,32,0,0
BRDA:236,32,1,0
BRDA:236,32,2,0
BRDA:257,33,0,0
BRDA:257,34,0,0
BRDA:257,34,1,0
BRDA:274,35,0,0
BRDA:274,36,0,0
BRDA:274,36,1,0
BRDA:291,37,0,0
BRDA:291,38,0,0
BRDA:291,38,1,0
BRDA:299,39,0,0
BRDA:299,40,0,0
BRDA:324,41,0,0
BRDA:324,42,0,0
BRDA:356,43,0,0
BRDA:356,44,0,0
BRDA:356,44,1,0
BRDA:362,45,0,0
BRDA:372,46,0,0
BRDA:372,46,1,0
BRDA:399,47,0,0
BRDA:411,48,0,0
BRDA:412,49,0,0
BRDA:417,50,0,0
BRDA:422,51,0,0
BRDA:429,52,0,0
BRDA:434,53,0,0
BRDA:439,54,0,0
BRDA:453,55,0,0
BRDA:453,55,1,0
BRF:74
BRH:0
end_of_record
TN:
SF:src/controllers/project.controller.ts
FN:13,(anonymous_0)
FN:19,(anonymous_1)
FN:60,(anonymous_2)
FN:91,(anonymous_3)
FN:115,(anonymous_4)
FN:117,(anonymous_5)
FN:126,(anonymous_6)
FN:160,(anonymous_7)
FN:187,(anonymous_8)
FN:221,(anonymous_9)
FN:240,(anonymous_10)
FN:273,(anonymous_11)
FNF:12
FNH:1
FNDA:25,(anonymous_0)
FNDA:0,(anonymous_1)
FNDA:0,(anonymous_2)
FNDA:0,(anonymous_3)
FNDA:0,(anonymous_4)
FNDA:0,(anonymous_5)
FNDA:0,(anonymous_6)
FNDA:0,(anonymous_7)
FNDA:0,(anonymous_8)
FNDA:0,(anonymous_9)
FNDA:0,(anonymous_10)
FNDA:0,(anonymous_11)
DA:2,25
DA:3,25
DA:4,25
DA:5,25
DA:8,25
DA:14,25
DA:15,25
DA:16,25
DA:19,25
DA:20,0
DA:22,0
DA:34,0
DA:36,0
DA:39,0
DA:50,0
DA:56,0
DA:60,25
DA:61,0
DA:62,0
DA:71,0
DA:78,0
DA:80,0
DA:87,0
DA:91,25
DA:92,0
DA:93,0
DA:94,0
DA:95,0
DA:98,0
DA:99,0
DA:100,0
DA:104,0
DA:105,0
DA:107,0
DA:115,0
DA:117,0
DA:122,0
DA:126,25
DA:127,0
DA:129,0
DA:130,0
DA:131,0
DA:134,0
DA:146,0
DA:148,0
DA:150,0
DA:156,0
DA:160,25
DA:161,0
DA:162,0
DA:163,0
DA:164,0
DA:168,0
DA:169,0
DA:170,0
DA:173,0
DA:175,0
DA:177,0
DA:182,0
DA:187,25
DA:188,0
DA:190,0
DA:191,0
DA:192,0
DA:195,0
DA:209,0
DA:211,0
DA:217,0
DA:221,25
DA:222,0
DA:223,0
DA:224,0
DA:225,0
DA:228,0
DA:230,0
DA:235,0
DA:240,25
DA:241,0
DA:243,0
DA:244,0
DA:245,0
DA:248,0
DA:261,0
DA:263,0
DA:269,0
DA:273,25
DA:274,0
DA:275,0
DA:276,0
DA:277,0
DA:280,0
DA:282,0
DA:287,0
LF:93
LH:17
BRDA:28,0,0,0
BRDA:28,0,1,0
BRDA:29,1,0,0
BRDA:29,1,1,0
BRDA:72,2,0,0
BRDA:72,2,1,0
BRDA:73,3,0,0
BRDA:73,3,1,0
BRDA:74,4,0,0
BRDA:74,4,1,0
BRDA:75,5,0,0
BRDA:75,5,1,0
BRDA:93,6,0,0
BRDA:93,6,1,0
BRDA:94,7,0,0
BRDA:99,8,0,0
BRDA:117,9,0,0
BRDA:117,9,1,0
BRDA:129,10,0,0
BRDA:129,10,1,0
BRDA:130,11,0,0
BRDA:162,12,0,0
BRDA:162,12,1,0
BRDA:163,13,0,0
BRDA:169,14,0,0
BRDA:190,15,0,0
BRDA:190,15,1,0
BRDA:191,16,0,0
BRDA:199,17,0,0
BRDA:199,17,1,0
BRDA:206,18,0,0
BRDA:206,18,1,0
BRDA:223,19,0,0
BRDA:223,19,1,0
BRDA:224,20,0,0
BRDA:243,21,0,0
BRDA:243,21,1,0
BRDA:244,22,0,0
BRDA:252,23,0,0
BRDA:252,23,1,0
BRDA:257,24,0,0
BRDA:257,24,1,0
BRDA:275,25,0,0
BRDA:275,25,1,0
BRDA:276,26,0,0
BRF:45
BRH:0
end_of_record
TN:
SF:src/controllers/resource.controller.ts
FN:10,(anonymous_0)
FN:207,(anonymous_1)
FN:209,(anonymous_2)
FN:210,(anonymous_3)
FN:212,(anonymous_4)
FN:215,(anonymous_5)
FN:216,(anonymous_6)
FN:237,(anonymous_7)
FN:238,(anonymous_8)
FN:252,(anonymous_9)
FN:253,(anonymous_10)
FN:260,(anonymous_11)
FN:261,(anonymous_12)
FN:262,(anonymous_13)
FN:264,(anonymous_14)
FN:283,(anonymous_15)
FN:287,(anonymous_16)
FN:288,(anonymous_17)
FN:290,(anonymous_18)
FN:296,(anonymous_19)
FN:297,(anonymous_20)
FN:301,(anonymous_21)
FN:302,(anonymous_22)
FN:303,(anonymous_23)
FN:335,(anonymous_24)
FN:346,(anonymous_25)
FN:366,(anonymous_26)
FN:370,(anonymous_27)
FN:379,(anonymous_28)
FN:381,(anonymous_29)
FN:403,(anonymous_30)
FN:405,(anonymous_31)
FN:415,(anonymous_32)
FN:419,(anonymous_33)
FN:420,(anonymous_34)
FN:421,(anonymous_35)
FN:424,(anonymous_36)
FN:430,(anonymous_37)
FN:431,(anonymous_38)
FN:432,(anonymous_39)
FN:439,(anonymous_40)
FN:440,(anonymous_41)
FN:446,(anonymous_42)
FN:447,(anonymous_43)
FN:448,(anonymous_44)
FN:464,(anonymous_45)
FN:466,(anonymous_46)
FN:482,(anonymous_47)
FN:17,(anonymous_48)
FN:56,(anonymous_49)
FN:82,(anonymous_50)
FN:116,(anonymous_51)
FN:130,(anonymous_52)
FN:133,(anonymous_53)
FN:148,(anonymous_54)
FN:173,(anonymous_55)
FNF:56
FNH:0
FNDA:0,(anonymous_0)
FNDA:0,(anonymous_1)
FNDA:0,(anonymous_2)
FNDA:0,(anonymous_3)
FNDA:0,(anonymous_4)
FNDA:0,(anonymous_5)
FNDA:0,(anonymous_6)
FNDA:0,(anonymous_7)
FNDA:0,(anonymous_8)
FNDA:0,(anonymous_9)
FNDA:0,(anonymous_10)
FNDA:0,(anonymous_11)
FNDA:0,(anonymous_12)
FNDA:0,(anonymous_13)
FNDA:0,(anonymous_14)
FNDA:0,(anonymous_15)
FNDA:0,(anonymous_16)
FNDA:0,(anonymous_17)
FNDA:0,(anonymous_18)
FNDA:0,(anonymous_19)
FNDA:0,(anonymous_20)
FNDA:0,(anonymous_21)
FNDA:0,(anonymous_22)
FNDA:0,(anonymous_23)
FNDA:0,(anonymous_24)
FNDA:0,(anonymous_25)
FNDA:0,(anonymous_26)
FNDA:0,(anonymous_27)
FNDA:0,(anonymous_28)
FNDA:0,(anonymous_29)
FNDA:0,(anonymous_30)
FNDA:0,(anonymous_31)
FNDA:0,(anonymous_32)
FNDA:0,(anonymous_33)
FNDA:0,(anonymous_34)
FNDA:0,(anonymous_35)
FNDA:0,(anonymous_36)
FNDA:0,(anonymous_37)
FNDA:0,(anonymous_38)
FNDA:0,(anonymous_39)
FNDA:0,(anonymous_40)
FNDA:0,(anonymous_41)
FNDA:0,(anonymous_42)
FNDA:0,(anonymous_43)
FNDA:0,(anonymous_44)
FNDA:0,(anonymous_45)
FNDA:0,(anonymous_46)
FNDA:0,(anonymous_47)
FNDA:0,(anonymous_48)
FNDA:0,(anonymous_49)
FNDA:0,(anonymous_50)
FNDA:0,(anonymous_51)
FNDA:0,(anonymous_52)
FNDA:0,(anonymous_53)
FNDA:0,(anonymous_54)
FNDA:0,(anonymous_55)
DA:2,25
DA:3,25
DA:4,25
DA:5,25
DA:7,25
DA:17,25
DA:18,0
DA:21,0
DA:22,0
DA:29,0
DA:30,0
DA:31,0
DA:33,0
DA:34,0
DA:36,0
DA:39,0
DA:41,0
DA:56,25
DA:57,0
DA:60,0
DA:61,0
DA:62,0
DA:65,0
DA:71,0
DA:82,25
DA:83,0
DA:85,0
DA:86,0
DA:90,0
DA:91,0
DA:92,0
DA:93,0
DA:97,0
DA:105,0
DA:116,25
DA:117,0
DA:120,0
DA:125,0
DA:128,0
DA:129,0
DA:130,0
DA:132,0
DA:133,0
DA:136,0
DA:148,25
DA:149,0
DA:150,0
DA:152,0
DA:153,0
DA:157,0
DA:173,25
DA:174,0
DA:176,0
DA:177,0
DA:183,0
DA:188,0
DA:196,0
DA:208,0
DA:209,0
DA:210,0
DA:211,0
DA:212,0
DA:215,0
DA:216,0
DA:217,0
DA:219,0
DA:238,0
DA:239,0
DA:240,0
DA:247,0
DA:248,0
DA:252,0
DA:253,0
DA:254,0
DA:255,0
DA:260,0
DA:261,0
DA:262,0
DA:263,0
DA:264,0
DA:267,0
DA:284,0
DA:287,0
DA:288,0
DA:289,0
DA:290,0
DA:293,0
DA:296,0
DA:297,0
DA:300,0
DA:301,0
DA:302,0
DA:303,0
DA:306,0
DA:307,0
DA:335,0
DA:337,0
DA:338,0
DA:346,0
DA:360,0
DA:367,0
DA:370,0
DA:371,0
DA:372,0
DA:374,0
DA:375,0
DA:379,0
DA:380,0
DA:381,0
DA:383,0
DA:384,0
DA:397,0
DA:405,0
DA:406,0
DA:407,0
DA:408,0
DA:410,0
DA:411,0
DA:414,0
DA:416,0
DA:417,0
DA:419,0
DA:420,0
DA:421,0
DA:424,0
DA:431,0
DA:432,0
DA:433,0
DA:435,0
DA:438,0
DA:439,0
DA:440,0
DA:447,0
DA:448,0
DA:449,0
DA:450,0
DA:452,0
DA:465,0
DA:466,0
DA:469,0
DA:483,0
DA:484,0
DA:486,0
DA:488,0
DA:490,0
DA:492,0
LF:146
LH:11
BRDA:211,0,0,0
BRDA:211,0,1,0
BRDA:230,1,0,0
BRDA:230,1,1,0
BRDA:239,2,0,0
BRDA:254,3,0,0
BRDA:254,4,0,0
BRDA:254,4,1,0
BRDA:263,5,0,0
BRDA:263,5,1,0
BRDA:274,6,0,0
BRDA:274,6,1,0
BRDA:289,7,0,0
BRDA:289,7,1,0
BRDA:300,8,0,0
BRDA:300,9,0,0
BRDA:300,9,1,0
BRDA:306,10,0,0
BRDA:337,11,0,0
BRDA:337,12,0,0
BRDA:337,12,1,0
BRDA:371,13,0,0
BRDA:383,14,0,0
BRDA:387,15,0,0
BRDA:387,15,1,0
BRDA:407,16,0,0
BRDA:433,17,0,0
BRDA:433,17,1,0
BRDA:447,18,0,0
BRDA:447,18,1,0
BRDA:454,19,0,0
BRDA:454,19,1,0
BRDA:457,20,0,0
BRDA:457,20,1,0
BRDA:465,21,0,0
BRDA:465,21,1,0
BRDA:470,22,0,0
BRDA:470,22,1,0
BRDA:472,23,0,0
BRDA:472,23,1,0
BRDA:473,24,0,0
BRDA:473,24,1,0
BRDA:484,25,0,0
BRDA:484,25,1,0
BRDA:484,25,2,0
BRDA:484,25,3,0
BRDA:23,26,0,0
BRDA:23,26,1,0
BRDA:30,27,0,0
BRDA:33,28,0,0
BRDA:57,29,0,0
BRDA:85,30,0,0
BRDA:85,31,0,0
BRDA:85,31,1,0
BRDA:85,31,2,0
BRDA:92,32,0,0
BRDA:99,33,0,0
BRDA:99,33,1,0
BRDA:129,34,0,0
BRDA:132,35,0,0
BRDA:152,36,0,0
BRDA:174,37,0,0
BRDA:178,38,0,0
BRDA:178,38,1,0
BRF:64
BRH:0
end_of_record
TN:
SF:src/controllers/skill.controller.ts
FN:9,(anonymous_0)
FN:14,(anonymous_1)
FN:31,(anonymous_2)
FN:44,(anonymous_3)
FN:61,(anonymous_4)
FN:75,(anonymous_5)
FN:91,(anonymous_6)
FN:107,(anonymous_7)
FN:118,(anonymous_8)
FN:133,(anonymous_9)
FNF:10
FNH:1
FNDA:25,(anonymous_0)
FNDA:0,(anonymous_1)
FNDA:0,(anonymous_2)
FNDA:0,(anonymous_3)
FNDA:0,(anonymous_4)
FNDA:0,(anonymous_5)
FNDA:0,(anonymous_6)
FNDA:0,(anonymous_7)
FNDA:0,(anonymous_8)
FNDA:0,(anonymous_9)
DA:2,25
DA:6,25
DA:10,25
DA:14,25
DA:15,0
DA:16,0
DA:17,0
DA:19,0
DA:21,0
DA:26,0
DA:31,25
DA:32,0
DA:33,0
DA:35,0
DA:37,0
DA:39,0
DA:44,25
DA:45,0
DA:46,0
DA:48,0
DA:50,0
DA:51,0
DA:54,0
DA:56,0
DA:61,25
DA:62,0
DA:63,0
DA:64,0
DA:66,0
DA:68,0
DA:70,0
DA:75,25
DA:76,0
DA:77,0
DA:79,0
DA:81,0
DA:86,0
DA:91,25
DA:92,0
DA:93,0
DA:95,0
DA:97,0
DA:102,0
DA:107,25
DA:108,0
DA:109,0
DA:111,0
DA:113,0
DA:118,25
DA:119,0
DA:120,0
DA:121,0
DA:122,0
DA:124,0
DA:126,0
DA:128,0
DA:133,25
DA:134,0
DA:135,0
DA:136,0
DA:138,0
DA:140,0
DA:145,0
LF:63
LH:12
BRDA:50,0,0,0
BRDA:93,1,0,0
BRDA:93,1,1,0
BRDA:121,2,0,0
BRDA:121,2,1,0
BRDA:122,3,0,0
BRDA:122,3,1,0
BRDA:136,4,0,0
BRDA:136,4,1,0
BRF:9
BRH:0
end_of_record
TN:
SF:src/controllers/template.controller.ts
FN:10,(anonymous_0)
FN:17,(anonymous_1)
FN:29,(anonymous_2)
FN:44,(anonymous_3)
FN:58,(anonymous_4)
FN:77,(anonymous_5)
FN:94,(anonymous_6)
FN:139,(anonymous_7)
FN:152,(anonymous_8)
FN:164,(anonymous_9)
FN:177,(anonymous_10)
FN:190,(anonymous_11)
FN:209,(anonymous_12)
FN:221,(anonymous_13)
FN:234,(anonymous_14)
FN:264,(anonymous_15)
FN:275,(anonymous_16)
FN:292,(anonymous_17)
FN:322,(anonymous_18)
FN:337,(anonymous_19)
FN:342,(anonymous_20)
FN:347,(anonymous_21)
FN:354,(anonymous_22)
FN:359,(anonymous_23)
FN:364,(anonymous_24)
FN:375,(anonymous_25)
FN:376,(anonymous_26)
FN:377,(anonymous_27)
FN:379,(anonymous_28)
FNF:29
FNH:0
FNDA:0,(anonymous_0)
FNDA:0,(anonymous_1)
FNDA:0,(anonymous_2)
FNDA:0,(anonymous_3)
FNDA:0,(anonymous_4)
FNDA:0,(anonymous_5)
FNDA:0,(anonymous_6)
FNDA:0,(anonymous_7)
FNDA:0,(anonymous_8)
FNDA:0,(anonymous_9)
FNDA:0,(anonymous_10)
FNDA:0,(anonymous_11)
FNDA:0,(anonymous_12)
FNDA:0,(anonymous_13)
FNDA:0,(anonymous_14)
FNDA:0,(anonymous_15)
FNDA:0,(anonymous_16)
FNDA:0,(anonymous_17)
FNDA:0,(anonymous_18)
FNDA:0,(anonymous_19)
FNDA:0,(anonymous_20)
FNDA:0,(anonymous_21)
FNDA:0,(anonymous_22)
FNDA:0,(anonymous_23)
FNDA:0,(anonymous_24)
FNDA:0,(anonymous_25)
FNDA:0,(anonymous_26)
FNDA:0,(anonymous_27)
FNDA:0,(anonymous_28)
DA:2,0
DA:4,0
DA:5,0
DA:7,0
DA:11,0
DA:17,0
DA:18,0
DA:19,0
DA:20,0
DA:29,0
DA:30,0
DA:31,0
DA:32,0
DA:34,0
DA:35,0
DA:44,0
DA:45,0
DA:46,0
DA:48,0
DA:49,0
DA:58,0
DA:59,0
DA:60,0
DA:61,0
DA:63,0
DA:64,0
DA:67,0
DA:68,0
DA:77,0
DA:78,0
DA:79,0
DA:81,0
DA:82,0
DA:85,0
DA:94,0
DA:106,0
DA:108,0
DA:109,0
DA:110,0
DA:111,0
DA:112,0
DA:113,0
DA:114,0
DA:115,0
DA:116,0
DA:118,0
DA:124,0
DA:139,0
DA:140,0
DA:141,0
DA:143,0
DA:152,0
DA:153,0
DA:155,0
DA:164,0
DA:165,0
DA:166,0
DA:168,0
DA:177,0
DA:178,0
DA:179,0
DA:181,0
DA:190,0
DA:191,0
DA:192,0
DA:194,0
DA:195,0
DA:198,0
DA:200,0
DA:209,0
DA:210,0
DA:211,0
DA:213,0
DA:214,0
DA:215,0
DA:221,0
DA:222,0
DA:223,0
DA:225,0
DA:234,0
DA:235,0
DA:236,0
DA:237,0
DA:240,0
DA:242,0
DA:243,0
DA:249,0
DA:264,0
DA:265,0
DA:267,0
DA:268,0
DA:275,0
DA:277,0
DA:292,0
DA:293,0
DA:294,0
DA:295,0
DA:297,0
DA:298,0
DA:299,0
DA:302,0
DA:311,0
DA:313,0
DA:322,0
DA:323,0
DA:324,0
DA:326,0
DA:327,0
DA:328,0
DA:332,0
DA:333,0
DA:335,0
DA:336,0
DA:337,0
DA:338,0
DA:341,0
DA:342,0
DA:343,0
DA:346,0
DA:347,0
DA:353,0
DA:354,0
DA:355,0
DA:358,0
DA:359,0
DA:360,0
DA:363,0
DA:364,0
DA:371,0
DA:376,0
DA:377,0
DA:379,0
DA:382,0
LF:133
LH:0
BRDA:63,0,0,0
BRDA:81,1,0,0
BRDA:104,2,0,0
BRDA:105,3,0,0
BRDA:109,4,0,0
BRDA:110,5,0,0
BRDA:111,6,0,0
BRDA:112,7,0,0
BRDA:113,8,0,0
BRDA:113,9,0,0
BRDA:113,9,1,0
BRDA:114,10,0,0
BRDA:115,11,0,0
BRDA:116,12,0,0
BRDA:140,13,0,0
BRDA:194,14,0,0
BRDA:194,15,0,0
BRDA:194,15,1,0
BRDA:194,15,2,0
BRDA:236,16,0,0
BRDA:240,17,0,0
BRDA:240,18,0,0
BRDA:265,19,0,0
BRDA:265,20,0,0
BRDA:298,21,0,0
BRDA:307,22,0,0
BRDA:307,22,1,0
BRDA:327,23,0,0
BRDA:335,24,0,0
BRDA:336,25,0,0
BRDA:341,26,0,0
BRDA:346,27,0,0
BRDA:353,28,0,0
BRDA:358,29,0,0
BRDA:363,30,0,0
BRDA:377,31,0,0
BRDA:377,31,1,0
BRF:37
BRH:0
end_of_record
TN:
SF:src/database/connection-manager.ts
FN:12,(anonymous_0)
FN:14,(anonymous_1)
FN:22,(anonymous_2)
FN:35,(anonymous_3)
FN:47,(anonymous_4)
FN:57,(anonymous_5)
FN:73,(anonymous_6)
FN:99,(anonymous_7)
FN:112,(anonymous_8)
FN:127,(anonymous_9)
FN:138,(anonymous_10)
FNF:11
FNH:0
FNDA:0,(anonymous_0)
FNDA:0,(anonymous_1)
FNDA:0,(anonymous_2)
FNDA:0,(anonymous_3)
FNDA:0,(anonymous_4)
FNDA:0,(anonymous_5)
FNDA:0,(anonymous_6)
FNDA:0,(anonymous_7)
FNDA:0,(anonymous_8)
FNDA:0,(anonymous_9)
FNDA:0,(anonymous_10)
DA:2,0
DA:8,0
DA:9,0
DA:10,0
DA:15,0
DA:16,0
DA:17,0
DA:19,0
DA:23,0
DA:24,0
DA:25,0
DA:27,0
DA:28,0
DA:36,0
DA:37,0
DA:40,0
DA:41,0
DA:42,0
DA:45,0
DA:47,0
DA:50,0
DA:58,0
DA:59,0
DA:62,0
DA:63,0
DA:65,0
DA:66,0
DA:76,0
DA:77,0
DA:80,0
DA:82,0
DA:83,0
DA:84,0
DA:85,0
DA:86,0
DA:88,0
DA:89,0
DA:90,0
DA:92,0
DA:100,0
DA:101,0
DA:102,0
DA:104,0
DA:105,0
DA:113,0
DA:114,0
DA:117,0
DA:128,0
DA:129,0
DA:130,0
DA:132,0
DA:139,0
DA:140,0
DA:141,0
LF:54
LH:0
BRDA:15,0,0,0
BRDA:36,1,0,0
BRDA:47,2,0,0
BRDA:47,2,1,0
BRDA:47,3,0,0
BRDA:47,3,1,0
BRDA:58,4,0,0
BRDA:76,5,0,0
BRDA:113,6,0,0
BRDA:128,7,0,0
BRF:10
BRH:0
end_of_record
TN:
SF:src/database/connection.ts
FN:8,(anonymous_0)
FN:12,(anonymous_1)
FN:44,(anonymous_2)
FN:52,(anonymous_3)
FN:59,(anonymous_4)
FN:74,(anonymous_5)
FN:96,(anonymous_6)
FN:113,(anonymous_7)
FNF:8
FNH:0
FNDA:0,(anonymous_0)
FNDA:0,(anonymous_1)
FNDA:0,(anonymous_2)
FNDA:0,(anonymous_3)
FNDA:0,(anonymous_4)
FNDA:0,(anonymous_5)
FNDA:0,(anonymous_6)
FNDA:0,(anonymous_7)
DA:1,26
DA:4,26
DA:5,0
DA:9,0
DA:13,0
DA:14,0
DA:28,0
DA:31,0
DA:32,0
DA:33,0
DA:35,0
DA:37,0
DA:38,0
DA:39,0
DA:40,0
DA:45,0
DA:46,0
DA:47,0
DA:48,0
DA:53,0
DA:54,0
DA:56,0
DA:60,0
DA:61,0
DA:64,0
DA:65,0
DA:66,0
DA:67,0
DA:68,0
DA:70,0
DA:77,0
DA:78,0
DA:81,0
DA:83,0
DA:84,0
DA:85,0
DA:86,0
DA:87,0
DA:89,0
DA:90,0
DA:92,0
DA:97,0
DA:98,0
DA:101,0
DA:102,0
DA:104,0
DA:105,0
DA:106,0
DA:107,0
DA:108,0
DA:109,0
DA:114,0
DA:115,0
DA:117,0
LF:54
LH:2
BRDA:20,0,0,0
BRDA:20,0,1,0
BRDA:21,1,0,0
BRDA:21,1,1,0
BRDA:22,2,0,0
BRDA:22,2,1,0
BRDA:23,3,0,0
BRDA:23,3,1,0
BRDA:45,4,0,0
BRDA:53,5,0,0
BRDA:60,6,0,0
BRDA:77,7,0,0
BRDA:97,8,0,0
BRDA:114,9,0,0
BRF:14
BRH:0
end_of_record
TN:
SF:src/database/database-factory.ts
FN:16,(anonymous_0)
FN:27,(anonymous_1)
FN:39,(anonymous_2)
FN:55,(anonymous_3)
FN:69,(anonymous_4)
FN:85,(anonymous_5)
FNF:6
FNH:0
FNDA:0,(anonymous_0)
FNDA:0,(anonymous_1)
FNDA:0,(anonymous_2)
FNDA:0,(anonymous_3)
FNDA:0,(anonymous_4)
FNDA:0,(anonymous_5)
DA:1,26
DA:2,26
DA:3,26
DA:9,26
DA:10,26
DA:11,26
DA:17,0
DA:18,0
DA:19,0
DA:21,0
DA:28,0
DA:29,0
DA:30,0
DA:31,0
DA:33,0
DA:40,0
DA:41,0
DA:45,0
DA:47,0
DA:48,0
DA:49,0
DA:56,0
DA:57,0
DA:60,0
DA:61,0
DA:62,0
DA:63,0
DA:70,0
DA:71,0
DA:72,0
DA:73,0
DA:76,0
DA:77,0
DA:78,0
DA:86,0
LF:35
LH:6
BRDA:17,0,0,0
BRDA:28,1,0,0
BRDA:40,2,0,0
BRDA:56,3,0,0
BRDA:70,4,0,0
BRDA:76,5,0,0
BRF:6
BRH:0
end_of_record
TN:
SF:src/database/database-health-monitor.ts
FN:26,(anonymous_0)
FN:28,(anonymous_1)
FN:38,(anonymous_2)
FN:45,(anonymous_3)
FN:121,(anonymous_4)
FN:129,(anonymous_5)
FN:163,(anonymous_6)
FN:171,(anonymous_7)
FNF:8
FNH:0
FNDA:0,(anonymous_0)
FNDA:0,(anonymous_1)
FNDA:0,(anonymous_2)
FNDA:0,(anonymous_3)
FNDA:0,(anonymous_4)
FNDA:0,(anonymous_5)
FNDA:0,(anonymous_6)
FNDA:0,(anonymous_7)
DA:1,0
DA:2,0
DA:21,0
DA:22,0
DA:23,0
DA:24,0
DA:29,0
DA:30,0
DA:32,0
DA:39,0
DA:46,0
DA:47,0
DA:49,0
DA:50,0
DA:51,0
DA:53,0
DA:55,0
DA:56,0
DA:57,0
DA:58,0
DA:63,0
DA:64,0
DA:65,0
DA:66,0
DA:67,0
DA:69,0
DA:70,0
DA:71,0
DA:73,0
DA:74,0
DA:76,0
DA:77,0
DA:81,0
DA:86,0
DA:87,0
DA:88,0
DA:89,0
DA:90,0
DA:92,0
DA:97,0
DA:100,0
DA:101,0
DA:103,0
DA:122,0
DA:123,0
DA:124,0
DA:127,0
DA:129,0
DA:130,0
DA:132,0
DA:133,0
DA:135,0
DA:136,0
DA:142,0
DA:148,0
DA:151,0
DA:152,0
DA:156,0
DA:157,0
DA:164,0
DA:165,0
DA:172,0
LF:62
LH:0
BRDA:29,0,0,0
BRDA:55,1,0,0
BRDA:57,2,0,0
BRDA:63,3,0,0
BRDA:69,4,0,0
BRDA:70,5,0,0
BRDA:73,6,0,0
BRDA:76,7,0,0
BRDA:86,8,0,0
BRDA:86,9,0,0
BRDA:86,9,1,0
BRDA:101,10,0,0
BRDA:101,10,1,0
BRDA:104,11,0,0
BRDA:104,11,1,0
BRDA:104,11,2,0
BRDA:121,12,0,0
BRDA:122,13,0,0
BRDA:130,14,0,0
BRDA:135,15,0,0
BRDA:135,15,1,0
BRDA:151,16,0,0
BRF:22
BRH:0
end_of_record
TN:
SF:src/database/database.service.ts
FN:11,(anonymous_0)
FN:18,(anonymous_1)
FN:28,(anonymous_2)
FN:35,(anonymous_3)
FN:42,(anonymous_4)
FN:61,(anonymous_5)
FN:89,(anonymous_6)
FN:96,(anonymous_7)
FN:100,(anonymous_8)
FN:111,(anonymous_9)
FN:118,(anonymous_10)
FN:128,(anonymous_11)
FN:135,(anonymous_12)
FN:157,(anonymous_13)
FN:180,(anonymous_14)
FN:202,(anonymous_15)
FN:227,(anonymous_16)
FN:248,(anonymous_17)
FN:255,(anonymous_18)
FN:260,(anonymous_19)
FN:271,(anonymous_20)
FNF:21
FNH:15
FNDA:69,(anonymous_0)
FNDA:739,(anonymous_1)
FNDA:0,(anonymous_2)
FNDA:12,(anonymous_3)
FNDA:24,(anonymous_4)
FNDA:20,(anonymous_5)
FNDA:0,(anonymous_6)
FNDA:20,(anonymous_7)
FNDA:20,(anonymous_8)
FNDA:5,(anonymous_9)
FNDA:84,(anonymous_10)
FNDA:0,(anonymous_11)
FNDA:5,(anonymous_12)
FNDA:0,(anonymous_13)
FNDA:0,(anonymous_14)
FNDA:0,(anonymous_15)
FNDA:461,(anonymous_16)
FNDA:32,(anonymous_17)
FNDA:2,(anonymous_18)
FNDA:42,(anonymous_19)
FNDA:42,(anonymous_20)
DA:4,42
DA:6,42
DA:7,42
DA:8,69
DA:9,69
DA:19,739
DA:20,42
DA:22,739
DA:29,0
DA:36,12
DA:37,12
DA:38,12
DA:44,24
DA:47,20
DA:48,0
DA:52,20
DA:54,20
DA:55,20
DA:57,20
DA:62,20
DA:78,20
DA:81,20
DA:82,20
DA:83,20
DA:84,20
DA:86,0
DA:88,0
DA:89,0
DA:90,0
DA:92,0
DA:97,20
DA:101,20
DA:102,19
DA:103,19
DA:104,19
DA:112,5
DA:119,84
DA:120,0
DA:122,84
DA:129,0
DA:136,5
DA:137,0
DA:140,5
DA:141,5
DA:142,5
DA:143,5
DA:144,5
DA:146,5
DA:149,0
DA:150,0
DA:158,0
DA:161,0
DA:162,0
DA:163,0
DA:165,0
DA:167,0
DA:171,0
DA:174,0
DA:181,0
DA:182,0
DA:185,0
DA:186,0
DA:187,0
DA:188,0
DA:189,0
DA:191,0
DA:192,0
DA:195,0
DA:203,0
DA:205,0
DA:213,0
DA:221,0
DA:228,461
DA:229,2
DA:232,459
DA:233,459
DA:234,459
DA:235,370
DA:237,370
DA:238,0
DA:241,370
DA:243,89
DA:244,89
DA:249,32
DA:250,0
DA:252,32
DA:256,2
DA:257,2
DA:261,42
DA:262,0
DA:265,42
DA:266,42
DA:267,42
DA:268,42
DA:272,42
DA:273,0
DA:277,42
DA:278,42
DA:285,0
DA:286,0
LF:100
LH:60
BRDA:19,0,0,42
BRDA:36,1,0,12
BRDA:44,2,0,4
BRDA:47,3,0,0
BRDA:62,4,0,20
BRDA:62,4,1,0
BRDA:68,5,0,0
BRDA:68,5,1,0
BRDA:69,6,0,0
BRDA:69,6,1,0
BRDA:70,7,0,0
BRDA:70,7,1,0
BRDA:71,8,0,0
BRDA:71,8,1,0
BRDA:72,9,0,0
BRDA:72,9,1,0
BRDA:88,10,0,0
BRDA:101,11,0,19
BRDA:119,12,0,0
BRDA:136,13,0,0
BRDA:161,14,0,0
BRDA:180,15,0,0
BRDA:185,16,0,0
BRDA:185,17,0,0
BRDA:185,17,1,0
BRDA:203,18,0,0
BRDA:221,19,0,0
BRDA:221,19,1,0
BRDA:221,19,2,0
BRDA:221,19,3,0
BRDA:228,20,0,2
BRDA:237,21,0,0
BRDA:249,22,0,0
BRDA:261,23,0,0
BRDA:272,24,0,0
BRF:35
BRH:6
end_of_record
TN:
SF:src/database/index.ts
FN:16,initializeDatabase
FN:22,getPool
FN:39,(anonymous_2)
FNF:3
FNH:0
FNDA:0,initializeDatabase
FNDA:0,getPool
FNDA:0,(anonymous_2)
DA:7,0
DA:10,0
DA:16,0
DA:17,0
DA:18,0
DA:22,0
DA:23,0
DA:24,0
DA:25,0
DA:27,0
DA:29,0
DA:32,0
DA:36,0
DA:39,0
DA:40,0
LF:15
LH:0
BRDA:23,0,0,0
BRF:1
BRH:0
end_of_record
TN:
SF:src/database/migrator.ts
FN:9,(anonymous_0)
FN:14,(anonymous_1)
FN:27,(anonymous_2)
FN:49,(anonymous_3)
FN:87,(anonymous_4)
FN:92,(anonymous_5)
FN:95,(anonymous_6)
FN:101,(anonymous_7)
FN:109,(anonymous_8)
FN:113,(anonymous_9)
FN:154,(anonymous_10)
FN:214,(anonymous_11)
FN:216,(anonymous_12)
FNF:13
FNH:0
FNDA:0,(anonymous_0)
FNDA:0,(anonymous_1)
FNDA:0,(anonymous_2)
FNDA:0,(anonymous_3)
FNDA:0,(anonymous_4)
FNDA:0,(anonymous_5)
FNDA:0,(anonymous_6)
FNDA:0,(anonymous_7)
FNDA:0,(anonymous_8)
FNDA:0,(anonymous_9)
FNDA:0,(anonymous_10)
FNDA:0,(anonymous_11)
FNDA:0,(anonymous_12)
DA:2,0
DA:3,0
DA:5,0
DA:10,0
DA:11,0
DA:15,0
DA:17,0
DA:20,0
DA:23,0
DA:26,0
DA:27,0
DA:30,0
DA:31,0
DA:32,0
DA:35,0
DA:38,0
DA:39,0
DA:42,0
DA:44,0
DA:45,0
DA:50,0
DA:52,0
DA:53,0
DA:55,0
DA:65,0
DA:68,0
DA:72,0
DA:76,0
DA:79,0
DA:80,0
DA:81,0
DA:83,0
DA:88,0
DA:92,0
DA:96,0
DA:98,0
DA:99,0
DA:100,0
DA:101,0
DA:104,0
DA:105,0
DA:110,0
DA:114,0
DA:115,0
DA:117,0
DA:118,0
DA:121,0
DA:124,0
DA:126,0
DA:127,0
DA:130,0
DA:133,0
DA:138,0
DA:139,0
DA:142,0
DA:143,0
DA:145,0
DA:149,0
DA:150,0
DA:155,0
DA:156,0
DA:158,0
DA:159,0
DA:160,0
DA:161,0
DA:164,0
DA:167,0
DA:168,0
DA:171,0
DA:172,0
DA:174,0
DA:175,0
DA:176,0
DA:178,0
DA:179,0
DA:180,0
DA:181,0
DA:184,0
DA:189,0
DA:190,0
DA:192,0
DA:193,0
DA:195,0
DA:198,0
DA:199,0
DA:202,0
DA:206,0
DA:209,0
DA:210,0
DA:215,0
DA:216,0
DA:218,0
DA:219,0
DA:221,0
DA:222,0
DA:223,0
DA:226,0
DA:227,0
DA:228,0
DA:229,0
LF:100
LH:0
BRDA:9,0,0,0
BRDA:30,1,0,0
BRDA:155,2,0,0
BRDA:159,3,0,0
BRDA:175,4,0,0
BRDA:175,4,1,0
BRDA:222,5,0,0
BRDA:222,5,1,0
BRF:8
BRH:0
end_of_record
TN:
SF:src/database/schema-validator.ts
FN:22,(anonymous_0)
FN:26,(anonymous_1)
FN:34,(anonymous_2)
FN:47,(anonymous_3)
FN:59,(anonymous_4)
FN:79,(anonymous_5)
FN:94,(anonymous_6)
FN:115,(anonymous_7)
FN:166,(anonymous_8)
FN:222,(anonymous_9)
FN:239,(anonymous_10)
FN:251,(anonymous_11)
FN:263,(anonymous_12)
FN:271,(anonymous_13)
FN:280,(anonymous_14)
FNF:15
FNH:0
FNDA:0,(anonymous_0)
FNDA:0,(anonymous_1)
FNDA:0,(anonymous_2)
FNDA:0,(anonymous_3)
FNDA:0,(anonymous_4)
FNDA:0,(anonymous_5)
FNDA:0,(anonymous_6)
FNDA:0,(anonymous_7)
FNDA:0,(anonymous_8)
FNDA:0,(anonymous_9)
FNDA:0,(anonymous_10)
FNDA:0,(anonymous_11)
FNDA:0,(anonymous_12)
FNDA:0,(anonymous_13)
FNDA:0,(anonymous_14)
DA:2,0
DA:19,0
DA:23,0
DA:27,0
DA:28,0
DA:35,0
DA:37,0
DA:39,0
DA:41,0
DA:46,0
DA:47,0
DA:48,0
DA:52,0
DA:53,0
DA:58,0
DA:59,0
DA:60,0
DA:64,0
DA:65,0
DA:68,0
DA:71,0
DA:72,0
DA:80,0
DA:82,0
DA:83,0
DA:85,0
DA:93,0
DA:94,0
DA:95,0
DA:99,0
DA:100,0
DA:104,0
DA:107,0
DA:108,0
DA:116,0
DA:118,0
DA:120,0
DA:127,0
DA:128,0
DA:132,0
DA:139,0
DA:140,0
DA:144,0
DA:151,0
DA:152,0
DA:155,0
DA:158,0
DA:159,0
DA:167,0
DA:169,0
DA:170,0
DA:173,0
DA:178,0
DA:184,0
DA:189,0
DA:196,0
DA:201,0
DA:207,0
DA:208,0
DA:211,0
DA:212,0
DA:213,0
DA:215,0
DA:223,0
DA:239,0
DA:252,0
DA:263,0
DA:273,0
DA:274,0
DA:286,0
DA:287,0
DA:288,0
DA:290,0
DA:292,0
LF:74
LH:0
BRDA:48,0,0,0
BRDA:48,0,1,0
BRDA:52,1,0,0
BRDA:60,2,0,0
BRDA:60,2,1,0
BRDA:64,3,0,0
BRDA:95,4,0,0
BRDA:95,4,1,0
BRDA:99,5,0,0
BRDA:127,6,0,0
BRDA:139,7,0,0
BRDA:151,8,0,0
BRDA:274,9,0,0
BRDA:274,9,1,0
BRDA:290,10,0,0
BRDA:290,10,1,0
BRDA:290,10,2,0
BRF:17
BRH:0
end_of_record
TN:
SF:src/database/seed-built-in-templates.ts
FN:10,(anonymous_0)
FN:15,(anonymous_1)
FN:48,(anonymous_2)
FN:198,(anonymous_3)
FN:317,(anonymous_4)
FN:457,(anonymous_5)
FN:586,(anonymous_6)
FNF:7
FNH:0
FNDA:0,(anonymous_0)
FNDA:0,(anonymous_1)
FNDA:0,(anonymous_2)
FNDA:0,(anonymous_3)
FNDA:0,(anonymous_4)
FNDA:0,(anonymous_5)
FNDA:0,(anonymous_6)
DA:2,0
DA:7,0
DA:11,0
DA:12,0
DA:16,0
DA:18,0
DA:26,0
DA:27,0
DA:29,0
DA:34,0
DA:35,0
DA:36,0
DA:38,0
DA:41,0
DA:45,0
DA:49,0
DA:199,0
DA:318,0
DA:458,0
DA:587,0
LF:20
LH:0
BRDA:34,0,0,0
BRDA:34,0,1,0
BRF:2
BRH:0
end_of_record
TN:
SF:src/database/seed-templates.ts
FN:8,(anonymous_0)
FN:13,(anonymous_1)
FN:36,(anonymous_2)
FN:194,(anonymous_3)
FN:321,(anonymous_4)
FN:469,(anonymous_5)
FN:606,(anonymous_6)
FNF:7
FNH:0
FNDA:0,(anonymous_0)
FNDA:0,(anonymous_1)
FNDA:0,(anonymous_2)
FNDA:0,(anonymous_3)
FNDA:0,(anonymous_4)
FNDA:0,(anonymous_5)
FNDA:0,(anonymous_6)
DA:2,0
DA:5,0
DA:8,0
DA:14,0
DA:22,0
DA:23,0
DA:27,0
DA:28,0
DA:29,0
DA:30,0
DA:31,0
DA:37,0
DA:130,0
DA:157,0
DA:165,0
DA:174,0
DA:195,0
DA:258,0
DA:285,0
DA:292,0
DA:301,0
DA:322,0
DA:405,0
DA:432,0
DA:440,0
DA:449,0
DA:470,0
DA:543,0
DA:570,0
DA:577,0
DA:586,0
DA:607,0
DA:700,0
DA:727,0
DA:736,0
DA:745,0
LF:36
LH:0
BRDA:27,0,0,0
BRF:1
BRH:0
end_of_record
TN:
SF:src/integration/forecasting-integration.ts
FN:7,integrateForecastingRoutes
FN:24,initializeForecastingSystem
FNF:2
FNH:0
FNDA:0,integrateForecastingRoutes
FNDA:0,initializeForecastingSystem
DA:2,0
DA:7,0
DA:9,0
DA:11,0
DA:12,0
DA:13,0
DA:14,0
DA:15,0
DA:16,0
DA:17,0
DA:18,0
DA:24,0
DA:25,0
DA:27,0
DA:32,0
DA:34,0
DA:35,0
LF:17
LH:0
BRF:0
BRH:0
end_of_record
TN:
SF:src/middleware/async-handler.ts
FN:3,(anonymous_0)
FN:3,(anonymous_1)
FNF:2
FNH:1
FNDA:2950,(anonymous_0)
FNDA:0,(anonymous_1)
DA:3,2950
DA:4,0
LF:2
LH:1
BRF:0
BRH:0
end_of_record
TN:
SF:src/middleware/auth.middleware.ts
FN:13,(anonymous_1)
FN:68,(anonymous_2)
FN:69,(anonymous_3)
FN:100,(anonymous_4)
FNF:4
FNH:2
FNDA:0,(anonymous_1)
FNDA:225,(anonymous_2)
FNDA:0,(anonymous_3)
FNDA:32,(anonymous_4)
DA:2,25
DA:3,25
DA:13,25
DA:14,0
DA:16,0
DA:21,0
DA:23,0
DA:28,0
DA:31,0
DA:33,0
DA:34,0
DA:37,0
DA:39,0
DA:40,0
DA:44,0
DA:46,0
DA:47,0
DA:48,0
DA:53,0
DA:55,0
DA:56,0
DA:57,0
DA:58,0
DA:60,0
DA:64,0
DA:68,25
DA:69,225
DA:71,0
DA:76,0
DA:78,0
DA:79,0
DA:85,0
DA:88,0
DA:89,0
DA:92,0
DA:93,0
DA:96,0
DA:100,25
DA:101,32
DA:103,32
LF:40
LH:8
BRDA:16,0,0,0
BRDA:16,0,1,0
BRDA:16,0,2,0
BRDA:16,0,3,0
BRDA:21,1,0,0
BRDA:33,2,0,0
BRDA:39,3,0,0
BRDA:44,4,0,0
BRDA:44,4,1,0
BRDA:51,5,0,0
BRDA:51,5,1,0
BRDA:55,6,0,0
BRDA:55,6,1,0
BRDA:57,7,0,0
BRDA:57,7,1,0
BRDA:71,8,0,0
BRDA:71,8,1,0
BRDA:71,8,2,0
BRDA:71,8,3,0
BRDA:76,9,0,0
BRDA:78,10,0,0
BRDA:88,11,0,0
BRDA:92,12,0,0
BRDA:92,13,0,0
BRDA:92,13,1,0
BRDA:101,14,0,32
BRDA:101,14,1,0
BRF:27
BRH:1
end_of_record
TN:
SF:src/middleware/error-handler.ts
FN:5,(anonymous_0)
FN:102,isDatabaseConnectionError
FN:131,isDatabaseConstraintError
FN:147,getDatabaseConstraintMessage
FNF:4
FNH:3
FNDA:5,(anonymous_0)
FNDA:5,isDatabaseConnectionError
FNDA:5,isDatabaseConstraintError
FNDA:0,getDatabaseConstraintMessage
DA:2,25
DA:5,25
DA:11,5
DA:20,5
DA:21,5
DA:22,5
DA:25,5
DA:26,0
DA:27,0
DA:28,0
DA:31,5
DA:32,0
DA:33,0
DA:34,0
DA:37,5
DA:38,0
DA:39,0
DA:42,5
DA:43,0
DA:44,0
DA:45,0
DA:48,5
DA:49,0
DA:50,0
DA:51,0
DA:54,5
DA:55,0
DA:56,0
DA:57,0
DA:60,5
DA:61,3
DA:62,3
DA:63,3
DA:66,2
DA:67,0
DA:68,0
DA:69,0
DA:72,2
DA:73,0
DA:74,0
DA:75,0
DA:79,5
DA:86,5
DA:87,0
DA:88,0
DA:92,5
DA:93,3
DA:96,5
DA:103,5
DA:105,5
DA:113,5
DA:121,5
DA:132,5
DA:134,5
DA:141,5
DA:148,0
DA:150,0
DA:152,0
DA:154,0
DA:156,0
DA:158,0
LF:61
LH:30
BRDA:25,0,0,0
BRDA:25,0,1,5
BRDA:31,1,0,0
BRDA:31,1,1,5
BRDA:37,2,0,0
BRDA:37,2,1,5
BRDA:42,3,0,0
BRDA:42,3,1,5
BRDA:48,4,0,0
BRDA:48,4,1,5
BRDA:54,5,0,0
BRDA:54,5,1,5
BRDA:60,6,0,3
BRDA:60,6,1,2
BRDA:60,7,0,5
BRDA:60,7,1,3
BRDA:66,8,0,0
BRDA:66,8,1,2
BRDA:72,9,0,0
BRDA:86,10,0,0
BRDA:87,11,0,0
BRDA:87,11,1,0
BRDA:92,12,0,3
BRDA:92,13,0,5
BRDA:92,13,1,5
BRDA:92,13,2,3
BRDA:103,14,0,0
BRDA:121,15,0,5
BRDA:121,15,1,5
BRDA:121,15,2,5
BRDA:121,15,3,5
BRDA:121,15,4,5
BRDA:132,16,0,0
BRDA:148,17,0,0
BRDA:148,17,1,0
BRDA:148,17,2,0
BRDA:148,17,3,0
BRDA:148,17,4,0
BRF:38
BRH:20
end_of_record
TN:
SF:src/middleware/request-logger.ts
FN:3,(anonymous_0)
FN:15,(anonymous_1)
FNF:2
FNH:0
FNDA:0,(anonymous_0)
FNDA:0,(anonymous_1)
DA:3,25
DA:4,0
DA:7,0
DA:8,0
DA:12,0
DA:15,0
DA:16,0
DA:17,0
DA:19,0
DA:25,0
LF:10
LH:1
BRDA:7,0,0,0
BRDA:17,1,0,0
BRDA:17,1,1,0
BRF:3
BRH:0
end_of_record
TN:
SF:src/middleware/service-injection.middleware.ts
FN:30,(anonymous_0)
FN:60,(anonymous_1)
FN:94,(anonymous_2)
FN:118,(anonymous_3)
FN:127,(anonymous_4)
FNF:5
FNH:1
FNDA:661,(anonymous_0)
FNDA:0,(anonymous_1)
FNDA:0,(anonymous_2)
FNDA:0,(anonymous_3)
FNDA:0,(anonymous_4)
DA:7,25
DA:30,25
DA:35,661
DA:37,661
DA:45,0
DA:47,661
DA:48,661
DA:60,25
DA:65,0
DA:66,0
DA:67,0
DA:69,0
DA:70,0
DA:76,0
DA:79,0
DA:81,0
DA:82,0
DA:94,25
DA:99,0
DA:101,0
DA:102,0
DA:107,0
DA:112,0
DA:118,25
DA:123,0
DA:126,0
DA:127,0
DA:128,0
DA:131,0
DA:132,0
DA:136,0
DA:137,0
DA:141,0
DA:142,0
DA:145,0
LF:35
LH:9
BRDA:69,0,0,0
BRDA:101,1,0,0
BRDA:131,2,0,0
BRDA:136,3,0,0
BRF:4
BRH:0
end_of_record
TN:
SF:src/middleware/template-validation.middleware.ts
FN:4,(anonymous_0)
FN:20,(anonymous_1)
FN:55,(anonymous_2)
FN:95,(anonymous_3)
FNF:4
FNH:0
FNDA:0,(anonymous_0)
FNDA:0,(anonymous_1)
FNDA:0,(anonymous_2)
FNDA:0,(anonymous_3)
DA:2,25
DA:4,25
DA:5,0
DA:7,0
DA:9,0
DA:10,0
DA:17,0
DA:20,25
DA:21,0
DA:22,0
DA:24,0
DA:25,0
DA:28,0
DA:29,0
DA:32,0
DA:33,0
DA:36,0
DA:37,0
DA:40,0
DA:41,0
DA:44,0
DA:45,0
DA:52,0
DA:55,25
DA:56,0
DA:57,0
DA:59,0
DA:60,0
DA:63,0
DA:64,0
DA:67,0
DA:68,0
DA:70,0
DA:71,0
DA:72,0
DA:76,0
DA:77,0
DA:80,0
DA:81,0
DA:84,0
DA:85,0
DA:92,0
DA:95,25
DA:96,0
DA:97,0
DA:99,0
DA:100,0
DA:103,0
DA:104,0
DA:107,0
DA:108,0
DA:111,0
DA:112,0
DA:115,0
DA:116,0
DA:119,0
DA:120,0
DA:123,0
DA:124,0
DA:131,0
LF:60
LH:5
BRDA:9,0,0,0
BRDA:24,1,0,0
BRDA:24,2,0,0
BRDA:24,2,1,0
BRDA:24,2,2,0
BRDA:24,2,3,0
BRDA:28,3,0,0
BRDA:28,4,0,0
BRDA:28,4,1,0
BRDA:28,4,2,0
BRDA:32,5,0,0
BRDA:32,6,0,0
BRDA:32,6,1,0
BRDA:32,6,2,0
BRDA:32,6,3,0
BRDA:36,7,0,0
BRDA:36,8,0,0
BRDA:36,8,1,0
BRDA:40,9,0,0
BRDA:40,10,0,0
BRDA:40,10,1,0
BRDA:44,11,0,0
BRDA:59,12,0,0
BRDA:63,13,0,0
BRDA:63,14,0,0
BRDA:63,14,1,0
BRDA:63,14,2,0
BRDA:67,15,0,0
BRDA:67,15,1,0
BRDA:71,16,0,0
BRDA:76,17,0,0
BRDA:76,18,0,0
BRDA:76,18,1,0
BRDA:76,18,2,0
BRDA:80,19,0,0
BRDA:80,20,0,0
BRDA:80,20,1,0
BRDA:80,20,2,0
BRDA:84,21,0,0
BRDA:99,22,0,0
BRDA:103,23,0,0
BRDA:103,24,0,0
BRDA:103,24,1,0
BRDA:103,24,2,0
BRDA:107,25,0,0
BRDA:107,26,0,0
BRDA:107,26,1,0
BRDA:107,26,2,0
BRDA:111,27,0,0
BRDA:111,28,0,0
BRDA:111,28,1,0
BRDA:111,28,2,0
BRDA:115,29,0,0
BRDA:115,30,0,0
BRDA:115,30,1,0
BRDA:119,31,0,0
BRDA:119,32,0,0
BRDA:119,32,1,0
BRDA:123,33,0,0
BRF:59
BRH:0
end_of_record
TN:
SF:src/middleware/validate.middleware.ts
FN:6,(anonymous_0)
FN:12,(anonymous_1)
FN:26,(anonymous_2)
FN:29,(anonymous_3)
FN:65,(anonymous_4)
FN:86,(anonymous_5)
FN:90,(anonymous_6)
FN:128,(anonymous_7)
FN:145,(anonymous_8)
FN:149,(anonymous_9)
FN:180,(anonymous_10)
FN:196,(anonymous_11)
FN:223,(anonymous_12)
FNF:13
FNH:0
FNDA:0,(anonymous_0)
FNDA:0,(anonymous_1)
FNDA:0,(anonymous_2)
FNDA:0,(anonymous_3)
FNDA:0,(anonymous_4)
FNDA:0,(anonymous_5)
FNDA:0,(anonymous_6)
FNDA:0,(anonymous_7)
FNDA:0,(anonymous_8)
FNDA:0,(anonymous_9)
FNDA:0,(anonymous_10)
FNDA:0,(anonymous_11)
FNDA:0,(anonymous_12)
DA:2,25
DA:3,25
DA:6,25
DA:7,0
DA:8,0
DA:12,25
DA:13,0
DA:14,0
DA:15,0
DA:17,0
DA:21,25
DA:24,25
DA:26,25
DA:27,0
DA:28,0
DA:29,0
DA:35,0
DA:37,0
DA:41,25
DA:66,0
DA:67,0
DA:69,0
DA:87,0
DA:88,0
DA:90,0
DA:91,0
DA:93,0
DA:99,25
DA:129,0
DA:130,0
DA:132,0
DA:146,0
DA:147,0
DA:149,0
DA:150,0
DA:152,0
DA:164,25
DA:181,0
DA:182,0
DA:184,0
DA:192,25
DA:197,0
DA:198,0
DA:200,0
DA:208,25
DA:224,0
DA:225,0
DA:227,0
LF:48
LH:12
BRDA:14,0,0,0
BRDA:28,1,0,0
BRDA:30,2,0,0
BRDA:30,2,1,0
BRDA:32,3,0,0
BRDA:32,3,1,0
BRDA:66,4,0,0
BRDA:87,5,0,0
BRDA:87,6,0,0
BRDA:87,6,1,0
BRDA:90,7,0,0
BRDA:90,8,0,0
BRDA:90,8,1,0
BRDA:90,9,0,0
BRDA:90,9,1,0
BRDA:129,10,0,0
BRDA:129,11,0,0
BRDA:129,11,1,0
BRDA:146,12,0,0
BRDA:146,13,0,0
BRDA:146,13,1,0
BRDA:149,14,0,0
BRDA:149,15,0,0
BRDA:149,15,1,0
BRDA:149,16,0,0
BRDA:149,16,1,0
BRDA:181,17,0,0
BRDA:181,18,0,0
BRDA:181,18,1,0
BRDA:197,19,0,0
BRDA:224,20,0,0
BRDA:224,21,0,0
BRDA:224,21,1,0
BRF:33
BRH:0
end_of_record
TN:
SF:src/migrations/20250905235109_create_projects_table.ts
FN:4,(anonymous_0)
FN:57,(anonymous_1)
FNF:2
FNH:0
FNDA:0,(anonymous_0)
FNDA:0,(anonymous_1)
DA:3,0
DA:5,0
DA:29,0
DA:30,0
DA:31,0
DA:32,0
DA:35,0
DA:46,0
DA:54,0
DA:58,0
DA:59,0
DA:60,0
DA:61,0
DA:62,0
DA:63,0
DA:65,0
DA:69,0
DA:70,0
DA:71,0
LF:19
LH:0
BRF:0
BRH:0
end_of_record
TN:
SF:src/migrations/20250906002309_create_allocations_table.ts
FN:4,(anonymous_0)
FN:96,(anonymous_1)
FNF:2
FNH:0
FNDA:0,(anonymous_0)
FNDA:0,(anonymous_1)
DA:3,0
DA:5,0
DA:34,0
DA:35,0
DA:36,0
DA:37,0
DA:38,0
DA:41,0
DA:48,0
DA:57,0
DA:93,0
DA:97,0
DA:98,0
DA:99,0
DA:100,0
DA:101,0
DA:102,0
DA:103,0
DA:104,0
DA:105,0
DA:107,0
DA:111,0
DA:112,0
DA:113,0
LF:24
LH:0
BRF:0
BRH:0
end_of_record
TN:
SF:src/migrations/20250914000000_create_project_tasks_table.ts
FN:4,up
FN:209,down
FNF:2
FNH:0
FNDA:0,up
FNDA:0,down
DA:1,0
DA:2,0
DA:4,0
DA:5,0
DA:163,0
DA:167,0
DA:171,0
DA:175,0
DA:179,0
DA:183,0
DA:187,0
DA:191,0
DA:195,0
DA:200,0
DA:204,0
DA:209,0
DA:210,0
LF:17
LH:0
BRF:0
BRH:0
end_of_record
TN:
SF:src/migrations/20250914000001_create_notifications_table.ts
FN:3,(anonymous_0)
FN:176,(anonymous_1)
FNF:2
FNH:0
FNDA:0,(anonymous_0)
FNDA:0,(anonymous_1)
DA:1,0
DA:3,0
DA:5,0
DA:89,0
DA:90,0
DA:91,0
DA:92,0
DA:93,0
DA:94,0
DA:97,0
DA:173,0
DA:176,0
DA:177,0
DA:178,0
LF:14
LH:0
BRF:0
BRH:0
end_of_record
TN:
SF:src/migrations/20250914000001_create_task_dependencies_table.ts
FN:4,up
FN:104,down
FNF:2
FNH:0
FNDA:0,up
FNDA:0,down
DA:1,0
DA:2,0
DA:4,0
DA:5,0
DA:64,0
DA:68,0
DA:72,0
DA:76,0
DA:81,0
DA:87,0
DA:91,0
DA:96,0
DA:104,0
DA:105,0
LF:14
LH:0
BRF:0
BRH:0
end_of_record
TN:
SF:src/models/Budget.ts
FN:5,(anonymous_0)
FN:14,(anonymous_1)
FN:23,(anonymous_2)
FN:109,(anonymous_3)
FN:113,(anonymous_4)
FN:151,(anonymous_5)
FN:161,(anonymous_6)
FN:171,(anonymous_7)
FN:241,(anonymous_8)
FN:245,(anonymous_9)
FN:251,(anonymous_10)
FN:258,(anonymous_11)
FNF:12
FNH:4
FNDA:25,(anonymous_0)
FNDA:25,(anonymous_1)
FNDA:25,(anonymous_2)
FNDA:4,(anonymous_3)
FNDA:0,(anonymous_4)
FNDA:0,(anonymous_5)
FNDA:0,(anonymous_6)
FNDA:0,(anonymous_7)
FNDA:0,(anonymous_8)
FNDA:0,(anonymous_9)
FNDA:0,(anonymous_10)
FNDA:0,(anonymous_11)
DA:2,25
DA:3,25
DA:5,25
DA:6,25
DA:7,25
DA:8,25
DA:9,25
DA:10,25
DA:11,25
DA:14,25
DA:15,25
DA:16,25
DA:17,25
DA:18,25
DA:19,25
DA:20,25
DA:23,25
DA:24,25
DA:25,25
DA:26,25
DA:27,25
DA:28,25
DA:29,25
DA:105,25
DA:107,25
DA:110,4
DA:114,0
DA:115,0
DA:124,0
DA:138,0
DA:139,0
DA:141,0
DA:142,0
DA:144,0
DA:145,0
DA:147,0
DA:152,0
DA:153,0
DA:156,0
DA:157,0
DA:158,0
DA:162,0
DA:163,0
DA:166,0
DA:167,0
DA:168,0
DA:172,0
DA:173,0
DA:175,0
DA:176,0
DA:177,0
DA:180,0
DA:181,0
DA:182,0
DA:185,0
DA:186,0
DA:187,0
DA:190,0
DA:191,0
DA:192,0
DA:195,0
DA:196,0
DA:197,0
DA:200,0
DA:201,0
DA:202,0
DA:205,0
DA:206,0
DA:207,0
DA:210,0
DA:211,0
DA:212,0
DA:215,0
DA:216,0
DA:217,0
DA:220,0
DA:221,0
DA:224,0
DA:225,0
DA:232,0
DA:234,0
DA:235,0
DA:238,0
DA:242,0
DA:246,0
DA:247,0
DA:248,0
DA:252,0
DA:253,0
DA:254,0
DA:255,0
DA:259,0
LF:92
LH:26
BRDA:5,0,0,25
BRDA:5,0,1,25
BRDA:14,1,0,25
BRDA:14,1,1,25
BRDA:23,2,0,25
BRDA:23,2,1,25
BRDA:130,3,0,0
BRDA:130,3,1,0
BRDA:131,4,0,0
BRDA:131,4,1,0
BRDA:132,5,0,0
BRDA:132,5,1,0
BRDA:133,6,0,0
BRDA:133,6,1,0
BRDA:134,7,0,0
BRDA:134,7,1,0
BRDA:135,8,0,0
BRDA:135,8,1,0
BRDA:141,9,0,0
BRDA:144,10,0,0
BRDA:152,11,0,0
BRDA:158,12,0,0
BRDA:158,12,1,0
BRDA:162,13,0,0
BRDA:168,14,0,0
BRDA:168,14,1,0
BRDA:175,15,0,0
BRDA:180,16,0,0
BRDA:185,17,0,0
BRDA:190,18,0,0
BRDA:195,19,0,0
BRDA:200,20,0,0
BRDA:205,21,0,0
BRDA:210,22,0,0
BRDA:215,23,0,0
BRDA:220,24,0,0
BRDA:234,25,0,0
BRDA:247,26,0,0
BRDA:253,27,0,0
BRDA:254,28,0,0
BRDA:263,29,0,0
BRDA:263,29,1,0
BRDA:264,30,0,0
BRDA:264,30,1,0
BRDA:265,31,0,0
BRDA:265,31,1,0
BRDA:266,32,0,0
BRDA:266,32,1,0
BRDA:271,33,0,0
BRDA:271,33,1,0
BRDA:272,34,0,0
BRDA:272,34,1,0
BRDA:273,35,0,0
BRDA:273,35,1,0
BRDA:274,36,0,0
BRDA:274,36,1,0
BRDA:276,37,0,0
BRDA:276,37,1,0
BRF:58
BRH:6
end_of_record
TN:
SF:src/models/CapacityHistory.backup.ts
FN:13,(anonymous_0)
FN:17,(anonymous_1)
FN:49,(anonymous_2)
FN:59,(anonymous_3)
FN:83,(anonymous_4)
FN:86,(anonymous_5)
FN:96,(anonymous_6)
FN:128,(anonymous_7)
FN:131,(anonymous_8)
FN:178,(anonymous_9)
FN:194,(anonymous_10)
FN:236,(anonymous_11)
FN:289,(anonymous_12)
FN:334,(anonymous_13)
FN:343,(anonymous_14)
FN:384,(anonymous_15)
FN:393,(anonymous_16)
FNF:17
FNH:0
FNDA:0,(anonymous_0)
FNDA:0,(anonymous_1)
FNDA:0,(anonymous_2)
FNDA:0,(anonymous_3)
FNDA:0,(anonymous_4)
FNDA:0,(anonymous_5)
FNDA:0,(anonymous_6)
FNDA:0,(anonymous_7)
FNDA:0,(anonymous_8)
FNDA:0,(anonymous_9)
FNDA:0,(anonymous_10)
FNDA:0,(anonymous_11)
FNDA:0,(anonymous_12)
FNDA:0,(anonymous_13)
FNDA:0,(anonymous_14)
FNDA:0,(anonymous_15)
FNDA:0,(anonymous_16)
DA:2,0
DA:10,0
DA:14,0
DA:18,0
DA:19,0
DA:25,0
DA:33,0
DA:34,0
DA:36,0
DA:37,0
DA:39,0
DA:40,0
DA:42,0
DA:43,0
DA:45,0
DA:50,0
DA:55,0
DA:56,0
DA:64,0
DA:68,0
DA:70,0
DA:71,0
DA:72,0
DA:75,0
DA:76,0
DA:77,0
DA:80,0
DA:82,0
DA:83,0
DA:87,0
DA:92,0
DA:93,0
DA:97,0
DA:98,0
DA:100,0
DA:101,0
DA:102,0
DA:105,0
DA:106,0
DA:107,0
DA:110,0
DA:111,0
DA:112,0
DA:115,0
DA:116,0
DA:117,0
DA:120,0
DA:121,0
DA:122,0
DA:125,0
DA:127,0
DA:128,0
DA:132,0
DA:133,0
DA:135,0
DA:136,0
DA:137,0
DA:140,0
DA:141,0
DA:142,0
DA:145,0
DA:146,0
DA:147,0
DA:150,0
DA:151,0
DA:154,0
DA:155,0
DA:162,0
DA:163,0
DA:165,0
DA:166,0
DA:169,0
DA:171,0
DA:172,0
DA:174,0
DA:179,0
DA:185,0
DA:187,0
DA:188,0
DA:191,0
DA:195,0
DA:196,0
DA:199,0
DA:201,0
DA:202,0
DA:204,0
DA:206,0
DA:207,0
DA:213,0
DA:221,0
DA:222,0
DA:225,0
DA:226,0
DA:229,0
DA:230,0
DA:232,0
DA:248,0
DA:259,0
DA:261,0
DA:262,0
DA:263,0
DA:266,0
DA:267,0
DA:268,0
DA:271,0
DA:272,0
DA:273,0
DA:276,0
DA:277,0
DA:279,0
DA:300,0
DA:311,0
DA:313,0
DA:314,0
DA:315,0
DA:318,0
DA:319,0
DA:320,0
DA:323,0
DA:324,0
DA:325,0
DA:328,0
DA:333,0
DA:334,0
DA:354,0
DA:365,0
DA:367,0
DA:368,0
DA:369,0
DA:372,0
DA:373,0
DA:374,0
DA:377,0
DA:383,0
DA:384,0
DA:394,0
LF:136
LH:0
BRDA:30,0,0,0
BRDA:30,0,1,0
BRDA:36,1,0,0
BRDA:39,2,0,0
BRDA:42,3,0,0
BRDA:56,4,0,0
BRDA:56,4,1,0
BRDA:70,5,0,0
BRDA:75,6,0,0
BRDA:93,7,0,0
BRDA:93,7,1,0
BRDA:96,8,0,0
BRDA:100,9,0,0
BRDA:105,10,0,0
BRDA:110,11,0,0
BRDA:115,12,0,0
BRDA:120,13,0,0
BRDA:135,14,0,0
BRDA:140,15,0,0
BRDA:145,16,0,0
BRDA:150,17,0,0
BRDA:165,18,0,0
BRDA:171,19,0,0
BRDA:187,20,0,0
BRDA:195,21,0,0
BRDA:218,22,0,0
BRDA:218,22,1,0
BRDA:261,23,0,0
BRDA:266,24,0,0
BRDA:271,25,0,0
BRDA:280,26,0,0
BRDA:280,26,1,0
BRDA:281,27,0,0
BRDA:281,27,1,0
BRDA:282,28,0,0
BRDA:282,28,1,0
BRDA:283,29,0,0
BRDA:283,29,1,0
BRDA:284,30,0,0
BRDA:284,30,1,0
BRDA:285,31,0,0
BRDA:285,31,1,0
BRDA:313,32,0,0
BRDA:318,33,0,0
BRDA:323,34,0,0
BRDA:336,35,0,0
BRDA:336,35,1,0
BRDA:337,36,0,0
BRDA:337,36,1,0
BRDA:338,37,0,0
BRDA:338,37,1,0
BRDA:339,38,0,0
BRDA:339,38,1,0
BRDA:344,39,0,0
BRDA:367,40,0,0
BRDA:372,41,0,0
BRDA:387,42,0,0
BRDA:387,42,1,0
BRDA:388,43,0,0
BRDA:388,43,1,0
BRDA:389,44,0,0
BRDA:389,44,1,0
BRF:62
BRH:0
end_of_record
TN:
[...]
FN:658,(anonymous_41)
FN:659,(anonymous_42)
FN:660,(anonymous_43)
FN:661,(anonymous_44)
FN:670,(anonymous_45)
FN:680,(anonymous_46)
FN:685,(anonymous_47)
FN:686,(anonymous_48)
FN:691,(anonymous_49)
FN:701,(anonymous_50)
FN:707,(anonymous_51)
FN:713,(anonymous_52)
FN:737,(anonymous_53)
FN:761,(anonymous_54)
FN:765,(anonymous_55)
FN:766,(anonymous_56)
FN:767,(anonymous_57)
FN:768,(anonymous_58)
FN:769,(anonymous_59)
FN:777,(anonymous_60)
FN:792,(anonymous_61)
FN:809,(anonymous_62)
FN:818,(anonymous_63)
FN:877,(anonymous_64)
FN:918,(anonymous_65)
FN:942,(anonymous_66)
FN:943,(anonymous_67)
FN:951,(anonymous_68)
FN:959,(anonymous_69)
FNF:70
FNH:1
FNDA:25,(anonymous_0)
FNDA:0,(anonymous_1)
FNDA:0,(anonymous_2)
FNDA:0,(anonymous_3)
FNDA:0,(anonymous_4)
FNDA:0,(anonymous_5)
FNDA:0,(anonymous_6)
FNDA:0,(anonymous_7)
FNDA:0,(anonymous_8)
FNDA:0,(anonymous_9)
FNDA:0,(anonymous_10)
FNDA:0,(anonymous_11)
FNDA:0,(anonymous_12)
FNDA:0,(anonymous_13)
FNDA:0,(anonymous_14)
FNDA:0,(anonymous_15)
FNDA:0,(anonymous_16)
FNDA:0,(anonymous_17)
FNDA:0,(anonymous_18)
FNDA:0,(anonymous_19)
FNDA:0,(anonymous_20)
FNDA:0,(anonymous_21)
FNDA:0,(anonymous_22)
FNDA:0,(anonymous_23)
FNDA:0,(anonymous_24)
FNDA:0,(anonymous_25)
FNDA:0,(anonymous_26)
FNDA:0,(anonymous_27)
FNDA:0,(anonymous_28)
FNDA:0,(anonymous_29)
FNDA:0,(anonymous_30)
FNDA:0,(anonymous_31)
FNDA:0,(anonymous_32)
FNDA:0,(anonymous_33)
FNDA:0,(anonymous_34)
FNDA:0,(anonymous_35)
FNDA:0,(anonymous_36)
FNDA:0,(anonymous_37)
FNDA:0,(anonymous_38)
FNDA:0,(anonymous_39)
FNDA:0,(anonymous_40)
FNDA:0,(anonymous_41)
FNDA:0,(anonymous_42)
FNDA:0,(anonymous_43)
FNDA:0,(anonymous_44)
FNDA:0,(anonymous_45)
FNDA:0,(anonymous_46)
FNDA:0,(anonymous_47)
FNDA:0,(anonymous_48)
FNDA:0,(anonymous_49)
FNDA:0,(anonymous_50)
FNDA:0,(anonymous_51)
FNDA:0,(anonymous_52)
FNDA:0,(anonymous_53)
FNDA:0,(anonymous_54)
FNDA:0,(anonymous_55)
FNDA:0,(anonymous_56)
FNDA:0,(anonymous_57)
FNDA:0,(anonymous_58)
FNDA:0,(anonymous_59)
FNDA:0,(anonymous_60)
FNDA:0,(anonymous_61)
FNDA:0,(anonymous_62)
FNDA:0,(anonymous_63)
FNDA:0,(anonymous_64)
FNDA:0,(anonymous_65)
FNDA:0,(anonymous_66)
FNDA:0,(anonymous_67)
FNDA:0,(anonymous_68)
FNDA:0,(anonymous_69)
DA:56,25
DA:58,25
DA:61,25
DA:68,0
DA:69,0
DA:70,0
DA:72,0
DA:73,0
DA:75,0
DA:76,0
DA:78,0
DA:85,0
DA:86,0
DA:87,0
DA:89,0
DA:90,0
DA:92,0
DA:93,0
DA:95,0
DA:102,0
DA:103,0
DA:104,0
DA:105,0
DA:107,0
DA:120,0
DA:122,0
DA:123,0
DA:124,0
DA:127,0
DA:128,0
DA:129,0
DA:132,0
DA:133,0
DA:134,0
DA:137,0
DA:144,0
DA:146,0
DA:147,0
DA:162,0
DA:168,0
DA:175,0
DA:188,0
DA:199,0
DA:205,0
DA:215,0
DA:221,0
DA:227,0
DA:228,0
DA:229,0
DA:232,0
DA:233,0
DA:234,0
DA:241,0
DA:248,0
DA:260,0
DA:265,0
DA:266,0
DA:267,0
DA:268,0
DA:270,0
DA:277,0
DA:298,0
DA:299,0
DA:300,0
DA:303,0
DA:304,0
DA:307,0
DA:308,0
DA:310,0
DA:313,0
DA:315,0
DA:316,0
DA:317,0
DA:320,0
DA:321,0
DA:322,0
DA:326,0
DA:328,0
DA:329,0
DA:330,0
DA:331,0
DA:333,0
DA:341,0
DA:347,0
DA:354,0
DA:355,0
DA:358,0
DA:366,0
DA:367,0
DA:370,0
DA:371,0
DA:372,0
DA:373,0
DA:376,0
DA:377,0
DA:378,0
DA:380,0
DA:382,0
DA:386,0
DA:396,0
DA:397,0
DA:399,0
DA:400,0
DA:401,0
DA:402,0
DA:405,0
DA:407,0
DA:411,0
DA:425,0
DA:439,0
DA:454,0
DA:460,0
DA:474,0
DA:490,0
DA:496,0
DA:511,0
DA:523,0
DA:529,0
DA:537,0
DA:538,0
DA:540,0
DA:541,0
DA:544,0
DA:548,0
DA:550,0
DA:551,0
DA:553,0
DA:554,0
DA:556,0
DA:557,0
DA:559,0
DA:560,0
DA:561,0
DA:562,0
DA:574,0
DA:578,0
DA:580,0
DA:581,0
DA:583,0
DA:584,0
DA:586,0
DA:599,0
DA:601,0
DA:602,0
DA:604,0
DA:606,0
DA:607,0
DA:609,0
DA:611,0
DA:624,0
DA:626,0
DA:627,0
DA:628,0
DA:629,0
DA:630,0
DA:631,0
DA:633,0
DA:634,0
DA:635,0
DA:637,0
DA:638,0
DA:639,0
DA:640,0
DA:641,0
DA:642,0
DA:645,0
DA:647,0
DA:650,0
DA:654,0
DA:655,0
DA:657,0
DA:658,0
DA:659,0
DA:660,0
DA:661,0
DA:663,0
DA:664,0
DA:667,0
DA:672,0
DA:674,0
DA:675,0
DA:676,0
DA:677,0
DA:679,0
DA:680,0
DA:681,0
DA:685,0
DA:686,0
DA:688,0
DA:693,0
DA:695,0
DA:696,0
DA:697,0
DA:698,0
DA:700,0
DA:701,0
DA:702,0
DA:707,0
DA:708,0
DA:710,0
DA:715,0
DA:716,0
DA:719,0
DA:720,0
DA:721,0
DA:726,0
DA:727,0
DA:734,0
DA:739,0
DA:741,0
DA:742,0
DA:744,0
DA:745,0
DA:747,0
DA:748,0
DA:749,0
DA:751,0
DA:752,0
DA:753,0
DA:754,0
DA:758,0
DA:762,0
DA:764,0
DA:765,0
DA:766,0
DA:767,0
DA:768,0
DA:769,0
DA:771,0
DA:772,0
DA:774,0
DA:778,0
DA:780,0
DA:782,0
DA:784,0
DA:786,0
DA:788,0
DA:793,0
DA:795,0
DA:797,0
DA:799,0
DA:801,0
DA:803,0
DA:805,0
DA:811,0
DA:812,0
DA:813,0
DA:814,0
DA:815,0
DA:819,0
DA:821,0
DA:822,0
DA:823,0
DA:825,0
DA:827,0
DA:836,0
DA:838,0
DA:847,0
DA:849,0
DA:858,0
DA:861,0
DA:871,0
DA:874,0
DA:878,0
DA:879,0
DA:881,0
DA:883,0
DA:892,0
DA:894,0
DA:903,0
DA:905,0
DA:915,0
DA:919,0
DA:920,0
DA:921,0
DA:923,0
DA:924,0
DA:926,0
DA:928,0
DA:929,0
DA:931,0
DA:932,0
DA:934,0
DA:935,0
DA:939,0
DA:943,0
DA:944,0
DA:945,0
DA:948,0
DA:952,0
DA:953,0
DA:954,0
DA:956,0
DA:960,0
LF:294
LH:3
BRDA:70,0,0,0
BRDA:87,1,0,0
BRDA:109,2,0,0
BRDA:109,2,1,0
BRDA:119,3,0,0
BRDA:122,4,0,0
BRDA:124,5,0,0
BRDA:127,6,0,0
BRDA:129,7,0,0
BRDA:132,8,0,0
BRDA:134,9,0,0
BRDA:233,10,0,0
BRDA:233,10,1,0
BRDA:236,11,0,0
BRDA:236,11,1,0
BRDA:243,12,0,0
BRDA:243,12,1,0
BRDA:267,13,0,0
BRDA:322,14,0,0
BRDA:322,14,1,0
BRDA:328,15,0,0
BRDA:328,16,0,0
BRDA:328,16,1,0
BRDA:354,17,0,0
BRDA:377,18,0,0
BRDA:540,19,0,0
BRDA:540,20,0,0
BRDA:540,20,1,0
BRDA:548,21,0,0
BRDA:557,22,0,0
BRDA:560,23,0,0
BRDA:560,24,0,0
BRDA:560,24,1,0
BRDA:578,25,0,0
BRDA:584,26,0,0
BRDA:588,27,0,0
BRDA:588,27,1,0
BRDA:599,28,0,0
BRDA:604,29,0,0
BRDA:609,30,0,0
BRDA:624,31,0,0
BRDA:645,32,0,0
BRDA:650,33,0,0
BRDA:650,33,1,0
BRDA:667,34,0,0
BRDA:667,34,1,0
BRDA:667,35,0,0
BRDA:667,35,1,0
BRDA:679,36,0,0
BRDA:700,37,0,0
BRDA:708,38,0,0
BRDA:708,38,1,0
BRDA:710,39,0,0
BRDA:710,39,1,0
BRDA:720,40,0,0
BRDA:720,41,0,0
BRDA:720,41,1,0
BRDA:739,42,0,0
BRDA:742,43,0,0
BRDA:751,44,0,0
BRDA:758,45,0,0
BRDA:758,45,1,0
BRDA:762,46,0,0
BRDA:774,47,0,0
BRDA:774,47,1,0
BRDA:778,48,0,0
BRDA:778,48,1,0
BRDA:778,48,2,0
BRDA:778,48,3,0
BRDA:778,48,4,0
BRDA:793,49,0,0
BRDA:793,49,1,0
BRDA:793,49,2,0
BRDA:793,49,3,0
BRDA:793,49,4,0
BRDA:793,49,5,0
BRDA:811,50,0,0
BRDA:812,51,0,0
BRDA:813,52,0,0
BRDA:814,53,0,0
BRDA:825,54,0,0
BRDA:825,54,1,0
BRDA:825,54,2,0
BRDA:825,54,3,0
BRDA:881,55,0,0
BRDA:881,55,1,0
BRDA:881,55,2,0
BRDA:926,56,0,0
BRDA:926,56,1,0
BRDA:926,56,2,0
BRDA:948,57,0,0
BRDA:948,57,1,0
BRDA:953,58,0,0
BRDA:953,59,0,0
BRDA:953,59,1,0
BRF:95
BRH:0
end_of_record
TN:
SF:src/services/forecasting/pattern-recognition.service.ts
FN:80,(anonymous_9)
FN:95,(anonymous_10)
FN:105,(anonymous_11)
FN:124,(anonymous_12)
FN:134,(anonymous_13)
FN:157,(anonymous_14)
FN:163,(anonymous_15)
FN:168,(anonymous_16)
FN:169,(anonymous_17)
FN:215,(anonymous_18)
FN:225,(anonymous_19)
FN:238,(anonymous_20)
FN:263,(anonymous_21)
FN:326,(anonymous_22)
FN:334,(anonymous_23)
FN:373,(anonymous_24)
FN:409,(anonymous_25)
FN:414,(anonymous_26)
FN:432,(anonymous_27)
FN:437,(anonymous_28)
FN:454,(anonymous_29)
FN:458,(anonymous_30)
FN:459,(anonymous_31)
FN:473,(anonymous_32)
FN:474,(anonymous_33)
FN:484,(anonymous_34)
FN:485,(anonymous_35)
FN:487,(anonymous_36)
FN:497,(anonymous_37)
FN:504,(anonymous_38)
FN:526,(anonymous_39)
FN:562,(anonymous_40)
FN:566,(anonymous_41)
FN:568,(anonymous_42)
FN:569,(anonymous_43)
FN:599,(anonymous_44)
FN:625,(anonymous_45)
FN:654,(anonymous_46)
FN:661,(anonymous_47)
FN:662,(anonymous_48)
FN:672,(anonymous_49)
FN:704,(anonymous_50)
FN:711,(anonymous_51)
FN:712,(anonymous_52)
FN:747,(anonymous_53)
FN:755,(anonymous_54)
FN:760,(anonymous_55)
FN:760,(anonymous_56)
FN:770,(anonymous_57)
FN:776,(anonymous_58)
FN:786,(anonymous_59)
FN:803,(anonymous_60)
FN:831,(anonymous_61)
FN:833,(anonymous_62)
FN:835,(anonymous_63)
FN:836,(anonymous_64)
FN:837,(anonymous_65)
FN:838,(anonymous_66)
FN:839,(anonymous_67)
FN:848,(anonymous_68)
FN:852,(anonymous_69)
FN:868,(anonymous_70)
FN:869,(anonymous_71)
FN:889,(anonymous_72)
FN:891,(anonymous_73)
FN:892,(anonymous_74)
FN:896,(anonymous_75)
FN:902,(anonymous_76)
FN:914,(anonymous_77)
FN:923,(anonymous_78)
FNF:70
FNH:1
FNDA:25,(anonymous_9)
FNDA:0,(anonymous_10)
FNDA:0,(anonymous_11)
FNDA:0,(anonymous_12)
FNDA:0,(anonymous_13)
FNDA:0,(anonymous_14)
FNDA:0,(anonymous_15)
FNDA:0,(anonymous_16)
FNDA:0,(anonymous_17)
FNDA:0,(anonymous_18)
FNDA:0,(anonymous_19)
FNDA:0,(anonymous_20)
FNDA:0,(anonymous_21)
FNDA:0,(anonymous_22)
FNDA:0,(anonymous_23)
FNDA:0,(anonymous_24)
FNDA:0,(anonymous_25)
FNDA:0,(anonymous_26)
FNDA:0,(anonymous_27)
FNDA:0,(anonymous_28)
FNDA:0,(anonymous_29)
FNDA:0,(anonymous_30)
FNDA:0,(anonymous_31)
FNDA:0,(anonymous_32)
FNDA:0,(anonymous_33)
FNDA:0,(anonymous_34)
FNDA:0,(anonymous_35)
FNDA:0,(anonymous_36)
FNDA:0,(anonymous_37)
FNDA:0,(anonymous_38)
FNDA:0,(anonymous_39)
FNDA:0,(anonymous_40)
FNDA:0,(anonymous_41)
FNDA:0,(anonymous_42)
FNDA:0,(anonymous_43)
FNDA:0,(anonymous_44)
FNDA:0,(anonymous_45)
FNDA:0,(anonymous_46)
FNDA:0,(anonymous_47)
FNDA:0,(anonymous_48)
FNDA:0,(anonymous_49)
FNDA:0,(anonymous_50)
FNDA:0,(anonymous_51)
FNDA:0,(anonymous_52)
FNDA:0,(anonymous_53)
FNDA:0,(anonymous_54)
FNDA:0,(anonymous_55)
FNDA:0,(anonymous_56)
FNDA:0,(anonymous_57)
FNDA:0,(anonymous_58)
FNDA:0,(anonymous_59)
FNDA:0,(anonymous_60)
FNDA:0,(anonymous_61)
FNDA:0,(anonymous_62)
FNDA:0,(anonymous_63)
FNDA:0,(anonymous_64)
FNDA:0,(anonymous_65)
FNDA:0,(anonymous_66)
FNDA:0,(anonymous_67)
FNDA:0,(anonymous_68)
FNDA:0,(anonymous_69)
FNDA:0,(anonymous_70)
FNDA:0,(anonymous_71)
FNDA:0,(anonymous_72)
FNDA:0,(anonymous_73)
FNDA:0,(anonymous_74)
FNDA:0,(anonymous_75)
FNDA:0,(anonymous_76)
FNDA:0,(anonymous_77)
FNDA:0,(anonymous_78)
DA:1,25
DA:73,25
DA:75,25
DA:76,25
DA:77,25
DA:81,25
DA:82,25
DA:96,0
DA:106,0
DA:107,0
DA:110,0
DA:113,0
DA:116,0
DA:117,0
DA:118,0
DA:119,0
DA:124,0
DA:125,0
DA:128,0
DA:139,0
DA:142,0
DA:143,0
DA:146,0
DA:147,0
DA:150,0
DA:151,0
DA:154,0
DA:155,0
DA:157,0
DA:164,0
DA:165,0
DA:168,0
DA:169,0
DA:172,0
DA:173,0
DA:175,0
DA:176,0
DA:178,0
DA:179,0
DA:180,0
DA:181,0
DA:182,0
DA:184,0
DA:186,0
DA:187,0
DA:188,0
DA:190,0
DA:203,0
DA:205,0
DA:219,0
DA:220,0
DA:221,0
DA:224,0
DA:225,0
DA:228,0
DA:229,0
DA:230,0
DA:233,0
DA:234,0
DA:238,0
DA:239,0
DA:241,0
DA:242,0
DA:243,0
DA:245,0
DA:246,0
DA:247,0
DA:249,0
DA:257,0
DA:270,0
DA:272,0
DA:273,0
DA:275,0
DA:282,0
DA:285,0
DA:292,0
DA:295,0
DA:302,0
DA:305,0
DA:312,0
DA:315,0
DA:322,0
DA:326,0
DA:327,0
DA:328,0
DA:335,0
DA:337,0
DA:338,0
DA:339,0
DA:342,0
DA:343,0
DA:345,0
DA:356,0
DA:362,0
DA:369,0
DA:370,0
DA:374,0
DA:376,0
DA:377,0
DA:378,0
DA:381,0
DA:382,0
DA:384,0
DA:393,0
DA:398,0
DA:405,0
DA:406,0
DA:410,0
DA:411,0
DA:413,0
DA:414,0
DA:417,0
DA:418,0
DA:419,0
DA:422,0
DA:424,0
DA:425,0
DA:429,0
DA:433,0
DA:434,0
DA:436,0
DA:437,0
DA:440,0
DA:441,0
DA:442,0
DA:443,0
DA:444,0
DA:446,0
DA:447,0
DA:451,0
DA:455,0
DA:458,0
DA:459,0
DA:460,0
DA:461,0
DA:462,0
DA:464,0
DA:467,0
DA:468,0
DA:471,0
DA:472,0
DA:473,0
DA:474,0
DA:475,0
DA:478,0
DA:479,0
DA:481,0
DA:485,0
DA:486,0
DA:487,0
DA:490,0
DA:491,0
DA:492,0
DA:493,0
DA:494,0
DA:503,0
DA:504,0
DA:507,0
DA:508,0
DA:509,0
DA:510,0
DA:523,0
DA:532,0
DA:533,0
DA:535,0
DA:536,0
DA:538,0
DA:539,0
DA:541,0
DA:542,0
DA:544,0
DA:545,0
DA:547,0
DA:562,0
DA:567,0
DA:568,0
DA:569,0
DA:572,0
DA:573,0
DA:599,0
DA:600,0
DA:602,0
DA:603,0
DA:622,0
DA:626,0
DA:627,0
DA:629,0
DA:630,0
DA:631,0
DA:651,0
DA:655,0
DA:658,0
DA:660,0
DA:661,0
DA:662,0
DA:664,0
DA:665,0
DA:667,0
DA:671,0
DA:672,0
DA:674,0
DA:675,0
DA:701,0
DA:708,0
DA:711,0
DA:712,0
DA:714,0
DA:715,0
DA:718,0
DA:719,0
DA:744,0
DA:748,0
DA:749,0
DA:750,0
DA:752,0
DA:756,0
DA:757,0
DA:760,0
DA:761,0
DA:762,0
DA:764,0
DA:765,0
DA:767,0
DA:771,0
DA:772,0
DA:773,0
DA:777,0
DA:778,0
DA:780,0
DA:781,0
DA:782,0
DA:783,0
DA:787,0
DA:789,0
DA:791,0
DA:793,0
DA:795,0
DA:797,0
DA:799,0
DA:808,0
DA:809,0
DA:812,0
DA:813,0
DA:815,0
DA:816,0
DA:817,0
DA:819,0
DA:820,0
DA:824,0
DA:832,0
DA:833,0
DA:835,0
DA:836,0
DA:837,0
DA:838,0
DA:839,0
DA:841,0
DA:842,0
DA:845,0
DA:849,0
DA:851,0
DA:852,0
DA:854,0
DA:855,0
DA:857,0
DA:858,0
DA:861,0
DA:862,0
DA:865,0
DA:869,0
DA:870,0
DA:871,0
DA:873,0
DA:875,0
DA:877,0
DA:879,0
DA:881,0
DA:883,0
DA:885,0
DA:891,0
DA:892,0
DA:893,0
DA:896,0
DA:897,0
DA:899,0
DA:903,0
DA:915,0
DA:916,0
DA:917,0
DA:924,0
DA:925,0
DA:926,0
DA:928,0
DA:929,0
DA:930,0
DA:932,0
LF:296
LH:7
BRDA:106,0,0,0
BRDA:106,1,0,0
BRDA:106,1,1,0
BRDA:118,2,0,0
BRDA:164,3,0,0
BRDA:164,4,0,0
BRDA:164,4,1,0
BRDA:180,5,0,0
BRDA:180,5,1,0
BRDA:182,6,0,0
BRDA:182,6,1,0
BRDA:186,7,0,0
BRDA:188,8,0,0
BRDA:188,8,1,0
BRDA:220,9,0,0
BRDA:233,10,0,0
BRDA:245,11,0,0
BRDA:273,12,0,0
BRDA:273,12,1,0
BRDA:273,12,2,0
BRDA:273,12,3,0
BRDA:273,12,4,0
BRDA:276,13,0,0
BRDA:276,13,1,0
BRDA:296,14,0,0
BRDA:296,14,1,0
BRDA:337,15,0,0
BRDA:376,16,0,0
BRDA:490,17,0,0
BRDA:490,18,0,0
BRDA:490,18,1,0
BRDA:491,19,0,0
BRDA:491,20,0,0
BRDA:491,20,1,0
BRDA:492,21,0,0
BRDA:492,22,0,0
BRDA:492,22,1,0
BRDA:493,23,0,0
BRDA:572,24,0,0
BRDA:578,25,0,0
BRDA:578,25,1,0
BRDA:602,26,0,0
BRDA:630,27,0,0
BRDA:636,28,0,0
BRDA:636,28,1,0
BRDA:642,29,0,0
BRDA:642,29,1,0
BRDA:664,30,0,0
BRDA:674,31,0,0
BRDA:674,32,0,0
BRDA:674,32,1,0
BRDA:718,33,0,0
BRDA:718,34,0,0
BRDA:718,34,1,0
BRDA:756,35,0,0
BRDA:756,36,0,0
BRDA:756,36,1,0
BRDA:771,37,0,0
BRDA:772,38,0,0
BRDA:780,39,0,0
BRDA:781,40,0,0
BRDA:782,41,0,0
BRDA:789,42,0,0
BRDA:789,42,1,0
BRDA:789,42,2,0
BRDA:789,42,3,0
BRDA:789,42,4,0
BRDA:809,43,0,0
BRDA:809,43,1,0
BRDA:809,44,0,0
BRDA:809,44,1,0
BRDA:819,45,0,0
BRDA:845,46,0,0
BRDA:845,46,1,0
BRDA:845,47,0,0
BRDA:845,47,1,0
BRDA:849,48,0,0
BRDA:865,49,0,0
BRDA:865,49,1,0
BRDA:873,50,0,0
BRDA:873,50,1,0
BRDA:873,50,2,0
BRDA:873,50,3,0
BRDA:873,50,4,0
BRDA:873,50,5,0
BRDA:897,51,0,0
BRDA:897,51,1,0
BRDA:924,52,0,0
BRDA:928,53,0,0
BRF:89
BRH:0
end_of_record
TN:
SF:src/utils/api-error.ts
FN:5,(anonymous_0)
FN:17,(anonymous_1)
FN:21,(anonymous_2)
FN:25,(anonymous_3)
FN:29,(anonymous_4)
FN:33,(anonymous_5)
FN:37,(anonymous_6)
FN:41,(anonymous_7)
FN:45,(anonymous_8)
FN:49,(anonymous_9)
FNF:10
FNH:1
FNDA:5,(anonymous_0)
FNDA:0,(anonymous_1)
FNDA:0,(anonymous_2)
FNDA:0,(anonymous_3)
FNDA:0,(anonymous_4)
FNDA:0,(anonymous_5)
FNDA:0,(anonymous_6)
FNDA:0,(anonymous_7)
FNDA:0,(anonymous_8)
FNDA:0,(anonymous_9)
DA:1,27
DA:6,5
DA:7,5
DA:8,5
DA:9,5
DA:12,5
DA:13,5
DA:18,0
DA:22,0
DA:26,0
DA:30,0
DA:34,0
DA:38,0
DA:42,0
DA:46,0
DA:50,0
LF:16
LH:7
BRDA:12,0,0,5
BRDA:21,1,0,0
BRDA:25,2,0,0
BRDA:29,3,0,0
BRDA:41,4,0,0
BRDA:45,5,0,0
BRDA:49,6,0,0
BRF:7
BRH:1
end_of_record
TN:
SF:src/utils/csv-helper.ts
FN:4,parseCSV
FN:11,(anonymous_1)
FN:38,(anonymous_2)
FN:84,(anonymous_3)
FN:84,(anonymous_4)
FN:87,(anonymous_5)
FN:87,(anonymous_6)
FN:110,generateCSV
FN:130,(anonymous_8)
FN:149,parseCSVLine
FN:182,escapeCSVField
FNF:11
FNH:0
FNDA:0,parseCSV
FNDA:0,(anonymous_1)
FNDA:0,(anonymous_2)
FNDA:0,(anonymous_3)
FNDA:0,(anonymous_4)
FNDA:0,(anonymous_5)
FNDA:0,(anonymous_6)
FNDA:0,generateCSV
FNDA:0,(anonymous_8)
FNDA:0,parseCSVLine
FNDA:0,escapeCSVField
DA:2,25
DA:4,25
DA:5,0
DA:7,0
DA:8,0
DA:11,0
DA:12,0
DA:15,0
DA:38,0
DA:40,0
DA:41,0
DA:42,0
DA:44,0
DA:46,0
DA:47,0
DA:50,0
DA:52,0
DA:53,0
DA:54,0
DA:56,0
DA:61,0
DA:62,0
DA:64,0
DA:65,0
DA:66,0
DA:68,0
DA:69,0
DA:71,0
DA:72,0
DA:73,0
DA:75,0
DA:76,0
DA:78,0
DA:80,0
DA:81,0
DA:82,0
DA:84,0
DA:87,0
DA:90,0
DA:92,0
DA:97,0
DA:98,0
DA:99,0
DA:100,0
DA:104,0
DA:107,0
DA:110,25
DA:111,0
DA:112,0
DA:115,0
DA:128,0
DA:130,0
DA:131,0
DA:143,0
DA:146,0
DA:150,0
DA:151,0
DA:152,0
DA:153,0
DA:155,0
DA:156,0
DA:157,0
DA:159,0
DA:160,0
DA:161,0
DA:162,0
DA:164,0
DA:165,0
DA:167,0
DA:169,0
DA:170,0
DA:171,0
DA:173,0
DA:175,0
DA:178,0
DA:179,0
DA:183,0
DA:185,0
DA:188,0
DA:190,0
DA:191,0
DA:194,0
LF:82
LH:3
BRDA:7,0,0,0
BRDA:38,1,0,0
BRDA:38,1,1,0
BRDA:42,2,0,0
BRDA:46,3,0,0
BRDA:56,4,0,0
BRDA:56,4,1,0
BRDA:56,4,2,0
BRDA:56,4,3,0
BRDA:56,4,4,0
BRDA:56,4,5,0
BRDA:56,4,6,0
BRDA:65,5,0,0
BRDA:72,6,0,0
BRDA:78,7,0,0
BRDA:78,7,1,0
BRDA:81,8,0,0
BRDA:81,8,1,0
BRDA:81,9,0,0
BRDA:81,9,1,0
BRDA:99,10,0,0
BRDA:99,11,0,0
BRDA:99,11,1,0
BRDA:111,12,0,0
BRDA:136,13,0,0
BRDA:136,13,1,0
BRDA:137,14,0,0
BRDA:137,14,1,0
BRDA:138,15,0,0
BRDA:138,15,1,0
BRDA:139,16,0,0
BRDA:139,16,1,0
BRDA:140,17,0,0
BRDA:140,17,1,0
BRDA:141,18,0,0
BRDA:141,18,1,0
BRDA:159,19,0,0
BRDA:159,19,1,0
BRDA:159,20,0,0
BRDA:159,20,1,0
BRDA:161,21,0,0
BRDA:161,21,1,0
BRDA:161,22,0,0
BRDA:161,22,1,0
BRDA:162,23,0,0
BRDA:162,23,1,0
BRDA:169,24,0,0
BRDA:169,24,1,0
BRDA:169,25,0,0
BRDA:169,25,1,0
BRDA:183,26,0,0
BRDA:188,27,0,0
BRDA:188,28,0,0
BRDA:188,28,1,0
BRDA:188,28,2,0
BRF:55
BRH:0
end_of_record
TN:
SF:src/utils/logger.ts
FN:23,(anonymous_0)
FN:29,(anonymous_1)
FN:36,(anonymous_2)
FN:40,(anonymous_3)
FN:48,(anonymous_4)
FN:54,(anonymous_5)
FN:60,(anonymous_6)
FN:66,(anonymous_7)
FN:72,(anonymous_8)
FN:76,(anonymous_9)
FN:81,(anonymous_10)
FN:86,(anonymous_11)
FN:91,(anonymous_12)
FN:97,(anonymous_13)
FN:99,(anonymous_14)
FN:103,(anonymous_15)
FN:107,(anonymous_16)
FN:111,(anonymous_17)
FN:115,(anonymous_18)
FN:119,(anonymous_19)
FNF:20
FNH:2
FNDA:25,(anonymous_0)
FNDA:125,(anonymous_1)
FNDA:0,(anonymous_2)
FNDA:0,(anonymous_3)
FNDA:0,(anonymous_4)
FNDA:0,(anonymous_5)
FNDA:0,(anonymous_6)
FNDA:0,(anonymous_7)
FNDA:0,(anonymous_8)
FNDA:0,(anonymous_9)
FNDA:0,(anonymous_10)
FNDA:0,(anonymous_11)
FNDA:0,(anonymous_12)
FNDA:0,(anonymous_13)
FNDA:0,(anonymous_14)
FNDA:0,(anonymous_15)
FNDA:0,(anonymous_16)
FNDA:0,(anonymous_17)
FNDA:0,(anonymous_18)
FNDA:0,(anonymous_19)
DA:12,25
DA:19,25
DA:25,25
DA:26,25
DA:30,125
DA:31,25
DA:33,125
DA:37,0
DA:41,0
DA:42,0
DA:43,0
DA:45,0
DA:49,0
DA:50,0
DA:55,0
DA:56,0
DA:61,0
DA:62,0
DA:67,0
DA:68,0
DA:73,0
DA:77,0
DA:82,0
DA:87,0
DA:92,0
DA:96,25
DA:97,0
DA:100,0
DA:104,0
DA:108,0
DA:112,0
DA:116,0
DA:120,0
DA:125,25
LF:34
LH:9
BRDA:25,0,0,25
BRDA:25,0,1,25
BRDA:26,1,0,25
BRDA:26,1,1,0
BRDA:30,2,0,25
BRDA:43,3,0,0
BRDA:43,3,1,0
BRDA:49,4,0,0
BRDA:55,5,0,0
BRDA:61,6,0,0
BRDA:67,7,0,0
BRF:11
BRH:4
end_of_record
TN:
SF:src/websocket/websocket.service.ts
FN:50,(anonymous_0)
FN:54,(anonymous_1)
FN:61,(anonymous_2)
FN:79,(anonymous_3)
FN:101,(anonymous_4)
FN:106,(anonymous_5)
FN:162,(anonymous_6)
FN:163,(anonymous_7)
FN:181,(anonymous_8)
FN:210,(anonymous_9)
FN:229,(anonymous_10)
FN:253,(anonymous_11)
FN:257,(anonymous_12)
FN:266,(anonymous_13)
FN:276,(anonymous_14)
FN:344,(anonymous_15)
FN:386,(anonymous_16)
FN:390,(anonymous_17)
FN:394,(anonymous_18)
FN:403,(anonymous_19)
FN:407,(anonymous_20)
FNF:21
FNH:2
FNDA:27,(anonymous_0)
FNDA:89,(anonymous_1)
FNDA:0,(anonymous_2)
FNDA:0,(anonymous_3)
FNDA:0,(anonymous_4)
FNDA:0,(anonymous_5)
FNDA:0,(anonymous_6)
FNDA:0,(anonymous_7)
FNDA:0,(anonymous_8)
FNDA:0,(anonymous_9)
FNDA:0,(anonymous_10)
FNDA:0,(anonymous_11)
FNDA:0,(anonymous_12)
FNDA:0,(anonymous_13)
FNDA:0,(anonymous_14)
FNDA:0,(anonymous_15)
FNDA:0,(anonymous_16)
FNDA:0,(anonymous_17)
FNDA:0,(anonymous_18)
FNDA:0,(anonymous_19)
FNDA:0,(anonymous_20)
DA:2,27
DA:3,27
DA:43,27
DA:45,27
DA:46,27
DA:47,27
DA:51,27
DA:55,89
DA:56,27
DA:58,89
DA:62,0
DA:75,0
DA:76,0
DA:80,0
DA:83,0
DA:86,0
DA:89,0
DA:92,0
DA:95,0
DA:98,0
DA:101,0
DA:102,0
DA:107,0
DA:108,0
DA:111,0
DA:116,0
DA:117,0
DA:118,0
DA:121,0
DA:124,0
DA:127,0
DA:128,0
DA:130,0
DA:133,0
DA:144,0
DA:147,0
DA:161,0
DA:162,0
DA:163,0
DA:171,0
DA:173,0
DA:176,0
DA:177,0
DA:182,0
DA:183,0
DA:185,0
DA:187,0
DA:188,0
DA:190,0
DA:191,0
DA:195,0
DA:211,0
DA:212,0
DA:214,0
DA:216,0
DA:219,0
DA:230,0
DA:231,0
DA:233,0
DA:235,0
DA:238,0
DA:248,0
DA:249,0
DA:254,0
DA:257,0
DA:262,0
DA:264,0
DA:266,0
DA:277,0
DA:278,0
DA:279,0
DA:281,0
DA:284,0
DA:289,0
DA:290,0
DA:291,0
DA:294,0
DA:297,0
DA:308,0
DA:318,0
DA:336,0
DA:339,0
DA:340,0
DA:345,0
DA:347,0
DA:349,0
DA:350,0
DA:351,0
DA:352,0
DA:353,0
DA:356,0
DA:368,0
DA:380,0
DA:381,0
DA:387,0
DA:391,0
DA:392,0
DA:393,0
DA:394,0
DA:395,0
DA:399,0
DA:404,0
DA:408,0
LF:103
LH:10
BRDA:55,0,0,27
BRDA:64,1,0,0
BRDA:64,1,1,0
BRDA:116,2,0,0
BRDA:127,3,0,0
BRDA:183,4,0,0
BRDA:188,5,0,0
BRDA:188,5,1,0
BRDA:190,6,0,0
BRDA:212,7,0,0
BRDA:231,8,0,0
BRDA:248,9,0,0
BRDA:262,10,0,0
BRDA:279,11,0,0
BRDA:289,12,0,0
BRDA:347,13,0,0
BRDA:350,14,0,0
BRDA:352,15,0,0
BRDA:391,16,0,0
BRDA:391,16,1,0
BRDA:393,17,0,0
BRF:21
BRH:1
end_of_record
