TN:
SF:src/app.ts
FN:58,(anonymous_1)
FN:68,(anonymous_2)
FN:110,(anonymous_3)
FNF:3
FNH:0
FNDA:0,(anonymous_1)
FNDA:0,(anonymous_2)
FNDA:0,(anonymous_3)
DA:1,0
DA:2,0
DA:3,0
DA:4,0
DA:5,0
DA:6,0
DA:7,0
DA:8,0
DA:9,0
DA:10,0
DA:11,0
DA:12,0
DA:13,0
DA:17,0
DA:19,0
DA:20,0
DA:21,0
DA:22,0
DA:24,0
DA:27,0
DA:28,0
DA:34,0
DA:41,0
DA:44,0
DA:45,0
DA:46,0
DA:49,0
DA:52,0
DA:55,0
DA:58,0
DA:59,0
DA:68,0
DA:69,0
DA:89,0
DA:90,0
DA:91,0
DA:92,0
DA:93,0
DA:95,0
DA:96,0
DA:99,0
DA:100,0
DA:101,0
DA:102,0
DA:103,0
DA:104,0
DA:105,0
DA:106,0
DA:107,0
DA:110,0
DA:111,0
DA:119,0
DA:121,0
LF:53
LH:0
BRDA:29,0,0,0
BRDA:29,0,1,0
BRDA:63,1,0,0
BRDA:63,1,1,0
BRF:4
BRH:0
end_of_record
TN:
SF:src/container/service-container.ts
FN:24,(anonymous_0)
FN:29,(anonymous_1)
FN:39,(anonymous_2)
FN:46,(anonymous_3)
FN:56,(anonymous_4)
FN:66,(anonymous_5)
FN:67,(anonymous_6)
FN:73,(anonymous_7)
FN:74,(anonymous_8)
FN:80,(anonymous_9)
FN:82,(anonymous_10)
FN:91,(anonymous_11)
FN:117,(anonymous_12)
FN:124,(anonymous_13)
FN:131,(anonymous_14)
FN:138,(anonymous_15)
FN:152,(anonymous_16)
FN:155,(anonymous_17)
FN:158,(anonymous_18)
FN:161,(anonymous_19)
FN:164,(anonymous_20)
FN:171,(anonymous_21)
FN:176,Injectable
FN:177,(anonymous_23)
FN:187,Inject
FN:188,(anonymous_25)
FN:191,(anonymous_26)
FNF:27
FNH:0
FNDA:0,(anonymous_0)
FNDA:0,(anonymous_1)
FNDA:0,(anonymous_2)
FNDA:0,(anonymous_3)
FNDA:0,(anonymous_4)
FNDA:0,(anonymous_5)
FNDA:0,(anonymous_6)
FNDA:0,(anonymous_7)
FNDA:0,(anonymous_8)
FNDA:0,(anonymous_9)
FNDA:0,(anonymous_10)
FNDA:0,(anonymous_11)
FNDA:0,(anonymous_12)
FNDA:0,(anonymous_13)
FNDA:0,(anonymous_14)
FNDA:0,(anonymous_15)
FNDA:0,(anonymous_16)
FNDA:0,(anonymous_17)
FNDA:0,(anonymous_18)
FNDA:0,(anonymous_19)
FNDA:0,(anonymous_20)
FNDA:0,(anonymous_21)
FNDA:0,Injectable
FNDA:0,(anonymous_23)
FNDA:0,Inject
FNDA:0,(anonymous_25)
FNDA:0,(anonymous_26)
DA:20,0
DA:21,0
DA:22,0
DA:30,0
DA:31,0
DA:33,0
DA:40,0
DA:47,0
DA:57,0
DA:67,0
DA:74,0
DA:81,0
DA:82,0
DA:92,0
DA:94,0
DA:95,0
DA:99,0
DA:100,0
DA:104,0
DA:107,0
DA:108,0
DA:111,0
DA:118,0
DA:125,0
DA:132,0
DA:139,0
DA:146,0
DA:151,0
DA:153,0
DA:156,0
DA:159,0
DA:162,0
DA:165,0
DA:171,0
DA:176,0
DA:177,0
DA:178,0
DA:179,0
DA:180,0
DA:187,0
DA:188,0
DA:191,0
DA:192,0
LF:43
LH:0
BRDA:30,0,0,0
BRDA:94,1,0,0
BRDA:99,2,0,0
BRDA:99,3,0,0
BRDA:99,3,1,0
BRDA:107,4,0,0
BRDA:178,5,0,0
BRDA:178,5,1,0
BRF:8
BRH:0
end_of_record
TN:
SF:src/container/service-registration.ts
FN:28,configureServices
FN:38,(anonymous_1)
FN:43,(anonymous_2)
FN:48,(anonymous_3)
FN:53,(anonymous_4)
FN:61,(anonymous_5)
FN:62,(anonymous_6)
FN:63,(anonymous_7)
FN:64,(anonymous_8)
FN:65,(anonymous_9)
FN:71,initializeServices
FN:92,shutdownServices
FN:110,checkServiceHealth
FN:121,(anonymous_13)
FN:141,getContainerStatus
FN:146,(anonymous_15)
FNF:16
FNH:0
FNDA:0,configureServices
FNDA:0,(anonymous_1)
FNDA:0,(anonymous_2)
FNDA:0,(anonymous_3)
FNDA:0,(anonymous_4)
FNDA:0,(anonymous_5)
FNDA:0,(anonymous_6)
FNDA:0,(anonymous_7)
FNDA:0,(anonymous_8)
FNDA:0,(anonymous_9)
FNDA:0,initializeServices
FNDA:0,shutdownServices
FNDA:0,checkServiceHealth
FNDA:0,(anonymous_13)
FNDA:0,getContainerStatus
FNDA:0,(anonymous_15)
DA:6,0
DA:7,0
DA:8,0
DA:9,0
DA:10,0
DA:11,0
DA:12,0
DA:17,0
DA:28,0
DA:30,0
DA:36,0
DA:38,0
DA:41,0
DA:43,0
DA:46,0
DA:48,0
DA:51,0
DA:53,0
DA:60,0
DA:61,0
DA:62,0
DA:63,0
DA:64,0
DA:65,0
DA:71,0
DA:73,0
DA:76,0
DA:77,0
DA:80,0
DA:81,0
DA:82,0
DA:84,0
DA:86,0
DA:92,0
DA:93,0
DA:95,0
DA:98,0
DA:100,0
DA:102,0
DA:103,0
DA:110,0
DA:115,0
DA:116,0
DA:117,0
DA:120,0
DA:121,0
DA:123,0
DA:129,0
DA:130,0
DA:141,0
DA:142,0
DA:146,0
LF:52
LH:0
BRDA:81,0,0,0
BRDA:126,1,0,0
BRDA:126,1,1,0
BRF:3
BRH:0
end_of_record
TN:
SF:src/controllers/analytics.controller.ts
FN:11,(anonymous_0)
FN:32,(anonymous_1)
FN:53,(anonymous_2)
FN:79,(anonymous_3)
FN:101,(anonymous_4)
FN:121,(anonymous_5)
FN:157,(anonymous_6)
FN:242,(anonymous_7)
FN:261,(anonymous_8)
FN:267,(anonymous_9)
FN:269,(anonymous_10)
FNF:11
FNH:0
FNDA:0,(anonymous_0)
FNDA:0,(anonymous_1)
FNDA:0,(anonymous_2)
FNDA:0,(anonymous_3)
FNDA:0,(anonymous_4)
FNDA:0,(anonymous_5)
FNDA:0,(anonymous_6)
FNDA:0,(anonymous_7)
FNDA:0,(anonymous_8)
FNDA:0,(anonymous_9)
FNDA:0,(anonymous_10)
DA:2,0
DA:4,0
DA:6,0
DA:12,0
DA:13,0
DA:21,0
DA:22,0
DA:24,0
DA:25,0
DA:33,0
DA:34,0
DA:42,0
DA:43,0
DA:45,0
DA:46,0
DA:54,0
DA:55,0
DA:68,0
DA:69,0
DA:71,0
DA:72,0
DA:80,0
DA:81,0
DA:90,0
DA:91,0
DA:93,0
DA:94,0
DA:102,0
DA:103,0
DA:110,0
DA:111,0
DA:113,0
DA:114,0
DA:122,0
DA:123,0
DA:125,0
DA:126,0
DA:129,0
DA:134,0
DA:135,0
DA:146,0
DA:147,0
DA:148,0
DA:150,0
DA:158,0
DA:159,0
DA:170,0
DA:184,0
DA:192,0
DA:213,0
DA:215,0
DA:216,0
DA:217,0
DA:219,0
DA:220,0
DA:222,0
DA:224,0
DA:225,0
DA:227,0
DA:229,0
DA:232,0
DA:234,0
DA:235,0
DA:243,0
DA:244,0
DA:250,0
DA:256,0
DA:261,0
DA:267,0
DA:269,0
DA:283,0
DA:285,0
DA:286,0
LF:73
LH:0
BRDA:14,0,0,0
BRDA:14,0,1,0
BRDA:15,1,0,0
BRDA:15,1,1,0
BRDA:16,2,0,0
BRDA:16,2,1,0
BRDA:18,3,0,0
BRDA:18,3,1,0
BRDA:35,4,0,0
BRDA:35,4,1,0
BRDA:36,5,0,0
BRDA:36,5,1,0
BRDA:37,6,0,0
BRDA:37,6,1,0
BRDA:39,7,0,0
BRDA:39,7,1,0
BRDA:56,8,0,0
BRDA:56,8,1,0
BRDA:57,9,0,0
BRDA:57,9,1,0
BRDA:58,10,0,0
BRDA:58,10,1,0
BRDA:60,11,0,0
BRDA:60,11,1,0
BRDA:63,12,0,0
BRDA:63,12,1,0
BRDA:64,13,0,0
BRDA:64,13,1,0
BRDA:82,14,0,0
BRDA:82,14,1,0
BRDA:83,15,0,0
BRDA:83,15,1,0
BRDA:84,16,0,0
BRDA:84,16,1,0
BRDA:86,17,0,0
BRDA:86,17,1,0
BRDA:104,18,0,0
BRDA:104,18,1,0
BRDA:105,19,0,0
BRDA:105,19,1,0
BRDA:106,20,0,0
BRDA:106,20,1,0
BRDA:125,21,0,0
BRDA:125,22,0,0
BRDA:125,22,1,0
BRDA:130,23,0,0
BRDA:130,23,1,0
BRDA:131,24,0,0
BRDA:131,24,1,0
BRDA:147,25,0,0
BRDA:160,26,0,0
BRDA:160,26,1,0
BRDA:165,27,0,0
BRDA:165,27,1,0
BRDA:166,28,0,0
BRDA:166,28,1,0
BRDA:204,29,0,0
BRDA:204,29,1,0
BRDA:205,30,0,0
BRDA:205,30,1,0
BRDA:207,31,0,0
BRDA:207,31,1,0
BRDA:208,32,0,0
BRDA:208,32,1,0
BRDA:213,33,0,0
BRDA:213,33,1,0
BRDA:213,33,2,0
BRDA:213,33,3,0
BRDA:245,34,0,0
BRDA:245,34,1,0
BRDA:247,35,0,0
BRDA:247,35,1,0
BRDA:262,36,0,0
BRDA:262,36,1,0
BRF:74
BRH:0
end_of_record
TN:
SF:src/controllers/availabilityController.ts
FN:35,(anonymous_0)
FN:42,(anonymous_1)
FN:153,(anonymous_2)
FN:243,(anonymous_3)
FN:332,(anonymous_4)
FN:357,(anonymous_5)
FN:386,(anonymous_6)
FN:482,(anonymous_7)
FNF:8
FNH:0
FNDA:0,(anonymous_0)
FNDA:0,(anonymous_1)
FNDA:0,(anonymous_2)
FNDA:0,(anonymous_3)
FNDA:0,(anonymous_4)
FNDA:0,(anonymous_5)
FNDA:0,(anonymous_6)
FNDA:0,(anonymous_7)
DA:3,0
DA:32,0
DA:36,0
DA:43,0
DA:44,0
DA:45,0
DA:46,0
DA:51,0
DA:60,0
DA:62,0
DA:63,0
DA:65,0
DA:66,0
DA:67,0
DA:70,0
DA:71,0
DA:72,0
DA:75,0
DA:76,0
DA:77,0
DA:85,0
DA:86,0
DA:89,0
DA:95,0
DA:96,0
DA:99,0
DA:100,0
DA:123,0
DA:124,0
DA:126,0
DA:128,0
DA:141,0
DA:142,0
DA:154,0
DA:155,0
DA:156,0
DA:157,0
DA:162,0
DA:165,0
DA:166,0
DA:169,0
DA:174,0
DA:175,0
DA:179,0
DA:183,0
DA:197,0
DA:198,0
DA:201,0
DA:222,0
DA:223,0
DA:225,0
DA:231,0
DA:232,0
DA:244,0
DA:245,0
DA:248,0
DA:253,0
DA:254,0
DA:258,0
DA:261,0
DA:264,0
DA:276,0
DA:277,0
DA:280,0
DA:301,0
DA:302,0
DA:304,0
DA:315,0
DA:320,0
DA:321,0
DA:333,0
DA:334,0
DA:345,0
DA:346,0
DA:358,0
DA:360,0
DA:369,0
DA:374,0
DA:375,0
DA:387,0
DA:388,0
DA:389,0
DA:390,0
DA:395,0
DA:398,0
DA:400,0
DA:401,0
DA:405,0
DA:408,0
DA:409,0
DA:411,0
DA:412,0
DA:414,0
DA:415,0
DA:418,0
DA:423,0
DA:424,0
DA:429,0
DA:433,0
DA:446,0
DA:447,0
DA:449,0
DA:456,0
DA:458,0
DA:464,0
DA:465,0
DA:467,0
DA:470,0
DA:471,0
DA:483,0
LF:110
LH:0
BRDA:45,0,0,0
BRDA:58,1,0,0
BRDA:59,2,0,0
BRDA:65,3,0,0
BRDA:65,4,0,0
BRDA:65,4,1,0
BRDA:70,5,0,0
BRDA:75,6,0,0
BRDA:156,7,0,0
BRDA:174,8,0,0
BRDA:253,9,0,0
BRDA:311,10,0,0
BRDA:311,10,1,0
BRDA:337,11,0,0
BRDA:337,11,1,0
BRDA:389,12,0,0
BRDA:400,13,0,0
BRDA:400,14,0,0
BRDA:400,14,1,0
BRDA:423,15,0,0
BRDA:491,16,0,0
BRDA:491,16,1,0
BRDA:492,17,0,0
BRDA:492,17,1,0
BRDA:493,18,0,0
BRDA:493,18,1,0
BRDA:494,19,0,0
BRDA:494,19,1,0
BRF:28
BRH:0
end_of_record
TN:
SF:src/controllers/capacity.controller.backup.ts
FN:11,(anonymous_0)
FN:41,(anonymous_1)
FN:76,(anonymous_2)
FN:103,(anonymous_3)
FN:129,(anonymous_4)
FN:149,(anonymous_5)
FN:162,(anonymous_6)
FN:181,(anonymous_7)
FN:201,(anonymous_8)
FN:222,(anonymous_9)
FN:244,(anonymous_10)
FNF:11
FNH:0
FNDA:0,(anonymous_0)
FNDA:0,(anonymous_1)
FNDA:0,(anonymous_2)
FNDA:0,(anonymous_3)
FNDA:0,(anonymous_4)
FNDA:0,(anonymous_5)
FNDA:0,(anonymous_6)
FNDA:0,(anonymous_7)
FNDA:0,(anonymous_8)
FNDA:0,(anonymous_9)
FNDA:0,(anonymous_10)
DA:2,0
DA:3,0
DA:4,0
DA:5,0
DA:7,0
DA:11,0
DA:12,0
DA:13,0
DA:14,0
DA:17,0
DA:19,0
DA:27,0
DA:29,0
DA:41,0
DA:42,0
DA:43,0
DA:45,0
DA:46,0
DA:49,0
DA:56,0
DA:62,0
DA:76,0
DA:77,0
DA:78,0
DA:79,0
DA:82,0
DA:84,0
DA:92,0
DA:103,0
DA:104,0
DA:105,0
DA:106,0
DA:109,0
DA:110,0
DA:112,0
DA:118,0
DA:129,0
DA:130,0
DA:132,0
DA:133,0
DA:136,0
DA:138,0
DA:149,0
DA:150,0
DA:151,0
DA:152,0
DA:155,0
DA:157,0
DA:158,0
DA:162,0
DA:167,0
DA:169,0
DA:181,0
DA:182,0
DA:184,0
DA:190,0
DA:201,0
DA:202,0
DA:204,0
DA:210,0
DA:222,0
DA:223,0
DA:225,0
DA:231,0
DA:244,0
DA:245,0
DA:247,0
DA:248,0
DA:251,0
DA:256,0
DA:257,0
DA:260,0
LF:72
LH:0
BRDA:13,0,0,0
BRDA:21,1,0,0
BRDA:21,1,1,0
BRDA:22,2,0,0
BRDA:22,2,1,0
BRDA:23,3,0,0
BRDA:23,3,1,0
BRDA:24,4,0,0
BRDA:24,4,1,0
BRDA:45,5,0,0
BRDA:51,6,0,0
BRDA:51,6,1,0
BRDA:52,7,0,0
BRDA:52,7,1,0
BRDA:58,8,0,0
BRDA:58,8,1,0
BRDA:59,9,0,0
BRDA:59,9,1,0
BRDA:78,10,0,0
BRDA:105,11,0,0
BRDA:132,12,0,0
BRDA:151,13,0,0
BRDA:157,14,0,0
BRDA:157,15,0,0
BRDA:157,15,1,0
BRDA:186,16,0,0
BRDA:186,16,1,0
BRDA:187,17,0,0
BRDA:187,17,1,0
BRDA:206,18,0,0
BRDA:206,18,1,0
BRDA:207,19,0,0
BRDA:207,19,1,0
BRDA:223,20,0,0
BRDA:227,21,0,0
BRDA:227,21,1,0
BRDA:228,22,0,0
BRDA:228,22,1,0
BRDA:247,23,0,0
BRDA:247,24,0,0
BRDA:247,24,1,0
BRDA:256,25,0,0
BRF:42
BRH:0
end_of_record
TN:
SF:src/controllers/capacity.controller.enhanced.ts
FN:11,(anonymous_0)
FN:41,(anonymous_1)
FN:76,(anonymous_2)
FN:103,(anonymous_3)
FN:129,(anonymous_4)
FN:149,(anonymous_5)
FN:162,(anonymous_6)
FN:181,(anonymous_7)
FN:201,(anonymous_8)
FN:222,(anonymous_9)
FN:244,(anonymous_10)
FN:270,(anonymous_11)
FN:296,(anonymous_12)
FN:345,(anonymous_13)
FN:431,(anonymous_14)
FN:455,(anonymous_15)
FN:468,(anonymous_16)
FN:468,(anonymous_17)
FNF:18
FNH:0
FNDA:0,(anonymous_0)
FNDA:0,(anonymous_1)
FNDA:0,(anonymous_2)
FNDA:0,(anonymous_3)
FNDA:0,(anonymous_4)
FNDA:0,(anonymous_5)
FNDA:0,(anonymous_6)
FNDA:0,(anonymous_7)
FNDA:0,(anonymous_8)
FNDA:0,(anonymous_9)
FNDA:0,(anonymous_10)
FNDA:0,(anonymous_11)
FNDA:0,(anonymous_12)
FNDA:0,(anonymous_13)
FNDA:0,(anonymous_14)
FNDA:0,(anonymous_15)
FNDA:0,(anonymous_16)
FNDA:0,(anonymous_17)
DA:2,0
DA:3,0
DA:4,0
DA:5,0
DA:7,0
DA:11,0
DA:12,0
DA:13,0
DA:14,0
DA:17,0
DA:19,0
DA:27,0
DA:29,0
DA:41,0
DA:42,0
DA:43,0
DA:45,0
DA:46,0
DA:49,0
DA:56,0
DA:62,0
DA:76,0
DA:77,0
DA:78,0
DA:79,0
DA:82,0
DA:84,0
DA:92,0
DA:103,0
DA:104,0
DA:105,0
DA:106,0
DA:109,0
DA:110,0
DA:112,0
DA:118,0
DA:129,0
DA:130,0
DA:132,0
DA:133,0
DA:136,0
DA:138,0
DA:149,0
DA:150,0
DA:151,0
DA:152,0
DA:155,0
DA:157,0
DA:158,0
DA:162,0
DA:167,0
DA:169,0
DA:181,0
DA:182,0
DA:184,0
DA:190,0
DA:201,0
DA:202,0
DA:204,0
DA:210,0
DA:222,0
DA:223,0
DA:225,0
DA:231,0
DA:244,0
DA:245,0
DA:247,0
DA:248,0
DA:251,0
DA:256,0
DA:257,0
DA:260,0
DA:270,0
DA:271,0
DA:272,0
DA:274,0
DA:275,0
DA:278,0
DA:284,0
DA:296,0
DA:297,0
DA:298,0
DA:299,0
DA:302,0
DA:303,0
DA:305,0
DA:306,0
DA:310,0
DA:316,0
DA:318,0
DA:325,0
DA:334,0
DA:345,0
DA:346,0
DA:347,0
DA:348,0
DA:351,0
DA:352,0
DA:354,0
DA:355,0
DA:358,0
DA:365,0
DA:367,0
DA:368,0
DA:370,0
DA:371,0
DA:373,0
DA:375,0
DA:380,0
DA:381,0
DA:382,0
DA:387,0
DA:388,0
DA:389,0
DA:391,0
DA:394,0
DA:401,0
DA:404,0
DA:411,0
DA:413,0
DA:421,0
DA:422,0
DA:424,0
DA:431,0
DA:432,0
DA:434,0
DA:440,0
DA:443,0
DA:455,0
DA:467,0
DA:468,0
DA:472,0
DA:473,0
DA:474,0
DA:475,0
DA:477,0
LF:136
LH:0
BRDA:13,0,0,0
BRDA:21,1,0,0
BRDA:21,1,1,0
BRDA:22,2,0,0
BRDA:22,2,1,0
BRDA:23,3,0,0
BRDA:23,3,1,0
BRDA:24,4,0,0
BRDA:24,4,1,0
BRDA:45,5,0,0
BRDA:51,6,0,0
BRDA:51,6,1,0
BRDA:52,7,0,0
BRDA:52,7,1,0
BRDA:58,8,0,0
BRDA:58,8,1,0
BRDA:59,9,0,0
BRDA:59,9,1,0
BRDA:78,10,0,0
BRDA:105,11,0,0
BRDA:132,12,0,0
BRDA:151,13,0,0
BRDA:157,14,0,0
BRDA:157,15,0,0
BRDA:157,15,1,0
BRDA:186,16,0,0
BRDA:186,16,1,0
BRDA:187,17,0,0
BRDA:187,17,1,0
BRDA:206,18,0,0
BRDA:206,18,1,0
BRDA:207,19,0,0
BRDA:207,19,1,0
BRDA:223,20,0,0
BRDA:227,21,0,0
BRDA:227,21,1,0
BRDA:228,22,0,0
BRDA:228,22,1,0
BRDA:247,23,0,0
BRDA:247,24,0,0
BRDA:247,24,1,0
BRDA:256,25,0,0
BRDA:274,26,0,0
BRDA:280,27,0,0
BRDA:280,27,1,0
BRDA:281,28,0,0
BRDA:281,28,1,0
BRDA:298,29,0,0
BRDA:305,30,0,0
BRDA:316,31,0,0
BRDA:316,31,1,0
BRDA:337,32,0,0
BRDA:337,32,1,0
BRDA:347,33,0,0
BRDA:351,34,0,0
BRDA:352,35,0,0
BRDA:352,36,0,0
BRDA:354,37,0,0
BRDA:354,38,0,0
BRDA:354,38,1,0
BRDA:380,39,0,0
BRDA:380,39,1,0
BRDA:381,40,0,0
BRDA:381,40,1,0
BRDA:388,41,0,0
BRDA:388,41,1,0
BRDA:406,42,0,0
BRDA:406,42,1,0
BRDA:436,43,0,0
BRDA:436,43,1,0
BRDA:437,44,0,0
BRDA:437,44,1,0
BRDA:457,45,0,0
BRDA:457,45,1,0
BRDA:458,46,0,0
BRDA:458,46,1,0
BRDA:463,47,0,0
BRDA:463,47,1,0
BRF:78
BRH:0
end_of_record
TN:
SF:src/controllers/capacity.controller.ts
FN:11,(anonymous_0)
FN:41,(anonymous_1)
FN:76,(anonymous_2)
FN:103,(anonymous_3)
FN:129,(anonymous_4)
FN:149,(anonymous_5)
FN:162,(anonymous_6)
FN:181,(anonymous_7)
FN:201,(anonymous_8)
FN:222,(anonymous_9)
FN:244,(anonymous_10)
FN:270,(anonymous_11)
FN:296,(anonymous_12)
FN:345,(anonymous_13)
FN:431,(anonymous_14)
FN:455,(anonymous_15)
FN:468,(anonymous_16)
FN:468,(anonymous_17)
FNF:18
FNH:0
FNDA:0,(anonymous_0)
FNDA:0,(anonymous_1)
FNDA:0,(anonymous_2)
FNDA:0,(anonymous_3)
FNDA:0,(anonymous_4)
FNDA:0,(anonymous_5)
FNDA:0,(anonymous_6)
FNDA:0,(anonymous_7)
FNDA:0,(anonymous_8)
FNDA:0,(anonymous_9)
FNDA:0,(anonymous_10)
FNDA:0,(anonymous_11)
FNDA:0,(anonymous_12)
FNDA:0,(anonymous_13)
FNDA:0,(anonymous_14)
FNDA:0,(anonymous_15)
FNDA:0,(anonymous_16)
FNDA:0,(anonymous_17)
DA:2,0
DA:3,0
DA:4,0
DA:5,0
DA:7,0
DA:11,0
DA:12,0
DA:13,0
DA:14,0
DA:17,0
DA:19,0
DA:27,0
DA:29,0
DA:41,0
DA:42,0
DA:43,0
DA:45,0
DA:46,0
DA:49,0
DA:56,0
DA:62,0
DA:76,0
DA:77,0
DA:78,0
DA:79,0
DA:82,0
DA:84,0
DA:92,0
DA:103,0
DA:104,0
DA:105,0
DA:106,0
DA:109,0
DA:110,0
DA:112,0
DA:118,0
DA:129,0
DA:130,0
DA:132,0
DA:133,0
DA:136,0
DA:138,0
DA:149,0
DA:150,0
DA:151,0
DA:152,0
DA:155,0
DA:157,0
DA:158,0
DA:162,0
DA:167,0
DA:169,0
DA:181,0
DA:182,0
DA:184,0
DA:190,0
DA:201,0
DA:202,0
DA:204,0
DA:210,0
DA:222,0
DA:223,0
DA:225,0
DA:231,0
DA:244,0
DA:245,0
DA:247,0
DA:248,0
DA:251,0
DA:256,0
DA:257,0
DA:260,0
DA:270,0
DA:271,0
DA:272,0
DA:274,0
DA:275,0
DA:278,0
DA:284,0
DA:296,0
DA:297,0
DA:298,0
DA:299,0
DA:302,0
DA:303,0
DA:305,0
DA:306,0
DA:310,0
DA:316,0
DA:318,0
DA:325,0
DA:334,0
DA:345,0
DA:346,0
DA:347,0
DA:348,0
DA:351,0
DA:352,0
DA:354,0
DA:355,0
DA:358,0
DA:365,0
DA:367,0
DA:368,0
DA:370,0
DA:371,0
DA:373,0
DA:375,0
DA:380,0
DA:381,0
DA:382,0
DA:387,0
DA:388,0
DA:389,0
DA:391,0
DA:394,0
DA:401,0
DA:404,0
DA:411,0
DA:413,0
DA:421,0
DA:422,0
DA:424,0
DA:431,0
DA:432,0
DA:434,0
DA:440,0
DA:443,0
DA:455,0
DA:467,0
DA:468,0
DA:472,0
DA:473,0
DA:474,0
DA:475,0
DA:477,0
LF:136
LH:0
BRDA:13,0,0,0
BRDA:21,1,0,0
BRDA:21,1,1,0
BRDA:22,2,0,0
BRDA:22,2,1,0
BRDA:23,3,0,0
BRDA:23,3,1,0
BRDA:24,4,0,0
BRDA:24,4,1,0
BRDA:45,5,0,0
BRDA:51,6,0,0
BRDA:51,6,1,0
BRDA:52,7,0,0
BRDA:52,7,1,0
BRDA:58,8,0,0
BRDA:58,8,1,0
BRDA:59,9,0,0
BRDA:59,9,1,0
BRDA:78,10,0,0
BRDA:105,11,0,0
BRDA:132,12,0,0
BRDA:151,13,0,0
BRDA:157,14,0,0
BRDA:157,15,0,0
BRDA:157,15,1,0
BRDA:186,16,0,0
BRDA:186,16,1,0
BRDA:187,17,0,0
BRDA:187,17,1,0
BRDA:206,18,0,0
BRDA:206,18,1,0
BRDA:207,19,0,0
BRDA:207,19,1,0
BRDA:223,20,0,0
BRDA:227,21,0,0
BRDA:227,21,1,0
BRDA:228,22,0,0
BRDA:228,22,1,0
BRDA:247,23,0,0
BRDA:247,24,0,0
BRDA:247,24,1,0
BRDA:256,25,0,0
BRDA:274,26,0,0
BRDA:280,27,0,0
BRDA:280,27,1,0
BRDA:281,28,0,0
BRDA:281,28,1,0
BRDA:298,29,0,0
BRDA:305,30,0,0
BRDA:316,31,0,0
BRDA:316,31,1,0
BRDA:337,32,0,0
BRDA:337,32,1,0
BRDA:347,33,0,0
BRDA:351,34,0,0
BRDA:352,35,0,0
BRDA:352,36,0,0
BRDA:354,37,0,0
BRDA:354,38,0,0
BRDA:354,38,1,0
BRDA:380,39,0,0
BRDA:380,39,1,0
BRDA:381,40,0,0
BRDA:381,40,1,0
BRDA:388,41,0,0
BRDA:388,41,1,0
BRDA:406,42,0,0
BRDA:406,42,1,0
BRDA:436,43,0,0
BRDA:436,43,1,0
BRDA:437,44,0,0
BRDA:437,44,1,0
BRDA:457,45,0,0
BRDA:457,45,1,0
BRDA:458,46,0,0
BRDA:458,46,1,0
BRDA:463,47,0,0
BRDA:463,47,1,0
BRF:78
BRH:0
end_of_record
TN:
SF:src/controllers/department.controller.ts
FN:8,(anonymous_0)
FN:13,(anonymous_1)
FN:23,(anonymous_2)
FN:39,(anonymous_3)
FN:58,(anonymous_4)
FN:86,(anonymous_5)
FN:113,(anonymous_6)
FN:136,(anonymous_7)
FNF:8
FNH:0
FNDA:0,(anonymous_0)
FNDA:0,(anonymous_1)
FNDA:0,(anonymous_2)
FNDA:0,(anonymous_3)
FNDA:0,(anonymous_4)
FNDA:0,(anonymous_5)
FNDA:0,(anonymous_6)
FNDA:0,(anonymous_7)
DA:2,0
DA:3,0
DA:5,0
DA:9,0
DA:13,0
DA:14,0
DA:15,0
DA:16,0
DA:18,0
DA:23,0
DA:24,0
DA:25,0
DA:26,0
DA:28,0
DA:29,0
DA:32,0
DA:34,0
DA:39,0
DA:40,0
DA:41,0
DA:44,0
DA:45,0
DA:46,0
DA:49,0
DA:51,0
DA:53,0
DA:58,0
DA:59,0
DA:60,0
DA:61,0
DA:64,0
DA:65,0
DA:66,0
DA:70,0
DA:71,0
DA:72,0
DA:73,0
DA:77,0
DA:79,0
DA:81,0
DA:86,0
DA:87,0
DA:88,0
DA:91,0
DA:92,0
DA:93,0
DA:97,0
DA:98,0
DA:99,0
DA:104,0
DA:106,0
DA:108,0
DA:113,0
DA:114,0
DA:115,0
DA:118,0
DA:119,0
DA:120,0
DA:123,0
DA:125,0
DA:131,0
DA:136,0
DA:137,0
DA:138,0
DA:140,0
DA:142,0
LF:66
LH:0
BRDA:28,0,0,0
BRDA:45,1,0,0
BRDA:65,2,0,0
BRDA:70,3,0,0
BRDA:70,4,0,0
BRDA:70,4,1,0
BRDA:72,5,0,0
BRDA:92,6,0,0
BRDA:98,7,0,0
BRDA:119,8,0,0
BRF:10
BRH:0
end_of_record
TN:
SF:src/controllers/employee.controller.ts
FN:10,(anonymous_0)
FN:15,(anonymous_1)
FN:40,(anonymous_2)
FN:56,(anonymous_3)
FN:75,(anonymous_4)
FN:103,(anonymous_5)
FN:122,(anonymous_6)
FN:144,(anonymous_7)
FN:172,(anonymous_8)
FNF:9
FNH:0
FNDA:0,(anonymous_0)
FNDA:0,(anonymous_1)
FNDA:0,(anonymous_2)
FNDA:0,(anonymous_3)
FNDA:0,(anonymous_4)
FNDA:0,(anonymous_5)
FNDA:0,(anonymous_6)
FNDA:0,(anonymous_7)
FNDA:0,(anonymous_8)
DA:2,0
DA:4,0
DA:5,0
DA:7,0
DA:11,0
DA:15,0
DA:16,0
DA:17,0
DA:31,0
DA:33,0
DA:35,0
DA:40,0
DA:41,0
DA:42,0
DA:43,0
DA:45,0
DA:46,0
DA:49,0
DA:51,0
DA:56,0
DA:57,0
DA:58,0
DA:61,0
DA:62,0
DA:63,0
DA:66,0
DA:68,0
DA:70,0
DA:75,0
DA:76,0
DA:77,0
DA:78,0
DA:81,0
DA:82,0
DA:83,0
DA:87,0
DA:88,0
DA:89,0
DA:90,0
DA:94,0
DA:96,0
DA:98,0
DA:103,0
DA:104,0
DA:105,0
DA:108,0
DA:109,0
DA:110,0
DA:113,0
DA:115,0
DA:117,0
DA:122,0
DA:123,0
DA:124,0
DA:125,0
DA:128,0
DA:129,0
DA:131,0
DA:132,0
DA:135,0
DA:137,0
DA:139,0
DA:144,0
DA:145,0
DA:146,0
DA:160,0
DA:161,0
DA:163,0
DA:164,0
DA:165,0
DA:167,0
DA:172,0
DA:173,0
DA:174,0
DA:176,0
DA:178,0
LF:76
LH:0
BRDA:18,0,0,0
BRDA:18,0,1,0
BRDA:19,1,0,0
BRDA:19,1,1,0
BRDA:21,2,0,0
BRDA:21,2,1,0
BRDA:24,3,0,0
BRDA:24,3,1,0
BRDA:25,4,0,0
BRDA:25,4,1,0
BRDA:26,5,0,0
BRDA:26,5,1,0
BRDA:27,6,0,0
BRDA:27,6,1,0
BRDA:28,7,0,0
BRDA:28,7,1,0
BRDA:45,8,0,0
BRDA:62,9,0,0
BRDA:82,10,0,0
BRDA:87,11,0,0
BRDA:87,12,0,0
BRDA:87,12,1,0
BRDA:89,13,0,0
BRDA:109,14,0,0
BRDA:124,15,0,0
BRDA:131,16,0,0
BRDA:131,17,0,0
BRDA:131,17,1,0
BRDA:150,18,0,0
BRDA:150,18,1,0
BRDA:153,19,0,0
BRDA:153,19,1,0
BRDA:154,20,0,0
BRDA:154,20,1,0
BRDA:155,21,0,0
BRDA:155,21,1,0
BRDA:156,22,0,0
BRDA:156,22,1,0
BRDA:157,23,0,0
BRDA:157,23,1,0
BRF:40
BRH:0
end_of_record
TN:
SF:src/controllers/exportController.ts
FN:8,(anonymous_0)
FN:15,(anonymous_1)
FN:100,(anonymous_2)
FN:103,(anonymous_3)
FN:104,(anonymous_4)
FN:172,(anonymous_5)
FN:212,(anonymous_6)
FN:287,(anonymous_7)
FN:375,(anonymous_8)
FN:461,(anonymous_9)
FN:463,(anonymous_10)
FN:478,(anonymous_11)
FN:480,(anonymous_12)
FN:495,(anonymous_13)
FN:497,(anonymous_14)
FNF:15
FNH:0
FNDA:0,(anonymous_0)
FNDA:0,(anonymous_1)
FNDA:0,(anonymous_2)
FNDA:0,(anonymous_3)
FNDA:0,(anonymous_4)
FNDA:0,(anonymous_5)
FNDA:0,(anonymous_6)
FNDA:0,(anonymous_7)
FNDA:0,(anonymous_8)
FNDA:0,(anonymous_9)
FNDA:0,(anonymous_10)
FNDA:0,(anonymous_11)
FNDA:0,(anonymous_12)
FNDA:0,(anonymous_13)
FNDA:0,(anonymous_14)
DA:3,0
DA:5,0
DA:9,0
DA:16,0
DA:17,0
DA:18,0
DA:19,0
DA:24,0
DA:30,0
DA:33,0
DA:34,0
DA:36,0
DA:37,0
DA:38,0
DA:41,0
DA:42,0
DA:43,0
DA:46,0
DA:47,0
DA:48,0
DA:56,0
DA:58,0
DA:80,0
DA:81,0
DA:84,0
DA:100,0
DA:103,0
DA:104,0
DA:107,0
DA:109,0
DA:110,0
DA:112,0
DA:113,0
DA:115,0
DA:116,0
DA:118,0
DA:119,0
DA:121,0
DA:122,0
DA:124,0
DA:125,0
DA:127,0
DA:128,0
DA:130,0
DA:131,0
DA:133,0
DA:137,0
DA:138,0
DA:141,0
DA:142,0
DA:143,0
DA:146,0
DA:150,0
DA:151,0
DA:152,0
DA:154,0
DA:155,0
DA:156,0
DA:158,0
DA:160,0
DA:161,0
DA:173,0
DA:174,0
DA:175,0
DA:176,0
DA:181,0
DA:187,0
DA:190,0
DA:191,0
DA:192,0
DA:194,0
DA:195,0
DA:196,0
DA:198,0
DA:200,0
DA:201,0
DA:213,0
DA:214,0
DA:215,0
DA:216,0
DA:221,0
DA:230,0
DA:233,0
DA:234,0
DA:236,0
DA:237,0
DA:238,0
DA:241,0
DA:243,0
DA:259,0
DA:260,0
DA:265,0
DA:266,0
DA:267,0
DA:269,0
DA:270,0
DA:271,0
DA:273,0
DA:275,0
DA:276,0
DA:288,0
DA:289,0
DA:290,0
DA:291,0
DA:296,0
DA:306,0
DA:309,0
DA:312,0
DA:314,0
DA:315,0
DA:317,0
DA:318,0
DA:320,0
DA:321,0
DA:323,0
DA:327,0
DA:334,0
DA:343,0
DA:344,0
DA:346,0
DA:363,0
DA:364,0
DA:376,0
DA:377,0
DA:378,0
DA:379,0
DA:384,0
DA:387,0
DA:389,0
DA:391,0
DA:392,0
DA:398,0
DA:400,0
DA:401,0
DA:403,0
DA:404,0
DA:406,0
DA:407,0
DA:409,0
DA:412,0
DA:420,0
DA:430,0
DA:436,0
DA:443,0
DA:449,0
DA:450,0
DA:463,0
DA:465,0
DA:480,0
DA:482,0
DA:497,0
DA:499,0
LF:152
LH:0
BRDA:18,0,0,0
BRDA:28,1,0,0
BRDA:29,2,0,0
BRDA:36,3,0,0
BRDA:36,4,0,0
BRDA:36,4,1,0
BRDA:41,5,0,0
BRDA:46,6,0,0
BRDA:100,7,0,0
BRDA:100,7,1,0
BRDA:107,8,0,0
BRDA:107,8,1,0
BRDA:107,8,2,0
BRDA:107,8,3,0
BRDA:107,8,4,0
BRDA:107,8,5,0
BRDA:107,8,6,0
BRDA:107,8,7,0
BRDA:107,8,8,0
BRDA:124,9,0,0
BRDA:124,9,1,0
BRDA:127,10,0,0
BRDA:127,10,1,0
BRDA:130,11,0,0
BRDA:130,11,1,0
BRDA:137,12,0,0
BRDA:137,13,0,0
BRDA:137,13,1,0
BRDA:142,14,0,0
BRDA:142,15,0,0
BRDA:142,15,1,0
BRDA:142,15,2,0
BRDA:175,16,0,0
BRDA:187,17,0,0
BRDA:187,18,0,0
BRDA:187,19,0,0
BRDA:215,20,0,0
BRDA:226,21,0,0
BRDA:227,22,0,0
BRDA:228,23,0,0
BRDA:229,24,0,0
BRDA:236,25,0,0
BRDA:290,26,0,0
BRDA:312,27,0,0
BRDA:312,27,1,0
BRDA:312,27,2,0
BRDA:312,27,3,0
BRDA:339,28,0,0
BRDA:339,28,1,0
BRDA:378,29,0,0
BRDA:398,30,0,0
BRDA:398,30,1,0
BRDA:398,30,2,0
BRDA:398,30,3,0
BRDA:416,31,0,0
BRDA:416,31,1,0
BRF:56
BRH:0
end_of_record
TN:
SF:src/controllers/project.controller.ts
FN:13,(anonymous_0)
FN:18,(anonymous_1)
FN:47,(anonymous_2)
FN:78,(anonymous_3)
FN:102,(anonymous_4)
FN:104,(anonymous_5)
FN:113,(anonymous_6)
FN:147,(anonymous_7)
FN:174,(anonymous_8)
FN:208,(anonymous_9)
FN:227,(anonymous_10)
FN:260,(anonymous_11)
FNF:12
FNH:0
FNDA:0,(anonymous_0)
FNDA:0,(anonymous_1)
FNDA:0,(anonymous_2)
FNDA:0,(anonymous_3)
FNDA:0,(anonymous_4)
FNDA:0,(anonymous_5)
FNDA:0,(anonymous_6)
FNDA:0,(anonymous_7)
FNDA:0,(anonymous_8)
FNDA:0,(anonymous_9)
FNDA:0,(anonymous_10)
FNDA:0,(anonymous_11)
DA:3,0
DA:4,0
DA:5,0
DA:9,0
DA:14,0
DA:15,0
DA:18,0
DA:19,0
DA:21,0
DA:33,0
DA:35,0
DA:37,0
DA:43,0
DA:47,0
DA:48,0
DA:49,0
DA:58,0
DA:65,0
DA:67,0
DA:74,0
DA:78,0
DA:79,0
DA:80,0
DA:81,0
DA:82,0
DA:85,0
DA:86,0
DA:87,0
DA:91,0
DA:92,0
DA:94,0
DA:102,0
DA:104,0
DA:109,0
DA:113,0
DA:114,0
DA:116,0
DA:117,0
DA:118,0
DA:121,0
DA:133,0
DA:135,0
DA:137,0
DA:143,0
DA:147,0
DA:148,0
DA:149,0
DA:150,0
DA:151,0
DA:155,0
DA:156,0
DA:157,0
DA:160,0
DA:162,0
DA:164,0
DA:169,0
DA:174,0
DA:175,0
DA:177,0
DA:178,0
DA:179,0
DA:182,0
DA:196,0
DA:198,0
DA:204,0
DA:208,0
DA:209,0
DA:210,0
DA:211,0
DA:212,0
DA:215,0
DA:217,0
DA:222,0
DA:227,0
DA:228,0
DA:230,0
DA:231,0
DA:232,0
DA:235,0
DA:248,0
DA:250,0
DA:256,0
DA:260,0
DA:261,0
DA:262,0
DA:263,0
DA:264,0
DA:267,0
DA:269,0
DA:274,0
LF:90
LH:0
BRDA:27,0,0,0
BRDA:27,0,1,0
BRDA:28,1,0,0
BRDA:28,1,1,0
BRDA:59,2,0,0
BRDA:59,2,1,0
BRDA:60,3,0,0
BRDA:60,3,1,0
BRDA:61,4,0,0
BRDA:61,4,1,0
BRDA:62,5,0,0
BRDA:62,5,1,0
BRDA:81,6,0,0
BRDA:86,7,0,0
BRDA:104,8,0,0
BRDA:104,8,1,0
BRDA:117,9,0,0
BRDA:150,10,0,0
BRDA:156,11,0,0
BRDA:178,12,0,0
BRDA:186,13,0,0
BRDA:186,13,1,0
BRDA:193,14,0,0
BRDA:193,14,1,0
BRDA:211,15,0,0
BRDA:231,16,0,0
BRDA:239,17,0,0
BRDA:239,17,1,0
BRDA:244,18,0,0
BRDA:244,18,1,0
BRDA:263,19,0,0
BRF:31
BRH:0
end_of_record
TN:
SF:src/controllers/resource.controller.ts
FN:10,(anonymous_0)
FN:204,(anonymous_1)
FN:206,(anonymous_2)
FN:207,(anonymous_3)
FN:209,(anonymous_4)
FN:212,(anonymous_5)
FN:213,(anonymous_6)
FN:234,(anonymous_7)
FN:235,(anonymous_8)
FN:249,(anonymous_9)
FN:250,(anonymous_10)
FN:257,(anonymous_11)
FN:258,(anonymous_12)
FN:259,(anonymous_13)
FN:261,(anonymous_14)
FN:280,(anonymous_15)
FN:284,(anonymous_16)
FN:285,(anonymous_17)
FN:287,(anonymous_18)
FN:293,(anonymous_19)
FN:294,(anonymous_20)
FN:298,(anonymous_21)
FN:299,(anonymous_22)
FN:300,(anonymous_23)
FN:332,(anonymous_24)
FN:343,(anonymous_25)
FN:363,(anonymous_26)
FN:367,(anonymous_27)
FN:376,(anonymous_28)
FN:377,(anonymous_29)
FN:399,(anonymous_30)
FN:401,(anonymous_31)
FN:411,(anonymous_32)
FN:413,(anonymous_33)
FN:414,(anonymous_34)
FN:415,(anonymous_35)
FN:417,(anonymous_36)
FN:423,(anonymous_37)
FN:424,(anonymous_38)
FN:425,(anonymous_39)
FN:432,(anonymous_40)
FN:433,(anonymous_41)
FN:439,(anonymous_42)
FN:440,(anonymous_43)
FN:441,(anonymous_44)
FN:457,(anonymous_45)
FN:459,(anonymous_46)
FN:475,(anonymous_47)
FN:17,(anonymous_48)
FN:53,(anonymous_49)
FN:79,(anonymous_50)
FN:113,(anonymous_51)
FN:127,(anonymous_52)
FN:130,(anonymous_53)
FN:145,(anonymous_54)
FN:170,(anonymous_55)
FNF:56
FNH:0
FNDA:0,(anonymous_0)
FNDA:0,(anonymous_1)
FNDA:0,(anonymous_2)
FNDA:0,(anonymous_3)
FNDA:0,(anonymous_4)
FNDA:0,(anonymous_5)
FNDA:0,(anonymous_6)
FNDA:0,(anonymous_7)
FNDA:0,(anonymous_8)
FNDA:0,(anonymous_9)
FNDA:0,(anonymous_10)
FNDA:0,(anonymous_11)
FNDA:0,(anonymous_12)
FNDA:0,(anonymous_13)
FNDA:0,(anonymous_14)
FNDA:0,(anonymous_15)
FNDA:0,(anonymous_16)
FNDA:0,(anonymous_17)
FNDA:0,(anonymous_18)
FNDA:0,(anonymous_19)
FNDA:0,(anonymous_20)
FNDA:0,(anonymous_21)
FNDA:0,(anonymous_22)
FNDA:0,(anonymous_23)
FNDA:0,(anonymous_24)
FNDA:0,(anonymous_25)
FNDA:0,(anonymous_26)
FNDA:0,(anonymous_27)
FNDA:0,(anonymous_28)
FNDA:0,(anonymous_29)
FNDA:0,(anonymous_30)
FNDA:0,(anonymous_31)
FNDA:0,(anonymous_32)
FNDA:0,(anonymous_33)
FNDA:0,(anonymous_34)
FNDA:0,(anonymous_35)
FNDA:0,(anonymous_36)
FNDA:0,(anonymous_37)
FNDA:0,(anonymous_38)
FNDA:0,(anonymous_39)
FNDA:0,(anonymous_40)
FNDA:0,(anonymous_41)
FNDA:0,(anonymous_42)
FNDA:0,(anonymous_43)
FNDA:0,(anonymous_44)
FNDA:0,(anonymous_45)
FNDA:0,(anonymous_46)
FNDA:0,(anonymous_47)
FNDA:0,(anonymous_48)
FNDA:0,(anonymous_49)
FNDA:0,(anonymous_50)
FNDA:0,(anonymous_51)
FNDA:0,(anonymous_52)
FNDA:0,(anonymous_53)
FNDA:0,(anonymous_54)
FNDA:0,(anonymous_55)
DA:2,0
DA:3,0
DA:4,0
DA:5,0
DA:7,0
DA:11,0
DA:17,0
DA:18,0
DA:21,0
DA:22,0
DA:29,0
DA:36,0
DA:38,0
DA:53,0
DA:54,0
DA:57,0
DA:58,0
DA:59,0
DA:62,0
DA:68,0
DA:79,0
DA:80,0
DA:82,0
DA:83,0
DA:87,0
DA:88,0
DA:89,0
DA:90,0
DA:94,0
DA:102,0
DA:113,0
DA:114,0
DA:117,0
DA:122,0
DA:125,0
DA:126,0
DA:127,0
DA:129,0
DA:130,0
DA:133,0
DA:145,0
DA:146,0
DA:147,0
DA:149,0
DA:150,0
DA:154,0
DA:170,0
DA:171,0
DA:173,0
DA:174,0
DA:180,0
DA:185,0
DA:193,0
DA:205,0
DA:206,0
DA:207,0
DA:208,0
DA:209,0
DA:212,0
DA:213,0
DA:214,0
DA:216,0
DA:235,0
DA:236,0
DA:237,0
DA:244,0
DA:245,0
DA:249,0
DA:250,0
DA:251,0
DA:252,0
DA:257,0
DA:258,0
DA:259,0
DA:260,0
DA:261,0
DA:264,0
DA:281,0
DA:284,0
DA:285,0
DA:286,0
DA:287,0
DA:290,0
DA:293,0
DA:294,0
DA:297,0
DA:298,0
DA:299,0
DA:300,0
DA:303,0
DA:304,0
DA:332,0
DA:334,0
DA:335,0
DA:343,0
DA:357,0
DA:364,0
DA:367,0
DA:368,0
DA:369,0
DA:371,0
DA:372,0
DA:376,0
DA:377,0
DA:379,0
DA:380,0
DA:393,0
DA:401,0
DA:402,0
DA:403,0
DA:404,0
DA:406,0
DA:407,0
DA:410,0
DA:411,0
DA:413,0
DA:414,0
DA:415,0
DA:417,0
DA:424,0
DA:425,0
DA:426,0
DA:428,0
DA:431,0
DA:432,0
DA:433,0
DA:440,0
DA:441,0
DA:442,0
DA:443,0
DA:445,0
DA:458,0
DA:459,0
DA:462,0
DA:476,0
DA:477,0
DA:479,0
DA:481,0
DA:483,0
DA:485,0
LF:140
LH:0
BRDA:208,0,0,0
BRDA:208,0,1,0
BRDA:227,1,0,0
BRDA:227,1,1,0
BRDA:236,2,0,0
BRDA:251,3,0,0
BRDA:251,4,0,0
BRDA:251,4,1,0
BRDA:260,5,0,0
BRDA:260,5,1,0
BRDA:271,6,0,0
BRDA:271,6,1,0
BRDA:286,7,0,0
BRDA:286,7,1,0
BRDA:297,8,0,0
BRDA:297,9,0,0
BRDA:297,9,1,0
BRDA:303,10,0,0
BRDA:334,11,0,0
BRDA:334,12,0,0
BRDA:334,12,1,0
BRDA:368,13,0,0
BRDA:379,14,0,0
BRDA:383,15,0,0
BRDA:383,15,1,0
BRDA:403,16,0,0
BRDA:426,17,0,0
BRDA:426,17,1,0
BRDA:440,18,0,0
BRDA:440,18,1,0
BRDA:447,19,0,0
BRDA:447,19,1,0
BRDA:450,20,0,0
BRDA:450,20,1,0
BRDA:458,21,0,0
BRDA:458,21,1,0
BRDA:463,22,0,0
BRDA:463,22,1,0
BRDA:465,23,0,0
BRDA:465,23,1,0
BRDA:466,24,0,0
BRDA:466,24,1,0
BRDA:477,25,0,0
BRDA:477,25,1,0
BRDA:477,25,2,0
BRDA:477,25,3,0
BRDA:23,26,0,0
BRDA:23,26,1,0
BRDA:31,27,0,0
BRDA:31,27,1,0
BRDA:32,28,0,0
BRDA:32,28,1,0
BRDA:54,29,0,0
BRDA:82,30,0,0
BRDA:82,31,0,0
BRDA:82,31,1,0
BRDA:82,31,2,0
BRDA:89,32,0,0
BRDA:96,33,0,0
BRDA:96,33,1,0
BRDA:126,34,0,0
BRDA:129,35,0,0
BRDA:149,36,0,0
BRDA:171,37,0,0
BRDA:175,38,0,0
BRDA:175,38,1,0
BRF:66
BRH:0
end_of_record
TN:
SF:src/controllers/skill.controller.ts
FN:7,(anonymous_0)
FN:12,(anonymous_1)
FN:26,(anonymous_2)
FN:39,(anonymous_3)
FN:50,(anonymous_4)
FN:65,(anonymous_5)
FNF:6
FNH:0
FNDA:0,(anonymous_0)
FNDA:0,(anonymous_1)
FNDA:0,(anonymous_2)
FNDA:0,(anonymous_3)
FNDA:0,(anonymous_4)
FNDA:0,(anonymous_5)
DA:2,0
DA:4,0
DA:8,0
DA:12,0
DA:13,0
DA:14,0
DA:15,0
DA:17,0
DA:19,0
DA:21,0
DA:26,0
DA:27,0
DA:28,0
DA:30,0
DA:32,0
DA:34,0
DA:39,0
DA:40,0
DA:41,0
DA:43,0
DA:45,0
DA:50,0
DA:51,0
DA:52,0
DA:53,0
DA:54,0
DA:56,0
DA:58,0
DA:60,0
DA:65,0
DA:66,0
DA:67,0
DA:68,0
DA:70,0
DA:72,0
DA:74,0
LF:36
LH:0
BRDA:15,0,0,0
BRDA:15,0,1,0
BRDA:28,1,0,0
BRDA:28,1,1,0
BRDA:53,2,0,0
BRDA:53,2,1,0
BRDA:54,3,0,0
BRDA:54,3,1,0
BRDA:68,4,0,0
BRDA:68,4,1,0
BRF:10
BRH:0
end_of_record
TN:
SF:src/database/connection.ts
FN:8,(anonymous_0)
FN:12,(anonymous_1)
FN:44,(anonymous_2)
FN:52,(anonymous_3)
FN:59,(anonymous_4)
FN:74,(anonymous_5)
FN:96,(anonymous_6)
FN:113,(anonymous_7)
FNF:8
FNH:0
FNDA:0,(anonymous_0)
FNDA:0,(anonymous_1)
FNDA:0,(anonymous_2)
FNDA:0,(anonymous_3)
FNDA:0,(anonymous_4)
FNDA:0,(anonymous_5)
FNDA:0,(anonymous_6)
FNDA:0,(anonymous_7)
DA:1,0
DA:4,0
DA:5,0
DA:9,0
DA:13,0
DA:14,0
DA:28,0
DA:31,0
DA:32,0
DA:33,0
DA:35,0
DA:37,0
DA:38,0
DA:39,0
DA:40,0
DA:45,0
DA:46,0
DA:47,0
DA:48,0
DA:53,0
DA:54,0
DA:56,0
DA:60,0
DA:61,0
DA:64,0
DA:65,0
DA:66,0
DA:67,0
DA:68,0
DA:70,0
DA:77,0
DA:78,0
DA:81,0
DA:83,0
DA:84,0
DA:85,0
DA:86,0
DA:87,0
DA:89,0
DA:90,0
DA:92,0
DA:97,0
DA:98,0
DA:101,0
DA:102,0
DA:104,0
DA:105,0
DA:106,0
DA:107,0
DA:108,0
DA:109,0
DA:114,0
DA:115,0
DA:117,0
LF:54
LH:0
BRDA:20,0,0,0
BRDA:20,0,1,0
BRDA:21,1,0,0
BRDA:21,1,1,0
BRDA:22,2,0,0
BRDA:22,2,1,0
BRDA:23,3,0,0
BRDA:23,3,1,0
BRDA:45,4,0,0
BRDA:53,5,0,0
BRDA:60,6,0,0
BRDA:77,7,0,0
BRDA:97,8,0,0
BRDA:114,9,0,0
BRF:14
BRH:0
end_of_record
TN:
SF:src/database/database.service.ts
FN:11,(anonymous_0)
FN:18,(anonymous_1)
FN:28,(anonymous_2)
FN:35,(anonymous_3)
FN:42,(anonymous_4)
FN:61,(anonymous_5)
FN:89,(anonymous_6)
FN:96,(anonymous_7)
FN:100,(anonymous_8)
FN:111,(anonymous_9)
FN:118,(anonymous_10)
FN:125,(anonymous_11)
FN:147,(anonymous_12)
FN:170,(anonymous_13)
FN:192,(anonymous_14)
FN:217,(anonymous_15)
FN:238,(anonymous_16)
FN:245,(anonymous_17)
FN:292,(anonymous_18)
FN:303,(anonymous_19)
FNF:20
FNH:0
FNDA:0,(anonymous_0)
FNDA:0,(anonymous_1)
FNDA:0,(anonymous_2)
FNDA:0,(anonymous_3)
FNDA:0,(anonymous_4)
FNDA:0,(anonymous_5)
FNDA:0,(anonymous_6)
FNDA:0,(anonymous_7)
FNDA:0,(anonymous_8)
FNDA:0,(anonymous_9)
FNDA:0,(anonymous_10)
FNDA:0,(anonymous_11)
FNDA:0,(anonymous_12)
FNDA:0,(anonymous_13)
FNDA:0,(anonymous_14)
FNDA:0,(anonymous_15)
FNDA:0,(anonymous_16)
FNDA:0,(anonymous_17)
FNDA:0,(anonymous_18)
FNDA:0,(anonymous_19)
DA:4,0
DA:6,0
DA:7,0
DA:8,0
DA:9,0
DA:19,0
DA:20,0
DA:22,0
DA:29,0
DA:36,0
DA:37,0
DA:38,0
DA:44,0
DA:47,0
DA:48,0
DA:52,0
DA:54,0
DA:55,0
DA:57,0
DA:62,0
DA:78,0
DA:81,0
DA:82,0
DA:83,0
DA:84,0
DA:86,0
DA:88,0
DA:89,0
DA:90,0
DA:92,0
DA:97,0
DA:101,0
DA:102,0
DA:103,0
DA:104,0
DA:112,0
DA:119,0
DA:126,0
DA:127,0
DA:130,0
DA:131,0
DA:132,0
DA:133,0
DA:134,0
DA:136,0
DA:139,0
DA:140,0
DA:148,0
DA:151,0
DA:152,0
DA:153,0
DA:155,0
DA:157,0
DA:161,0
DA:164,0
DA:171,0
DA:172,0
DA:175,0
DA:176,0
DA:177,0
DA:178,0
DA:179,0
DA:181,0
DA:182,0
DA:185,0
DA:193,0
DA:195,0
DA:203,0
DA:211,0
DA:218,0
DA:219,0
DA:222,0
DA:223,0
DA:224,0
DA:225,0
DA:227,0
DA:228,0
DA:231,0
DA:233,0
DA:234,0
DA:239,0
DA:240,0
DA:242,0
DA:247,0
DA:280,0
DA:281,0
DA:282,0
DA:284,0
DA:289,0
DA:293,0
DA:294,0
DA:297,0
DA:298,0
DA:299,0
DA:300,0
DA:304,0
DA:305,0
DA:309,0
DA:310,0
DA:317,0
DA:318,0
LF:101
LH:0
BRDA:19,0,0,0
BRDA:36,1,0,0
BRDA:44,2,0,0
BRDA:47,3,0,0
BRDA:62,4,0,0
BRDA:62,4,1,0
BRDA:68,5,0,0
BRDA:68,5,1,0
BRDA:69,6,0,0
BRDA:69,6,1,0
BRDA:70,7,0,0
BRDA:70,7,1,0
BRDA:71,8,0,0
BRDA:71,8,1,0
BRDA:72,9,0,0
BRDA:72,9,1,0
BRDA:88,10,0,0
BRDA:101,11,0,0
BRDA:126,12,0,0
BRDA:151,13,0,0
BRDA:170,14,0,0
BRDA:175,15,0,0
BRDA:175,16,0,0
BRDA:175,16,1,0
BRDA:193,17,0,0
BRDA:211,18,0,0
BRDA:211,18,1,0
BRDA:211,18,2,0
BRDA:211,18,3,0
BRDA:218,19,0,0
BRDA:227,20,0,0
BRDA:239,21,0,0
BRDA:293,22,0,0
BRDA:304,23,0,0
BRF:34
BRH:0
end_of_record
TN:
SF:src/database/migrator.ts
FN:9,(anonymous_0)
FN:14,(anonymous_1)
FN:27,(anonymous_2)
FN:49,(anonymous_3)
FN:61,(anonymous_4)
FN:66,(anonymous_5)
FN:69,(anonymous_6)
FN:75,(anonymous_7)
FN:83,(anonymous_8)
FN:87,(anonymous_9)
FN:128,(anonymous_10)
FN:133,(anonymous_11)
FN:135,(anonymous_12)
FNF:13
FNH:0
FNDA:0,(anonymous_0)
FNDA:0,(anonymous_1)
FNDA:0,(anonymous_2)
FNDA:0,(anonymous_3)
FNDA:0,(anonymous_4)
FNDA:0,(anonymous_5)
FNDA:0,(anonymous_6)
FNDA:0,(anonymous_7)
FNDA:0,(anonymous_8)
FNDA:0,(anonymous_9)
FNDA:0,(anonymous_10)
FNDA:0,(anonymous_11)
FNDA:0,(anonymous_12)
DA:2,0
DA:3,0
DA:5,0
DA:10,0
DA:11,0
DA:15,0
DA:17,0
DA:20,0
DA:23,0
DA:26,0
DA:27,0
DA:30,0
DA:31,0
DA:32,0
DA:35,0
DA:38,0
DA:39,0
DA:42,0
DA:44,0
DA:45,0
DA:50,0
DA:58,0
DA:62,0
DA:66,0
DA:70,0
DA:72,0
DA:73,0
DA:74,0
DA:75,0
DA:78,0
DA:79,0
DA:84,0
DA:88,0
DA:89,0
DA:91,0
DA:92,0
DA:95,0
DA:98,0
DA:100,0
DA:101,0
DA:104,0
DA:107,0
DA:112,0
DA:113,0
DA:116,0
DA:117,0
DA:119,0
DA:123,0
DA:124,0
DA:129,0
DA:130,0
DA:134,0
DA:135,0
DA:137,0
DA:138,0
DA:140,0
DA:141,0
DA:142,0
DA:145,0
DA:146,0
DA:147,0
DA:148,0
LF:62
LH:0
BRDA:9,0,0,0
BRDA:30,1,0,0
BRDA:141,2,0,0
BRDA:141,2,1,0
BRF:4
BRH:0
end_of_record
TN:
SF:src/database/seeder.ts
FN:7,(anonymous_0)
FN:11,(anonymous_1)
FN:25,(anonymous_2)
FN:83,(anonymous_3)
FN:189,(anonymous_4)
FNF:5
FNH:0
FNDA:0,(anonymous_0)
FNDA:0,(anonymous_1)
FNDA:0,(anonymous_2)
FNDA:0,(anonymous_3)
FNDA:0,(anonymous_4)
DA:2,0
DA:4,0
DA:8,0
DA:12,0
DA:14,0
DA:15,0
DA:16,0
DA:18,0
DA:20,0
DA:21,0
DA:26,0
DA:28,0
DA:71,0
DA:72,0
DA:80,0
DA:84,0
DA:86,0
DA:177,0
DA:178,0
DA:186,0
DA:190,0
DA:192,0
DA:200,0
DA:201,0
DA:204,0
LF:25
LH:0
BRF:0
BRH:0
end_of_record
TN:
SF:src/middleware/async-handler.ts
FN:3,(anonymous_0)
FN:3,(anonymous_1)
FNF:2
FNH:0
FNDA:0,(anonymous_0)
FNDA:0,(anonymous_1)
DA:3,0
DA:4,0
LF:2
LH:0
BRF:0
BRH:0
end_of_record
TN:
SF:src/middleware/auth.middleware.ts
FN:13,(anonymous_1)
FN:67,(anonymous_2)
FN:68,(anonymous_3)
FN:81,(anonymous_4)
FNF:4
FNH:0
FNDA:0,(anonymous_1)
FNDA:0,(anonymous_2)
FNDA:0,(anonymous_3)
FNDA:0,(anonymous_4)
DA:2,0
DA:3,0
DA:13,0
DA:14,0
DA:16,0
DA:17,0
DA:21,0
DA:22,0
DA:27,0
DA:30,0
DA:32,0
DA:33,0
DA:36,0
DA:38,0
DA:39,0
DA:43,0
DA:45,0
DA:46,0
DA:47,0
DA:52,0
DA:54,0
DA:55,0
DA:56,0
DA:57,0
DA:59,0
DA:63,0
DA:67,0
DA:68,0
DA:69,0
DA:70,0
DA:73,0
DA:74,0
DA:77,0
DA:81,0
DA:82,0
DA:84,0
LF:36
LH:0
BRDA:16,0,0,0
BRDA:21,1,0,0
BRDA:21,2,0,0
BRDA:21,2,1,0
BRDA:32,3,0,0
BRDA:38,4,0,0
BRDA:43,5,0,0
BRDA:43,5,1,0
BRDA:50,6,0,0
BRDA:50,6,1,0
BRDA:54,7,0,0
BRDA:54,7,1,0
BRDA:56,8,0,0
BRDA:56,8,1,0
BRDA:69,9,0,0
BRDA:73,10,0,0
BRDA:82,11,0,0
BRDA:82,11,1,0
BRF:18
BRH:0
end_of_record
TN:
SF:src/middleware/error-handler.ts
FN:5,(anonymous_0)
FN:102,isDatabaseConnectionError
FN:131,isDatabaseConstraintError
FN:147,getDatabaseConstraintMessage
FNF:4
FNH:0
FNDA:0,(anonymous_0)
FNDA:0,isDatabaseConnectionError
FNDA:0,isDatabaseConstraintError
FNDA:0,getDatabaseConstraintMessage
DA:2,0
DA:5,0
DA:11,0
DA:20,0
DA:21,0
DA:22,0
DA:25,0
DA:26,0
DA:27,0
DA:28,0
DA:31,0
DA:32,0
DA:33,0
DA:34,0
DA:37,0
DA:38,0
DA:39,0
DA:42,0
DA:43,0
DA:44,0
DA:45,0
DA:48,0
DA:49,0
DA:50,0
DA:51,0
DA:54,0
DA:55,0
DA:56,0
DA:57,0
DA:60,0
DA:61,0
DA:62,0
DA:63,0
DA:66,0
DA:67,0
DA:68,0
DA:69,0
DA:72,0
DA:73,0
DA:74,0
DA:75,0
DA:79,0
DA:86,0
DA:87,0
DA:88,0
DA:92,0
DA:93,0
DA:96,0
DA:103,0
DA:105,0
DA:113,0
DA:121,0
DA:132,0
DA:134,0
DA:141,0
DA:148,0
DA:150,0
DA:152,0
DA:154,0
DA:156,0
DA:158,0
LF:61
LH:0
BRDA:25,0,0,0
BRDA:25,0,1,0
BRDA:31,1,0,0
BRDA:31,1,1,0
BRDA:37,2,0,0
BRDA:37,2,1,0
BRDA:42,3,0,0
BRDA:42,3,1,0
BRDA:48,4,0,0
BRDA:48,4,1,0
BRDA:54,5,0,0
BRDA:54,5,1,0
BRDA:60,6,0,0
BRDA:60,6,1,0
BRDA:60,7,0,0
BRDA:60,7,1,0
BRDA:66,8,0,0
BRDA:66,8,1,0
BRDA:72,9,0,0
BRDA:86,10,0,0
BRDA:87,11,0,0
BRDA:87,11,1,0
BRDA:92,12,0,0
BRDA:92,13,0,0
BRDA:92,13,1,0
BRDA:92,13,2,0
BRDA:103,14,0,0
BRDA:121,15,0,0
BRDA:121,15,1,0
BRDA:121,15,2,0
BRDA:121,15,3,0
BRDA:121,15,4,0
BRDA:132,16,0,0
BRDA:148,17,0,0
BRDA:148,17,1,0
BRDA:148,17,2,0
BRDA:148,17,3,0
BRDA:148,17,4,0
BRF:38
BRH:0
end_of_record
TN:
SF:src/middleware/request-logger.ts
FN:3,(anonymous_0)
FN:15,(anonymous_1)
FNF:2
FNH:0
FNDA:0,(anonymous_0)
FNDA:0,(anonymous_1)
DA:3,0
DA:4,0
DA:7,0
DA:8,0
DA:12,0
DA:15,0
DA:16,0
DA:17,0
DA:19,0
DA:25,0
LF:10
LH:0
BRDA:7,0,0,0
BRDA:17,1,0,0
BRDA:17,1,1,0
BRF:3
BRH:0
end_of_record
TN:
SF:src/middleware/service-injection.middleware.ts
FN:30,(anonymous_0)
FN:60,(anonymous_1)
FN:94,(anonymous_2)
FN:118,(anonymous_3)
FN:127,(anonymous_4)
FNF:5
FNH:0
FNDA:0,(anonymous_0)
FNDA:0,(anonymous_1)
FNDA:0,(anonymous_2)
FNDA:0,(anonymous_3)
FNDA:0,(anonymous_4)
DA:7,0
DA:30,0
DA:35,0
DA:37,0
DA:45,0
DA:47,0
DA:48,0
DA:60,0
DA:65,0
DA:66,0
DA:67,0
DA:69,0
DA:70,0
DA:76,0
DA:79,0
DA:81,0
DA:82,0
DA:94,0
DA:99,0
DA:101,0
DA:102,0
DA:107,0
DA:112,0
DA:118,0
DA:123,0
DA:126,0
DA:127,0
DA:128,0
DA:131,0
DA:132,0
DA:136,0
DA:137,0
DA:141,0
DA:142,0
DA:145,0
LF:35
LH:0
BRDA:69,0,0,0
BRDA:101,1,0,0
BRDA:131,2,0,0
BRDA:136,3,0,0
BRF:4
BRH:0
end_of_record
TN:
SF:src/middleware/validate.middleware.ts
FN:6,(anonymous_0)
FN:17,(anonymous_1)
FN:20,(anonymous_2)
FN:65,(anonymous_3)
FN:69,(anonymous_4)
FN:117,(anonymous_5)
FN:121,(anonymous_6)
FNF:7
FNH:0
FNDA:0,(anonymous_0)
FNDA:0,(anonymous_1)
FNDA:0,(anonymous_2)
FNDA:0,(anonymous_3)
FNDA:0,(anonymous_4)
FNDA:0,(anonymous_5)
FNDA:0,(anonymous_6)
DA:2,0
DA:3,0
DA:6,0
DA:7,0
DA:8,0
DA:9,0
DA:11,0
DA:15,0
DA:17,0
DA:18,0
DA:19,0
DA:20,0
DA:26,0
DA:28,0
DA:32,0
DA:66,0
DA:67,0
DA:69,0
DA:70,0
DA:72,0
DA:78,0
DA:118,0
DA:119,0
DA:121,0
DA:122,0
DA:124,0
DA:136,0
DA:157,0
DA:166,0
LF:29
LH:0
BRDA:8,0,0,0
BRDA:19,1,0,0
BRDA:21,2,0,0
BRDA:21,2,1,0
BRDA:23,3,0,0
BRDA:23,3,1,0
BRDA:66,4,0,0
BRDA:66,5,0,0
BRDA:66,5,1,0
BRDA:69,6,0,0
BRDA:69,7,0,0
BRDA:69,7,1,0
BRDA:69,8,0,0
BRDA:69,8,1,0
BRDA:118,9,0,0
BRDA:118,10,0,0
BRDA:118,10,1,0
BRDA:121,11,0,0
BRDA:121,12,0,0
BRDA:121,12,1,0
BRDA:121,13,0,0
BRDA:121,13,1,0
BRF:22
BRH:0
end_of_record
TN:
SF:src/migrations/20250905235109_create_projects_table.ts
FN:4,(anonymous_0)
FN:57,(anonymous_1)
FNF:2
FNH:0
FNDA:0,(anonymous_0)
FNDA:0,(anonymous_1)
DA:3,0
DA:5,0
DA:29,0
DA:30,0
DA:31,0
DA:32,0
DA:35,0
DA:46,0
DA:54,0
DA:58,0
DA:59,0
DA:60,0
DA:61,0
DA:62,0
DA:63,0
DA:65,0
DA:69,0
DA:70,0
DA:71,0
LF:19
LH:0
BRF:0
BRH:0
end_of_record
TN:
SF:src/migrations/20250906002309_create_allocations_table.ts
FN:4,(anonymous_0)
FN:96,(anonymous_1)
FNF:2
FNH:0
FNDA:0,(anonymous_0)
FNDA:0,(anonymous_1)
DA:3,0
DA:5,0
DA:34,0
DA:35,0
DA:36,0
DA:37,0
DA:38,0
DA:41,0
DA:48,0
DA:57,0
DA:93,0
DA:97,0
DA:98,0
DA:99,0
DA:100,0
DA:101,0
DA:102,0
DA:103,0
DA:104,0
DA:105,0
DA:107,0
DA:111,0
DA:112,0
DA:113,0
LF:24
LH:0
BRF:0
BRH:0
end_of_record
TN:
SF:src/models/CapacityHistory.backup.ts
FN:13,(anonymous_0)
FN:17,(anonymous_1)
FN:49,(anonymous_2)
FN:59,(anonymous_3)
FN:83,(anonymous_4)
FN:86,(anonymous_5)
FN:96,(anonymous_6)
FN:128,(anonymous_7)
FN:131,(anonymous_8)
FN:178,(anonymous_9)
FN:194,(anonymous_10)
FN:236,(anonymous_11)
FN:289,(anonymous_12)
FN:334,(anonymous_13)
FN:343,(anonymous_14)
FN:384,(anonymous_15)
FN:393,(anonymous_16)
FNF:17
FNH:0
FNDA:0,(anonymous_0)
FNDA:0,(anonymous_1)
FNDA:0,(anonymous_2)
FNDA:0,(anonymous_3)
FNDA:0,(anonymous_4)
FNDA:0,(anonymous_5)
FNDA:0,(anonymous_6)
FNDA:0,(anonymous_7)
FNDA:0,(anonymous_8)
FNDA:0,(anonymous_9)
FNDA:0,(anonymous_10)
FNDA:0,(anonymous_11)
FNDA:0,(anonymous_12)
FNDA:0,(anonymous_13)
FNDA:0,(anonymous_14)
FNDA:0,(anonymous_15)
FNDA:0,(anonymous_16)
DA:2,0
DA:10,0
DA:14,0
DA:18,0
DA:19,0
DA:25,0
DA:33,0
DA:34,0
DA:36,0
DA:37,0
DA:39,0
DA:40,0
DA:42,0
DA:43,0
DA:45,0
DA:50,0
DA:55,0
DA:56,0
DA:64,0
DA:68,0
DA:70,0
DA:71,0
DA:72,0
DA:75,0
DA:76,0
DA:77,0
DA:80,0
DA:82,0
DA:83,0
DA:87,0
DA:92,0
DA:93,0
DA:97,0
DA:98,0
DA:100,0
DA:101,0
DA:102,0
DA:105,0
DA:106,0
DA:107,0
DA:110,0
DA:111,0
DA:112,0
DA:115,0
DA:116,0
DA:117,0
DA:120,0
DA:121,0
DA:122,0
DA:125,0
DA:127,0
DA:128,0
DA:132,0
DA:133,0
DA:135,0
DA:136,0
DA:137,0
DA:140,0
DA:141,0
DA:142,0
DA:145,0
DA:146,0
DA:147,0
DA:150,0
DA:151,0
DA:154,0
DA:155,0
DA:162,0
DA:163,0
DA:165,0
DA:166,0
DA:169,0
DA:171,0
DA:172,0
DA:174,0
DA:179,0
DA:185,0
DA:187,0
DA:188,0
DA:191,0
DA:195,0
DA:196,0
DA:199,0
DA:201,0
DA:202,0
DA:204,0
DA:206,0
DA:207,0
DA:213,0
DA:221,0
DA:222,0
DA:225,0
DA:226,0
DA:229,0
DA:230,0
DA:232,0
DA:248,0
DA:259,0
DA:261,0
DA:262,0
DA:263,0
DA:266,0
DA:267,0
DA:268,0
DA:271,0
DA:272,0
DA:273,0
DA:276,0
DA:277,0
DA:279,0
DA:300,0
DA:311,0
DA:313,0
DA:314,0
DA:315,0
DA:318,0
DA:319,0
DA:320,0
DA:323,0
DA:324,0
DA:325,0
DA:328,0
DA:333,0
DA:334,0
DA:354,0
DA:365,0
DA:367,0
DA:368,0
DA:369,0
DA:372,0
DA:373,0
DA:374,0
DA:377,0
DA:383,0
DA:384,0
DA:394,0
LF:136
LH:0
BRDA:30,0,0,0
BRDA:30,0,1,0
BRDA:36,1,0,0
BRDA:39,2,0,0
BRDA:42,3,0,0
BRDA:56,4,0,0
BRDA:56,4,1,0
BRDA:70,5,0,0
BRDA:75,6,0,0
BRDA:93,7,0,0
BRDA:93,7,1,0
BRDA:96,8,0,0
BRDA:100,9,0,0
BRDA:105,10,0,0
BRDA:110,11,0,0
BRDA:115,12,0,0
BRDA:120,13,0,0
BRDA:135,14,0,0
BRDA:140,15,0,0
BRDA:145,16,0,0
BRDA:150,17,0,0
BRDA:165,18,0,0
BRDA:171,19,0,0
BRDA:187,20,0,0
BRDA:195,21,0,0
BRDA:218,22,0,0
BRDA:218,22,1,0
BRDA:261,23,0,0
BRDA:266,24,0,0
BRDA:271,25,0,0
BRDA:280,26,0,0
BRDA:280,26,1,0
BRDA:281,27,0,0
BRDA:281,27,1,0
BRDA:282,28,0,0
BRDA:282,28,1,0
BRDA:283,29,0,0
BRDA:283,29,1,0
BRDA:284,30,0,0
BRDA:284,30,1,0
BRDA:285,31,0,0
BRDA:285,31,1,0
BRDA:313,32,0,0
BRDA:318,33,0,0
BRDA:323,34,0,0
BRDA:336,35,0,0
BRDA:336,35,1,0
BRDA:337,36,0,0
BRDA:337,36,1,0
BRDA:338,37,0,0
BRDA:338,37,1,0
BRDA:339,38,0,0
BRDA:339,38,1,0
BRDA:344,39,0,0
BRDA:367,40,0,0
BRDA:372,41,0,0
BRDA:387,42,0,0
BRDA:387,42,1,0
BRDA:388,43,0,0
BRDA:388,43,1,0
BRDA:389,44,0,0
BRDA:389,44,1,0
BRF:62
BRH:0
end_of_record
TN:
SF:src/models/CapacityHistory.enhanced.ts
FN:13,(anonymous_0)
FN:17,(anonymous_1)
FN:49,(anonymous_2)
FN:59,(anonymous_3)
FN:83,(anonymous_4)
FN:86,(anonymous_5)
FN:96,(anonymous_6)
FN:128,(anonymous_7)
FN:131,(anonymous_8)
FN:178,(anonymous_9)
FN:194,(anonymous_10)
FN:236,(anonymous_11)
FN:289,(anonymous_12)
FN:334,(anonymous_13)
FN:343,(anonymous_14)
FN:384,(anonymous_15)
FN:396,(anonymous_16)
FN:439,(anonymous_17)
FN:452,(anonymous_18)
FN:512,(anonymous_19)
FN:525,(anonymous_20)
FNF:21
FNH:0
FNDA:0,(anonymous_0)
FNDA:0,(anonymous_1)
FNDA:0,(anonymous_2)
FNDA:0,(anonymous_3)
FNDA:0,(anonymous_4)
FNDA:0,(anonymous_5)
FNDA:0,(anonymous_6)
FNDA:0,(anonymous_7)
FNDA:0,(anonymous_8)
FNDA:0,(anonymous_9)
FNDA:0,(anonymous_10)
FNDA:0,(anonymous_11)
FNDA:0,(anonymous_12)
FNDA:0,(anonymous_13)
FNDA:0,(anonymous_14)
FNDA:0,(anonymous_15)
FNDA:0,(anonymous_16)
FNDA:0,(anonymous_17)
FNDA:0,(anonymous_18)
FNDA:0,(anonymous_19)
FNDA:0,(anonymous_20)
DA:2,0
DA:10,0
DA:14,0
DA:18,0
DA:19,0
DA:25,0
DA:33,0
DA:34,0
DA:36,0
DA:37,0
DA:39,0
DA:40,0
DA:42,0
DA:43,0
DA:45,0
DA:50,0
DA:55,0
DA:56,0
DA:64,0
DA:68,0
DA:70,0
DA:71,0
DA:72,0
DA:75,0
DA:76,0
DA:77,0
DA:80,0
DA:82,0
DA:83,0
DA:87,0
DA:92,0
DA:93,0
DA:97,0
DA:98,0
DA:100,0
DA:101,0
DA:102,0
DA:105,0
DA:106,0
DA:107,0
DA:110,0
DA:111,0
DA:112,0
DA:115,0
DA:116,0
DA:117,0
DA:120,0
DA:121,0
DA:122,0
DA:125,0
DA:127,0
DA:128,0
DA:132,0
DA:133,0
DA:135,0
DA:136,0
DA:137,0
DA:140,0
DA:141,0
DA:142,0
DA:145,0
DA:146,0
DA:147,0
DA:150,0
DA:151,0
DA:154,0
DA:155,0
DA:162,0
DA:163,0
DA:165,0
DA:166,0
DA:169,0
DA:171,0
DA:172,0
DA:174,0
DA:179,0
DA:185,0
DA:187,0
DA:188,0
DA:191,0
DA:195,0
DA:196,0
DA:199,0
DA:201,0
DA:202,0
DA:204,0
DA:206,0
DA:207,0
DA:213,0
DA:221,0
DA:222,0
DA:225,0
DA:226,0
DA:229,0
DA:230,0
DA:232,0
DA:248,0
DA:259,0
DA:261,0
DA:262,0
DA:263,0
DA:266,0
DA:267,0
DA:268,0
DA:271,0
DA:272,0
DA:273,0
DA:276,0
DA:277,0
DA:279,0
DA:300,0
DA:311,0
DA:313,0
DA:314,0
DA:315,0
DA:318,0
DA:319,0
DA:320,0
DA:323,0
DA:324,0
DA:325,0
DA:328,0
DA:333,0
DA:334,0
DA:354,0
DA:365,0
DA:367,0
DA:368,0
DA:369,0
DA:372,0
DA:373,0
DA:374,0
DA:377,0
DA:383,0
DA:384,0
DA:408,0
DA:421,0
DA:423,0
DA:424,0
DA:425,0
DA:428,0
DA:429,0
DA:430,0
DA:433,0
DA:438,0
DA:439,0
DA:466,0
DA:477,0
DA:479,0
DA:480,0
DA:481,0
DA:484,0
DA:485,0
DA:486,0
DA:489,0
DA:490,0
DA:491,0
DA:494,0
DA:495,0
DA:496,0
DA:499,0
DA:500,0
DA:501,0
DA:504,0
DA:505,0
DA:506,0
DA:509,0
DA:511,0
DA:512,0
DA:526,0
LF:170
LH:0
BRDA:30,0,0,0
BRDA:30,0,1,0
BRDA:36,1,0,0
BRDA:39,2,0,0
BRDA:42,3,0,0
BRDA:56,4,0,0
BRDA:56,4,1,0
BRDA:70,5,0,0
BRDA:75,6,0,0
BRDA:93,7,0,0
BRDA:93,7,1,0
BRDA:96,8,0,0
BRDA:100,9,0,0
BRDA:105,10,0,0
BRDA:110,11,0,0
BRDA:115,12,0,0
BRDA:120,13,0,0
BRDA:135,14,0,0
BRDA:140,15,0,0
BRDA:145,16,0,0
BRDA:150,17,0,0
BRDA:165,18,0,0
BRDA:171,19,0,0
BRDA:187,20,0,0
BRDA:195,21,0,0
BRDA:218,22,0,0
BRDA:218,22,1,0
BRDA:261,23,0,0
BRDA:266,24,0,0
BRDA:271,25,0,0
BRDA:280,26,0,0
BRDA:280,26,1,0
BRDA:281,27,0,0
BRDA:281,27,1,0
BRDA:282,28,0,0
BRDA:282,28,1,0
BRDA:283,29,0,0
BRDA:283,29,1,0
BRDA:284,30,0,0
BRDA:284,30,1,0
BRDA:285,31,0,0
BRDA:285,31,1,0
BRDA:313,32,0,0
BRDA:318,33,0,0
BRDA:323,34,0,0
BRDA:336,35,0,0
BRDA:336,35,1,0
BRDA:337,36,0,0
BRDA:337,36,1,0
BRDA:338,37,0,0
BRDA:338,37,1,0
BRDA:339,38,0,0
BRDA:339,38,1,0
BRDA:344,39,0,0
BRDA:367,40,0,0
BRDA:372,41,0,0
BRDA:387,42,0,0
BRDA:387,42,1,0
BRDA:388,43,0,0
BRDA:388,43,1,0
BRDA:389,44,0,0
BRDA:389,44,1,0
BRDA:423,45,0,0
BRDA:428,46,0,0
BRDA:442,47,0,0
BRDA:442,47,1,0
BRDA:443,48,0,0
BRDA:443,48,1,0
BRDA:444,49,0,0
BRDA:444,49,1,0
BRDA:445,50,0,0
BRDA:445,50,1,0
BRDA:453,51,0,0
BRDA:479,52,0,0
BRDA:484,53,0,0
BRDA:489,54,0,0
BRDA:494,55,0,0
BRDA:499,56,0,0
BRDA:504,57,0,0
BRDA:515,58,0,0
BRDA:515,58,1,0
BRDA:520,59,0,0
BRDA:520,59,1,0
BRF:83
BRH:0
end_of_record
TN:
SF:src/models/CapacityHistory.ts
FN:13,(anonymous_0)
FN:17,(anonymous_1)
FN:49,(anonymous_2)
FN:59,(anonymous_3)
FN:83,(anonymous_4)
FN:86,(anonymous_5)
FN:96,(anonymous_6)
FN:128,(anonymous_7)
FN:131,(anonymous_8)
FN:178,(anonymous_9)
FN:194,(anonymous_10)
FN:236,(anonymous_11)
FN:289,(anonymous_12)
FN:334,(anonymous_13)
FN:343,(anonymous_14)
FN:384,(anonymous_15)
FN:396,(anonymous_16)
FN:439,(anonymous_17)
FN:452,(anonymous_18)
FN:512,(anonymous_19)
FN:525,(anonymous_20)
FNF:21
FNH:0
FNDA:0,(anonymous_0)
FNDA:0,(anonymous_1)
FNDA:0,(anonymous_2)
FNDA:0,(anonymous_3)
FNDA:0,(anonymous_4)
FNDA:0,(anonymous_5)
FNDA:0,(anonymous_6)
FNDA:0,(anonymous_7)
FNDA:0,(anonymous_8)
FNDA:0,(anonymous_9)
FNDA:0,(anonymous_10)
FNDA:0,(anonymous_11)
FNDA:0,(anonymous_12)
FNDA:0,(anonymous_13)
FNDA:0,(anonymous_14)
FNDA:0,(anonymous_15)
FNDA:0,(anonymous_16)
FNDA:0,(anonymous_17)
FNDA:0,(anonymous_18)
FNDA:0,(anonymous_19)
FNDA:0,(anonymous_20)
DA:2,0
DA:10,0
DA:14,0
DA:18,0
DA:19,0
DA:25,0
DA:33,0
DA:34,0
DA:36,0
DA:37,0
DA:39,0
DA:40,0
DA:42,0
DA:43,0
DA:45,0
DA:50,0
DA:55,0
DA:56,0
DA:64,0
DA:68,0
DA:70,0
DA:71,0
DA:72,0
DA:75,0
DA:76,0
DA:77,0
DA:80,0
DA:82,0
DA:83,0
DA:87,0
DA:92,0
DA:93,0
DA:97,0
DA:98,0
DA:100,0
DA:101,0
DA:102,0
DA:105,0
DA:106,0
DA:107,0
DA:110,0
DA:111,0
DA:112,0
DA:115,0
DA:116,0
DA:117,0
DA:120,0
DA:121,0
DA:122,0
DA:125,0
DA:127,0
DA:128,0
DA:132,0
DA:133,0
DA:135,0
DA:136,0
DA:137,0
DA:140,0
DA:141,0
DA:142,0
DA:145,0
DA:146,0
DA:147,0
DA:150,0
DA:151,0
DA:154,0
DA:155,0
DA:162,0
DA:163,0
DA:165,0
DA:166,0
DA:169,0
DA:171,0
DA:172,0
DA:174,0
DA:179,0
DA:185,0
DA:187,0
DA:188,0
DA:191,0
DA:195,0
DA:196,0
DA:199,0
DA:201,0
DA:202,0
DA:204,0
DA:206,0
DA:207,0
DA:213,0
DA:221,0
DA:222,0
DA:225,0
DA:226,0
DA:229,0
DA:230,0
DA:232,0
DA:248,0
DA:259,0
DA:261,0
DA:262,0
DA:263,0
DA:266,0
DA:267,0
DA:268,0
DA:271,0
DA:272,0
DA:273,0
DA:276,0
DA:277,0
DA:279,0
DA:300,0
DA:311,0
DA:313,0
DA:314,0
DA:315,0
DA:318,0
DA:319,0
DA:320,0
DA:323,0
DA:324,0
DA:325,0
DA:328,0
DA:333,0
DA:334,0
DA:354,0
DA:365,0
DA:367,0
DA:368,0
DA:369,0
DA:372,0
DA:373,0
DA:374,0
DA:377,0
DA:383,0
DA:384,0
DA:408,0
DA:421,0
DA:423,0
DA:424,0
DA:425,0
DA:428,0
DA:429,0
DA:430,0
DA:433,0
DA:438,0
DA:439,0
DA:466,0
DA:477,0
DA:479,0
DA:480,0
DA:481,0
DA:484,0
DA:485,0
DA:486,0
DA:489,0
DA:490,0
DA:491,0
DA:494,0
DA:495,0
DA:496,0
DA:499,0
DA:500,0
DA:501,0
DA:504,0
DA:505,0
DA:506,0
DA:509,0
DA:511,0
DA:512,0
DA:526,0
LF:170
LH:0
BRDA:30,0,0,0
BRDA:30,0,1,0
BRDA:36,1,0,0
BRDA:39,2,0,0
BRDA:42,3,0,0
BRDA:56,4,0,0
BRDA:56,4,1,0
BRDA:70,5,0,0
BRDA:75,6,0,0
BRDA:93,7,0,0
BRDA:93,7,1,0
BRDA:96,8,0,0
BRDA:100,9,0,0
BRDA:105,10,0,0
BRDA:110,11,0,0
BRDA:115,12,0,0
BRDA:120,13,0,0
BRDA:135,14,0,0
BRDA:140,15,0,0
BRDA:145,16,0,0
BRDA:150,17,0,0
BRDA:165,18,0,0
BRDA:171,19,0,0
BRDA:187,20,0,0
BRDA:195,21,0,0
BRDA:218,22,0,0
BRDA:218,22,1,0
BRDA:261,23,0,0
BRDA:266,24,0,0
BRDA:271,25,0,0
BRDA:280,26,0,0
BRDA:280,26,1,0
BRDA:281,27,0,0
BRDA:281,27,1,0
BRDA:282,28,0,0
BRDA:282,28,1,0
BRDA:283,29,0,0
BRDA:283,29,1,0
BRDA:284,30,0,0
BRDA:284,30,1,0
BRDA:285,31,0,0
BRDA:285,31,1,0
BRDA:313,32,0,0
BRDA:318,33,0,0
BRDA:323,34,0,0
BRDA:336,35,0,0
BRDA:336,35,1,0
BRDA:337,36,0,0
BRDA:337,36,1,0
BRDA:338,37,0,0
BRDA:338,37,1,0
BRDA:339,38,0,0
BRDA:339,38,1,0
BRDA:344,39,0,0
BRDA:367,40,0,0
BRDA:372,41,0,0
BRDA:387,42,0,0
BRDA:387,42,1,0
BRDA:388,43,0,0
BRDA:388,43,1,0
BRDA:389,44,0,0
BRDA:389,44,1,0
BRDA:423,45,0,0
BRDA:428,46,0,0
BRDA:442,47,0,0
BRDA:442,47,1,0
BRDA:443,48,0,0
BRDA:443,48,1,0
BRDA:444,49,0,0
BRDA:444,49,1,0
BRDA:445,50,0,0
BRDA:445,50,1,0
BRDA:453,51,0,0
BRDA:479,52,0,0
BRDA:484,53,0,0
BRDA:489,54,0,0
BRDA:494,55,0,0
BRDA:499,56,0,0
BRDA:504,57,0,0
BRDA:515,58,0,0
BRDA:515,58,1,0
BRDA:520,59,0,0
BRDA:520,59,1,0
BRF:83
BRH:0
end_of_record
TN:
SF:src/models/Department.ts
FN:13,(anonymous_0)
FN:17,(anonymous_1)
FN:42,(anonymous_2)
FN:52,(anonymous_3)
FN:101,(anonymous_4)
FN:113,(anonymous_5)
FN:116,(anonymous_6)
FN:168,(anonymous_7)
FN:195,(anonymous_8)
FN:227,(anonymous_9)
FNF:10
FNH:0
FNDA:0,(anonymous_0)
FNDA:0,(anonymous_1)
FNDA:0,(anonymous_2)
FNDA:0,(anonymous_3)
FNDA:0,(anonymous_4)
FNDA:0,(anonymous_5)
FNDA:0,(anonymous_6)
FNDA:0,(anonymous_7)
FNDA:0,(anonymous_8)
FNDA:0,(anonymous_9)
DA:2,0
DA:10,0
DA:14,0
DA:18,0
DA:19,0
DA:25,0
DA:32,0
DA:33,0
DA:35,0
DA:36,0
DA:38,0
DA:43,0
DA:48,0
DA:49,0
DA:53,0
DA:85,0
DA:87,0
DA:88,0
DA:91,0
DA:92,0
DA:94,0
DA:102,0
DA:103,0
DA:105,0
DA:106,0
DA:107,0
DA:110,0
DA:112,0
DA:113,0
DA:117,0
DA:118,0
DA:120,0
DA:121,0
DA:122,0
DA:125,0
DA:126,0
DA:127,0
DA:130,0
DA:131,0
DA:132,0
DA:135,0
DA:136,0
DA:137,0
DA:140,0
DA:141,0
DA:144,0
DA:145,0
DA:152,0
DA:153,0
DA:155,0
DA:156,0
DA:159,0
DA:161,0
DA:162,0
DA:164,0
DA:170,0
DA:175,0
DA:176,0
DA:179,0
DA:186,0
DA:188,0
DA:189,0
DA:192,0
DA:201,0
DA:216,0
DA:217,0
DA:219,0
DA:228,0
LF:68
LH:0
BRDA:27,0,0,0
BRDA:27,0,1,0
BRDA:28,1,0,0
BRDA:28,1,1,0
BRDA:35,2,0,0
BRDA:49,3,0,0
BRDA:49,3,1,0
BRDA:87,4,0,0
BRDA:96,5,0,0
BRDA:96,5,1,0
BRDA:97,6,0,0
BRDA:97,6,1,0
BRDA:101,7,0,0
BRDA:105,8,0,0
BRDA:120,9,0,0
BRDA:125,10,0,0
BRDA:130,11,0,0
BRDA:135,12,0,0
BRDA:140,13,0,0
BRDA:155,14,0,0
BRDA:161,15,0,0
BRDA:175,16,0,0
BRDA:188,17,0,0
BRDA:223,18,0,0
BRDA:223,18,1,0
BRF:25
BRH:0
end_of_record
TN:
SF:src/models/Employee.ts
FN:15,(anonymous_0)
FN:19,(anonymous_1)
FN:50,(anonymous_2)
FN:60,(anonymous_3)
FN:121,(anonymous_4)
FN:131,(anonymous_5)
FN:191,(anonymous_6)
FN:204,(anonymous_7)
FN:269,(anonymous_8)
FN:286,(anonymous_9)
FN:333,(anonymous_10)
FN:346,(anonymous_11)
FN:377,(anonymous_12)
FN:404,(anonymous_13)
FNF:14
FNH:0
FNDA:0,(anonymous_0)
FNDA:0,(anonymous_1)
FNDA:0,(anonymous_2)
FNDA:0,(anonymous_3)
FNDA:0,(anonymous_4)
FNDA:0,(anonymous_5)
FNDA:0,(anonymous_6)
FNDA:0,(anonymous_7)
FNDA:0,(anonymous_8)
FNDA:0,(anonymous_9)
FNDA:0,(anonymous_10)
FNDA:0,(anonymous_11)
FNDA:0,(anonymous_12)
FNDA:0,(anonymous_13)
DA:2,0
DA:12,0
DA:16,0
DA:20,0
DA:21,0
DA:27,0
DA:37,0
DA:38,0
DA:40,0
DA:41,0
DA:43,0
DA:44,0
DA:46,0
DA:51,0
DA:56,0
DA:57,0
DA:61,0
DA:105,0
DA:107,0
DA:108,0
DA:111,0
DA:112,0
DA:114,0
DA:122,0
DA:127,0
DA:128,0
DA:136,0
DA:137,0
DA:139,0
DA:140,0
DA:141,0
DA:144,0
DA:145,0
DA:146,0
DA:149,0
DA:150,0
DA:151,0
DA:154,0
DA:155,0
DA:156,0
DA:157,0
DA:168,0
DA:169,0
DA:172,0
DA:177,0
DA:178,0
DA:181,0
DA:182,0
DA:190,0
DA:191,0
DA:193,0
DA:195,0
DA:205,0
DA:206,0
DA:208,0
DA:209,0
DA:210,0
DA:213,0
DA:214,0
DA:215,0
DA:218,0
DA:219,0
DA:220,0
DA:223,0
DA:224,0
DA:225,0
DA:228,0
DA:229,0
DA:230,0
DA:233,0
DA:234,0
DA:235,0
DA:238,0
DA:239,0
DA:242,0
DA:243,0
DA:250,0
DA:251,0
DA:253,0
DA:254,0
DA:257,0
DA:259,0
DA:260,0
DA:262,0
DA:263,0
DA:265,0
DA:270,0
DA:277,0
DA:279,0
DA:280,0
DA:283,0
DA:292,0
DA:302,0
DA:305,0
DA:306,0
DA:307,0
DA:310,0
DA:311,0
DA:314,0
DA:319,0
DA:320,0
DA:323,0
DA:324,0
DA:332,0
DA:333,0
DA:335,0
DA:337,0
DA:353,0
DA:361,0
DA:362,0
DA:365,0
DA:376,0
DA:377,0
DA:383,0
DA:390,0
DA:391,0
DA:395,0
DA:405,0
LF:118
LH:0
BRDA:40,0,0,0
BRDA:43,1,0,0
BRDA:57,2,0,0
BRDA:57,2,1,0
BRDA:107,3,0,0
BRDA:117,4,0,0
BRDA:117,4,1,0
BRDA:128,5,0,0
BRDA:128,5,1,0
BRDA:132,6,0,0
BRDA:133,7,0,0
BRDA:134,8,0,0
BRDA:139,9,0,0
BRDA:144,10,0,0
BRDA:149,11,0,0
BRDA:154,12,0,0
BRDA:154,13,0,0
BRDA:154,13,1,0
BRDA:155,14,0,0
BRDA:155,14,1,0
BRDA:208,15,0,0
BRDA:213,16,0,0
BRDA:218,17,0,0
BRDA:223,18,0,0
BRDA:228,19,0,0
BRDA:233,20,0,0
BRDA:238,21,0,0
BRDA:253,22,0,0
BRDA:259,23,0,0
BRDA:262,24,0,0
BRDA:279,25,0,0
BRDA:288,26,0,0
BRDA:289,27,0,0
BRDA:290,28,0,0
BRDA:305,29,0,0
BRDA:391,30,0,0
BRDA:391,30,1,0
BRDA:399,31,0,0
BRDA:399,31,1,0
BRF:39
BRH:0
end_of_record
TN:
SF:src/models/EmployeeSkill.ts
FN:14,(anonymous_0)
FN:18,(anonymous_1)
FN:48,(anonymous_2)
FN:58,(anonymous_3)
FN:78,(anonymous_4)
FN:84,(anonymous_5)
FN:102,(anonymous_6)
FN:108,(anonymous_7)
FN:118,(anonymous_8)
FN:156,(anonymous_9)
FN:163,(anonymous_10)
FN:208,(anonymous_11)
FN:225,(anonymous_12)
FN:237,(anonymous_13)
FN:310,(anonymous_14)
FN:338,(anonymous_15)
FN:345,(anonymous_16)
FN:369,(anonymous_17)
FN:376,(anonymous_18)
FNF:19
FNH:0
FNDA:0,(anonymous_0)
FNDA:0,(anonymous_1)
FNDA:0,(anonymous_2)
FNDA:0,(anonymous_3)
FNDA:0,(anonymous_4)
FNDA:0,(anonymous_5)
FNDA:0,(anonymous_6)
FNDA:0,(anonymous_7)
FNDA:0,(anonymous_8)
FNDA:0,(anonymous_9)
FNDA:0,(anonymous_10)
FNDA:0,(anonymous_11)
FNDA:0,(anonymous_12)
FNDA:0,(anonymous_13)
FNDA:0,(anonymous_14)
FNDA:0,(anonymous_15)
FNDA:0,(anonymous_16)
FNDA:0,(anonymous_17)
FNDA:0,(anonymous_18)
DA:2,0
DA:11,0
DA:15,0
DA:19,0
DA:20,0
DA:26,0
DA:35,0
DA:36,0
DA:38,0
DA:39,0
DA:41,0
DA:42,0
DA:44,0
DA:49,0
DA:54,0
DA:55,0
DA:59,0
DA:77,0
DA:78,0
DA:85,0
DA:101,0
DA:102,0
DA:109,0
DA:114,0
DA:115,0
DA:122,0
DA:146,0
DA:148,0
DA:149,0
DA:150,0
DA:153,0
DA:155,0
DA:156,0
DA:164,0
DA:165,0
DA:167,0
DA:168,0
DA:169,0
DA:172,0
DA:173,0
DA:174,0
DA:177,0
DA:178,0
DA:179,0
DA:182,0
DA:183,0
DA:184,0
DA:187,0
DA:188,0
DA:191,0
DA:192,0
DA:199,0
DA:201,0
DA:202,0
DA:205,0
DA:209,0
DA:216,0
DA:218,0
DA:219,0
DA:222,0
DA:226,0
DA:233,0
DA:234,0
DA:246,0
DA:247,0
DA:250,0
DA:252,0
DA:253,0
DA:255,0
DA:257,0
DA:259,0
DA:263,0
DA:265,0
DA:267,0
DA:273,0
DA:279,0
DA:282,0
DA:287,0
DA:295,0
DA:299,0
DA:300,0
DA:303,0
DA:304,0
DA:306,0
DA:315,0
DA:325,0
DA:327,0
DA:328,0
DA:329,0
DA:332,0
DA:337,0
DA:338,0
DA:350,0
DA:368,0
DA:369,0
DA:377,0
LF:96
LH:0
BRDA:31,0,0,0
BRDA:31,0,1,0
BRDA:38,1,0,0
BRDA:41,2,0,0
BRDA:55,3,0,0
BRDA:55,3,1,0
BRDA:115,4,0,0
BRDA:115,4,1,0
BRDA:148,5,0,0
BRDA:148,6,0,0
BRDA:148,6,1,0
BRDA:167,7,0,0
BRDA:172,8,0,0
BRDA:177,9,0,0
BRDA:182,10,0,0
BRDA:187,11,0,0
BRDA:201,12,0,0
BRDA:218,13,0,0
BRDA:234,14,0,0
BRDA:234,14,1,0
BRDA:246,15,0,0
BRDA:265,16,0,0
BRDA:265,16,1,0
BRDA:276,17,0,0
BRDA:276,17,1,0
BRDA:292,18,0,0
BRDA:292,18,1,0
BRDA:327,19,0,0
BRDA:341,20,0,0
BRDA:341,20,1,0
BRDA:345,21,0,0
BRF:31
BRH:0
end_of_record
TN:
SF:src/models/Project.ts
FN:17,(anonymous_0)
FN:21,(anonymous_1)
FN:56,(anonymous_2)
FN:66,(anonymous_3)
FN:157,(anonymous_4)
FN:233,(anonymous_5)
FN:246,(anonymous_6)
FN:346,(anonymous_7)
FN:363,(anonymous_8)
FN:409,(anonymous_9)
FN:433,(anonymous_10)
FN:443,(anonymous_11)
FN:476,(anonymous_12)
FN:484,(anonymous_13)
FNF:14
FNH:0
FNDA:0,(anonymous_0)
FNDA:0,(anonymous_1)
FNDA:0,(anonymous_2)
FNDA:0,(anonymous_3)
FNDA:0,(anonymous_4)
FNDA:0,(anonymous_5)
FNDA:0,(anonymous_6)
FNDA:0,(anonymous_7)
FNDA:0,(anonymous_8)
FNDA:0,(anonymous_9)
FNDA:0,(anonymous_10)
FNDA:0,(anonymous_11)
FNDA:0,(anonymous_12)
FNDA:0,(anonymous_13)
DA:2,0
DA:14,0
DA:18,0
DA:22,0
DA:23,0
DA:29,0
DA:43,0
DA:44,0
DA:46,0
DA:47,0
DA:49,0
DA:50,0
DA:52,0
DA:57,0
DA:62,0
DA:63,0
DA:67,0
DA:140,0
DA:142,0
DA:143,0
DA:146,0
DA:147,0
DA:149,0
DA:162,0
DA:163,0
DA:165,0
DA:166,0
DA:167,0
DA:170,0
DA:171,0
DA:172,0
DA:175,0
DA:176,0
DA:177,0
DA:180,0
DA:181,0
DA:182,0
DA:185,0
DA:186,0
DA:187,0
DA:190,0
DA:191,0
DA:192,0
DA:195,0
DA:196,0
DA:197,0
DA:200,0
DA:201,0
DA:202,0
DA:205,0
DA:206,0
DA:207,0
DA:210,0
DA:211,0
DA:214,0
DA:219,0
DA:220,0
DA:223,0
DA:224,0
DA:232,0
DA:233,0
DA:235,0
DA:237,0
DA:247,0
DA:248,0
DA:250,0
DA:251,0
DA:252,0
DA:255,0
DA:256,0
DA:257,0
DA:260,0
DA:261,0
DA:262,0
DA:265,0
DA:266,0
DA:267,0
DA:270,0
DA:271,0
DA:272,0
DA:275,0
DA:276,0
DA:277,0
DA:280,0
DA:281,0
DA:282,0
DA:285,0
DA:286,0
DA:287,0
DA:290,0
DA:291,0
DA:292,0
DA:295,0
DA:296,0
DA:297,0
DA:300,0
DA:301,0
DA:302,0
DA:305,0
DA:306,0
DA:307,0
DA:310,0
DA:311,0
DA:312,0
DA:315,0
DA:316,0
DA:319,0
DA:320,0
DA:327,0
DA:328,0
DA:330,0
DA:331,0
DA:334,0
DA:336,0
DA:337,0
DA:339,0
DA:340,0
DA:342,0
DA:347,0
DA:354,0
DA:356,0
DA:357,0
DA:360,0
DA:370,0
DA:397,0
DA:398,0
DA:400,0
DA:417,0
DA:431,0
DA:433,0
DA:450,0
DA:474,0
DA:476,0
DA:485,0
LF:134
LH:0
BRDA:31,0,0,0
BRDA:31,0,1,0
BRDA:34,1,0,0
BRDA:34,1,1,0
BRDA:38,2,0,0
BRDA:38,2,1,0
BRDA:46,3,0,0
BRDA:49,4,0,0
BRDA:63,5,0,0
BRDA:63,5,1,0
BRDA:142,6,0,0
BRDA:152,7,0,0
BRDA:152,7,1,0
BRDA:153,8,0,0
BRDA:153,8,1,0
BRDA:158,9,0,0
BRDA:159,10,0,0
BRDA:160,11,0,0
BRDA:165,12,0,0
BRDA:170,13,0,0
BRDA:175,14,0,0
BRDA:180,15,0,0
BRDA:185,16,0,0
BRDA:190,17,0,0
BRDA:195,18,0,0
BRDA:200,19,0,0
BRDA:205,20,0,0
BRDA:250,21,0,0
BRDA:255,22,0,0
BRDA:260,23,0,0
BRDA:265,24,0,0
BRDA:270,25,0,0
BRDA:275,26,0,0
BRDA:280,27,0,0
BRDA:285,28,0,0
BRDA:290,29,0,0
BRDA:295,30,0,0
BRDA:300,31,0,0
BRDA:305,32,0,0
BRDA:310,33,0,0
BRDA:315,34,0,0
BRDA:330,35,0,0
BRDA:336,36,0,0
BRDA:339,37,0,0
BRDA:356,38,0,0
BRDA:401,39,0,0
BRDA:401,39,1,0
BRDA:402,40,0,0
BRDA:402,40,1,0
BRDA:403,41,0,0
BRDA:403,41,1,0
BRDA:404,42,0,0
BRDA:404,42,1,0
BRDA:405,43,0,0
BRDA:405,43,1,0
BRDA:436,44,0,0
BRDA:436,44,1,0
BRDA:437,45,0,0
BRDA:437,45,1,0
BRDA:438,46,0,0
BRDA:438,46,1,0
BRDA:439,47,0,0
BRDA:439,47,1,0
BRDA:494,48,0,0
BRDA:494,48,1,0
BRDA:495,49,0,0
BRDA:495,49,1,0
BRDA:496,50,0,0
BRDA:496,50,1,0
BRDA:497,51,0,0
BRDA:497,51,1,0
BRF:71
BRH:0
end_of_record
TN:
SF:src/models/ResourceAllocation.ts
FN:17,(anonymous_0)
FN:21,(anonymous_1)
FN:57,(anonymous_2)
FN:67,(anonymous_3)
FN:111,(anonymous_4)
FN:132,(anonymous_5)
FN:149,(anonymous_6)
FN:174,(anonymous_7)
FN:197,(anonymous_8)
FN:224,(anonymous_9)
FN:227,(anonymous_10)
FN:293,(anonymous_11)
FN:306,(anonymous_12)
FN:371,(anonymous_13)
FN:388,(anonymous_14)
FN:434,(anonymous_15)
FN:444,(anonymous_16)
FN:486,(anonymous_17)
FN:496,(anonymous_18)
FN:531,(anonymous_19)
FN:541,(anonymous_20)
FNF:21
FNH:0
FNDA:0,(anonymous_0)
FNDA:0,(anonymous_1)
FNDA:0,(anonymous_2)
FNDA:0,(anonymous_3)
FNDA:0,(anonymous_4)
FNDA:0,(anonymous_5)
FNDA:0,(anonymous_6)
FNDA:0,(anonymous_7)
FNDA:0,(anonymous_8)
FNDA:0,(anonymous_9)
FNDA:0,(anonymous_10)
FNDA:0,(anonymous_11)
FNDA:0,(anonymous_12)
FNDA:0,(anonymous_13)
FNDA:0,(anonymous_14)
FNDA:0,(anonymous_15)
FNDA:0,(anonymous_16)
FNDA:0,(anonymous_17)
FNDA:0,(anonymous_18)
FNDA:0,(anonymous_19)
FNDA:0,(anonymous_20)
DA:2,0
DA:14,0
DA:18,0
DA:22,0
DA:23,0
DA:29,0
DA:41,0
DA:42,0
DA:44,0
DA:45,0
DA:47,0
DA:48,0
DA:50,0
DA:51,0
DA:53,0
DA:58,0
DA:63,0
DA:64,0
DA:68,0
DA:95,0
DA:97,0
DA:98,0
DA:101,0
DA:102,0
DA:104,0
DA:112,0
DA:131,0
DA:132,0
DA:150,0
DA:173,0
DA:174,0
DA:203,0
DA:214,0
DA:216,0
DA:217,0
DA:218,0
DA:221,0
DA:223,0
DA:224,0
DA:232,0
DA:233,0
DA:235,0
DA:236,0
DA:237,0
DA:240,0
DA:241,0
DA:242,0
DA:245,0
DA:246,0
DA:247,0
DA:250,0
DA:251,0
DA:252,0
DA:255,0
DA:256,0
DA:257,0
DA:260,0
DA:261,0
DA:262,0
DA:265,0
DA:266,0
DA:267,0
DA:270,0
DA:271,0
DA:274,0
DA:279,0
DA:280,0
DA:283,0
DA:284,0
DA:292,0
DA:293,0
DA:295,0
DA:297,0
DA:307,0
DA:308,0
DA:310,0
DA:311,0
DA:312,0
DA:315,0
DA:316,0
DA:317,0
DA:320,0
DA:321,0
DA:322,0
DA:325,0
DA:326,0
DA:327,0
DA:330,0
DA:331,0
DA:332,0
DA:335,0
DA:336,0
DA:337,0
DA:340,0
DA:341,0
DA:342,0
DA:345,0
DA:346,0
DA:347,0
DA:350,0
DA:351,0
DA:354,0
DA:355,0
DA:362,0
DA:364,0
DA:365,0
DA:368,0
DA:372,0
DA:379,0
DA:381,0
DA:382,0
DA:385,0
DA:400,0
DA:420,0
DA:422,0
DA:423,0
DA:424,0
DA:427,0
DA:432,0
DA:434,0
DA:455,0
DA:484,0
DA:486,0
DA:507,0
DA:529,0
DA:531,0
DA:542,0
LF:127
LH:0
BRDA:33,0,0,0
BRDA:33,0,1,0
BRDA:37,1,0,0
BRDA:37,1,1,0
BRDA:44,2,0,0
BRDA:47,3,0,0
BRDA:50,4,0,0
BRDA:64,5,0,0
BRDA:64,5,1,0
BRDA:97,6,0,0
BRDA:143,7,0,0
BRDA:143,7,1,0
BRDA:144,8,0,0
BRDA:144,8,1,0
BRDA:191,9,0,0
BRDA:191,9,1,0
BRDA:192,10,0,0
BRDA:192,10,1,0
BRDA:216,11,0,0
BRDA:228,12,0,0
BRDA:229,13,0,0
BRDA:230,14,0,0
BRDA:235,15,0,0
BRDA:240,16,0,0
BRDA:245,17,0,0
BRDA:250,18,0,0
BRDA:255,19,0,0
BRDA:260,20,0,0
BRDA:265,21,0,0
BRDA:310,22,0,0
BRDA:315,23,0,0
BRDA:320,24,0,0
BRDA:325,25,0,0
BRDA:330,26,0,0
BRDA:335,27,0,0
BRDA:340,28,0,0
BRDA:345,29,0,0
BRDA:350,30,0,0
BRDA:364,31,0,0
BRDA:381,32,0,0
BRDA:422,33,0,0
BRDA:437,34,0,0
BRDA:437,34,1,0
BRDA:438,35,0,0
BRDA:438,35,1,0
BRDA:439,36,0,0
BRDA:439,36,1,0
BRDA:440,37,0,0
BRDA:440,37,1,0
BRDA:490,38,0,0
BRDA:490,38,1,0
BRDA:491,39,0,0
BRDA:491,39,1,0
BRDA:492,40,0,0
BRDA:492,40,1,0
BRDA:534,41,0,0
BRDA:534,41,1,0
BRDA:535,42,0,0
BRDA:535,42,1,0
BRDA:536,43,0,0
BRDA:536,43,1,0
BRDA:537,44,0,0
BRDA:537,44,1,0
BRDA:546,45,0,0
BRDA:546,45,1,0
BRDA:547,46,0,0
BRDA:547,46,1,0
BRDA:551,47,0,0
BRDA:551,47,1,0
BRF:69
BRH:0
end_of_record
TN:
SF:src/models/Skill.ts
FN:14,(anonymous_0)
FN:18,(anonymous_1)
FN:43,(anonymous_2)
FN:53,(anonymous_3)
FN:70,(anonymous_4)
FN:73,(anonymous_5)
FN:77,(anonymous_6)
FN:87,(anonymous_7)
FN:106,(anonymous_8)
FN:109,(anonymous_9)
FN:161,(anonymous_10)
FN:188,(anonymous_11)
FN:210,(anonymous_12)
FN:230,(anonymous_13)
FN:242,(anonymous_14)
FN:275,(anonymous_15)
FN:283,(anonymous_16)
FNF:17
FNH:0
FNDA:0,(anonymous_0)
FNDA:0,(anonymous_1)
FNDA:0,(anonymous_2)
FNDA:0,(anonymous_3)
FNDA:0,(anonymous_4)
FNDA:0,(anonymous_5)
FNDA:0,(anonymous_6)
FNDA:0,(anonymous_7)
FNDA:0,(anonymous_8)
FNDA:0,(anonymous_9)
FNDA:0,(anonymous_10)
FNDA:0,(anonymous_11)
FNDA:0,(anonymous_12)
FNDA:0,(anonymous_13)
FNDA:0,(anonymous_14)
FNDA:0,(anonymous_15)
FNDA:0,(anonymous_16)
DA:2,0
DA:11,0
DA:15,0
DA:19,0
DA:20,0
DA:26,0
DA:33,0
DA:34,0
DA:36,0
DA:37,0
DA:39,0
DA:44,0
DA:49,0
DA:50,0
DA:54,0
DA:55,0
DA:57,0
DA:58,0
DA:59,0
DA:62,0
DA:63,0
DA:64,0
DA:67,0
DA:69,0
DA:70,0
DA:74,0
DA:78,0
DA:83,0
DA:84,0
DA:88,0
DA:96,0
DA:98,0
DA:99,0
DA:100,0
DA:103,0
DA:105,0
DA:106,0
DA:110,0
DA:111,0
DA:113,0
DA:114,0
DA:115,0
DA:118,0
DA:119,0
DA:120,0
DA:123,0
DA:124,0
DA:125,0
DA:128,0
DA:129,0
DA:130,0
DA:133,0
DA:134,0
DA:137,0
DA:138,0
DA:145,0
DA:146,0
DA:148,0
DA:149,0
DA:152,0
DA:154,0
DA:155,0
DA:157,0
DA:163,0
DA:168,0
DA:169,0
DA:172,0
DA:179,0
DA:181,0
DA:182,0
DA:185,0
DA:194,0
DA:205,0
DA:207,0
DA:208,0
DA:210,0
DA:211,0
DA:212,0
DA:217,0
DA:229,0
DA:230,0
DA:235,0
DA:248,0
DA:249,0
DA:252,0
DA:273,0
DA:275,0
DA:284,0
LF:88
LH:0
BRDA:28,0,0,0
BRDA:28,0,1,0
BRDA:36,1,0,0
BRDA:50,2,0,0
BRDA:50,2,1,0
BRDA:53,3,0,0
BRDA:57,4,0,0
BRDA:62,5,0,0
BRDA:84,6,0,0
BRDA:84,6,1,0
BRDA:98,7,0,0
BRDA:113,8,0,0
BRDA:118,9,0,0
BRDA:123,10,0,0
BRDA:128,11,0,0
BRDA:133,12,0,0
BRDA:148,13,0,0
BRDA:154,14,0,0
BRDA:168,15,0,0
BRDA:181,16,0,0
BRDA:207,17,0,0
BRDA:207,17,1,0
BRDA:211,18,0,0
BRDA:248,19,0,0
BRDA:279,20,0,0
BRDA:279,20,1,0
BRF:26
BRH:0
end_of_record
TN:
SF:src/models/SkillRequirement.ts
FN:16,(anonymous_0)
FN:20,(anonymous_1)
FN:50,(anonymous_2)
FN:60,(anonymous_3)
FN:93,(anonymous_4)
FN:113,(anonymous_5)
FN:119,(anonymous_6)
FN:136,(anonymous_7)
FN:142,(anonymous_8)
FN:174,(anonymous_9)
FN:177,(anonymous_10)
FN:222,(anonymous_11)
FN:238,(anonymous_12)
FN:325,(anonymous_13)
FN:353,(anonymous_14)
FN:375,(anonymous_15)
FN:435,(anonymous_16)
FN:453,(anonymous_17)
FNF:18
FNH:0
FNDA:0,(anonymous_0)
FNDA:0,(anonymous_1)
FNDA:0,(anonymous_2)
FNDA:0,(anonymous_3)
FNDA:0,(anonymous_4)
FNDA:0,(anonymous_5)
FNDA:0,(anonymous_6)
FNDA:0,(anonymous_7)
FNDA:0,(anonymous_8)
FNDA:0,(anonymous_9)
FNDA:0,(anonymous_10)
FNDA:0,(anonymous_11)
FNDA:0,(anonymous_12)
FNDA:0,(anonymous_13)
FNDA:0,(anonymous_14)
FNDA:0,(anonymous_15)
FNDA:0,(anonymous_16)
FNDA:0,(anonymous_17)
DA:2,0
DA:13,0
DA:17,0
DA:21,0
DA:22,0
DA:28,0
DA:37,0
DA:38,0
DA:40,0
DA:41,0
DA:43,0
DA:44,0
DA:46,0
DA:51,0
DA:56,0
DA:57,0
DA:61,0
DA:78,0
DA:80,0
DA:81,0
DA:84,0
DA:85,0
DA:87,0
DA:94,0
DA:112,0
DA:113,0
DA:120,0
DA:135,0
DA:136,0
DA:143,0
DA:144,0
DA:146,0
DA:147,0
DA:148,0
DA:151,0
DA:152,0
DA:153,0
DA:156,0
DA:157,0
DA:158,0
DA:161,0
DA:162,0
DA:163,0
DA:166,0
DA:167,0
DA:168,0
DA:171,0
DA:173,0
DA:174,0
DA:178,0
DA:179,0
DA:181,0
DA:182,0
DA:183,0
DA:186,0
DA:187,0
DA:188,0
DA:191,0
DA:192,0
DA:193,0
DA:196,0
DA:197,0
DA:198,0
DA:201,0
DA:202,0
DA:205,0
DA:206,0
DA:213,0
DA:215,0
DA:216,0
DA:219,0
DA:223,0
DA:229,0
DA:231,0
DA:232,0
DA:235,0
DA:251,0
DA:323,0
DA:325,0
DA:354,0
DA:372,0
DA:383,0
DA:433,0
DA:435,0
DA:454,0
LF:85
LH:0
BRDA:40,0,0,0
BRDA:43,1,0,0
BRDA:57,2,0,0
BRDA:57,2,1,0
BRDA:80,3,0,0
BRDA:142,4,0,0
BRDA:146,5,0,0
BRDA:151,6,0,0
BRDA:156,7,0,0
BRDA:161,8,0,0
BRDA:166,9,0,0
BRDA:181,10,0,0
BRDA:186,11,0,0
BRDA:191,12,0,0
BRDA:196,13,0,0
BRDA:201,14,0,0
BRDA:215,15,0,0
BRDA:231,16,0,0
BRDA:346,17,0,0
BRDA:346,17,1,0
BRDA:347,18,0,0
BRDA:347,18,1,0
BRDA:348,19,0,0
BRDA:348,19,1,0
BRDA:349,20,0,0
BRDA:349,20,1,0
BRDA:445,21,0,0
BRDA:445,21,1,0
BRDA:446,22,0,0
BRDA:446,22,1,0
BRDA:447,23,0,0
BRDA:447,23,1,0
BRDA:448,24,0,0
BRDA:448,24,1,0
BRF:34
BRH:0
end_of_record
TN:
SF:src/models/allocation.model.ts
FN:28,(anonymous_0)
FN:38,(anonymous_1)
FN:42,(anonymous_2)
FN:89,(anonymous_3)
FN:123,(anonymous_4)
FN:133,(anonymous_5)
FN:176,(anonymous_6)
FN:223,(anonymous_7)
FN:236,(anonymous_8)
FN:273,(anonymous_9)
FN:286,(anonymous_10)
FN:352,(anonymous_11)
FN:365,(anonymous_12)
FN:432,(anonymous_13)
FN:449,(anonymous_14)
FN:462,(anonymous_15)
FN:471,(anonymous_16)
FN:520,(anonymous_17)
FN:529,(anonymous_18)
FN:546,(anonymous_19)
FNF:20
FNH:0
FNDA:0,(anonymous_0)
FNDA:0,(anonymous_1)
FNDA:0,(anonymous_2)
FNDA:0,(anonymous_3)
FNDA:0,(anonymous_4)
FNDA:0,(anonymous_5)
FNDA:0,(anonymous_6)
FNDA:0,(anonymous_7)
FNDA:0,(anonymous_8)
FNDA:0,(anonymous_9)
FNDA:0,(anonymous_10)
FNDA:0,(anonymous_11)
FNDA:0,(anonymous_12)
FNDA:0,(anonymous_13)
FNDA:0,(anonymous_14)
FNDA:0,(anonymous_15)
FNDA:0,(anonymous_16)
FNDA:0,(anonymous_17)
FNDA:0,(anonymous_18)
FNDA:0,(anonymous_19)
DA:2,0
DA:28,0
DA:29,0
DA:30,0
DA:31,0
DA:32,0
DA:35,0
DA:39,0
DA:43,0
DA:45,0
DA:51,0
DA:52,0
DA:57,0
DA:66,0
DA:76,0
DA:77,0
DA:79,0
DA:80,0
DA:82,0
DA:83,0
DA:85,0
DA:90,0
DA:91,0
DA:100,0
DA:110,0
DA:111,0
DA:113,0
DA:114,0
DA:116,0
DA:117,0
DA:119,0
DA:124,0
DA:129,0
DA:130,0
DA:134,0
DA:160,0
DA:162,0
DA:163,0
DA:166,0
DA:167,0
DA:169,0
DA:182,0
DA:183,0
DA:185,0
DA:186,0
DA:187,0
DA:190,0
DA:191,0
DA:192,0
DA:195,0
DA:196,0
DA:197,0
DA:200,0
DA:201,0
DA:204,0
DA:209,0
DA:210,0
DA:213,0
DA:214,0
DA:222,0
DA:223,0
DA:225,0
DA:227,0
DA:242,0
DA:243,0
DA:245,0
DA:246,0
DA:247,0
DA:250,0
DA:251,0
DA:254,0
DA:259,0
DA:260,0
DA:263,0
DA:264,0
DA:272,0
DA:273,0
DA:275,0
DA:277,0
DA:291,0
DA:292,0
DA:294,0
DA:295,0
DA:296,0
DA:299,0
DA:300,0
DA:301,0
DA:304,0
DA:305,0
DA:306,0
DA:309,0
DA:310,0
DA:311,0
DA:314,0
DA:315,0
DA:316,0
DA:319,0
DA:320,0
DA:321,0
DA:324,0
DA:325,0
DA:326,0
DA:329,0
DA:330,0
DA:333,0
DA:338,0
DA:339,0
DA:342,0
DA:343,0
DA:351,0
DA:352,0
DA:354,0
DA:356,0
DA:366,0
DA:367,0
DA:369,0
DA:370,0
DA:371,0
DA:374,0
DA:375,0
DA:376,0
DA:379,0
DA:380,0
DA:381,0
DA:384,0
DA:385,0
DA:386,0
DA:389,0
DA:390,0
DA:391,0
DA:394,0
DA:395,0
DA:396,0
DA:399,0
DA:400,0
DA:401,0
DA:404,0
DA:405,0
DA:408,0
DA:409,0
DA:416,0
DA:417,0
DA:419,0
DA:420,0
DA:423,0
DA:425,0
DA:426,0
DA:428,0
DA:433,0
DA:440,0
DA:442,0
DA:443,0
DA:446,0
DA:455,0
DA:459,0
DA:460,0
DA:462,0
DA:476,0
DA:477,0
DA:479,0
DA:480,0
DA:481,0
DA:484,0
DA:485,0
DA:486,0
DA:489,0
DA:491,0
DA:518,0
DA:520,0
DA:530,0
DA:537,0
DA:539,0
DA:540,0
DA:543,0
DA:547,0
LF:175
LH:0
BRDA:28,0,0,0
BRDA:28,0,1,0
BRDA:51,1,0,0
BRDA:73,2,0,0
BRDA:73,2,1,0
BRDA:79,3,0,0
BRDA:82,4,0,0
BRDA:107,5,0,0
BRDA:107,5,1,0
BRDA:113,6,0,0
BRDA:116,7,0,0
BRDA:130,8,0,0
BRDA:130,8,1,0
BRDA:162,9,0,0
BRDA:178,10,0,0
BRDA:179,11,0,0
BRDA:180,12,0,0
BRDA:185,13,0,0
BRDA:190,14,0,0
BRDA:195,15,0,0
BRDA:238,16,0,0
BRDA:239,17,0,0
BRDA:240,18,0,0
BRDA:245,19,0,0
BRDA:287,20,0,0
BRDA:288,21,0,0
BRDA:289,22,0,0
BRDA:294,23,0,0
BRDA:299,24,0,0
BRDA:304,25,0,0
BRDA:309,26,0,0
BRDA:314,27,0,0
BRDA:319,28,0,0
BRDA:324,29,0,0
BRDA:329,30,0,0
BRDA:329,30,1,0
BRDA:369,31,0,0
BRDA:374,32,0,0
BRDA:379,33,0,0
BRDA:384,34,0,0
BRDA:389,35,0,0
BRDA:394,36,0,0
BRDA:399,37,0,0
BRDA:400,38,0,0
BRDA:400,38,1,0
BRDA:404,39,0,0
BRDA:419,40,0,0
BRDA:425,41,0,0
BRDA:442,42,0,0
BRDA:459,43,0,0
BRDA:459,43,1,0
BRDA:479,44,0,0
BRDA:484,45,0,0
BRDA:484,46,0,0
BRDA:484,46,1,0
BRDA:522,47,0,0
BRDA:522,47,1,0
BRDA:523,48,0,0
BRDA:523,48,1,0
BRDA:524,49,0,0
BRDA:524,49,1,0
BRDA:525,50,0,0
BRDA:525,50,1,0
BRDA:539,51,0,0
BRDA:551,52,0,0
BRDA:551,52,1,0
BRDA:552,53,0,0
BRDA:552,53,1,0
BRDA:553,54,0,0
BRDA:553,54,1,0
BRF:70
BRH:0
end_of_record
TN:
SF:src/models/index.ts
FN:12,(anonymous_4)
FN:13,(anonymous_5)
FN:14,(anonymous_6)
FN:15,(anonymous_7)
FN:16,(anonymous_8)
FN:17,(anonymous_9)
FN:18,(anonymous_10)
FN:19,(anonymous_11)
FN:22,initializeModels
FNF:9
FNH:0
FNDA:0,(anonymous_4)
FNDA:0,(anonymous_5)
FNDA:0,(anonymous_6)
FNDA:0,(anonymous_7)
FNDA:0,(anonymous_8)
FNDA:0,(anonymous_9)
FNDA:0,(anonymous_10)
FNDA:0,(anonymous_11)
FNDA:0,initializeModels
DA:2,0
DA:3,0
DA:4,0
DA:5,0
DA:6,0
DA:7,0
DA:8,0
DA:9,0
DA:12,0
DA:13,0
DA:14,0
DA:15,0
DA:16,0
DA:17,0
DA:18,0
DA:19,0
DA:22,0
DA:23,0
DA:24,0
DA:25,0
DA:26,0
DA:27,0
DA:28,0
DA:29,0
DA:30,0
DA:34,0
LF:26
LH:0
BRF:0
BRH:0
end_of_record
TN:
SF:src/models/project.model.ts
FN:15,(anonymous_0)
FN:22,(anonymous_1)
FN:68,(anonymous_2)
FN:81,(anonymous_3)
FN:94,(anonymous_4)
FN:163,(anonymous_5)
FN:179,(anonymous_6)
FN:258,(anonymous_7)
FN:277,(anonymous_8)
FN:311,(anonymous_9)
FN:331,(anonymous_10)
FN:340,(anonymous_11)
FN:346,(anonymous_12)
FN:356,(anonymous_13)
FN:362,(anonymous_14)
FN:369,(anonymous_15)
FN:371,(anonymous_16)
FNF:17
FNH:0
FNDA:0,(anonymous_0)
FNDA:0,(anonymous_1)
FNDA:0,(anonymous_2)
FNDA:0,(anonymous_3)
FNDA:0,(anonymous_4)
FNDA:0,(anonymous_5)
FNDA:0,(anonymous_6)
FNDA:0,(anonymous_7)
FNDA:0,(anonymous_8)
FNDA:0,(anonymous_9)
FNDA:0,(anonymous_10)
FNDA:0,(anonymous_11)
FNDA:0,(anonymous_12)
FNDA:0,(anonymous_13)
FNDA:0,(anonymous_14)
FNDA:0,(anonymous_15)
FNDA:0,(anonymous_16)
DA:2,0
DA:12,0
DA:16,0
DA:23,0
DA:24,0
DA:40,0
DA:52,0
DA:53,0
DA:55,0
DA:56,0
DA:58,0
DA:59,0
DA:61,0
DA:69,0
DA:74,0
DA:75,0
DA:82,0
DA:87,0
DA:88,0
DA:101,0
DA:102,0
DA:105,0
DA:106,0
DA:107,0
DA:110,0
DA:111,0
DA:112,0
DA:115,0
DA:116,0
DA:117,0
DA:120,0
DA:121,0
DA:122,0
DA:125,0
DA:126,0
DA:127,0
DA:130,0
DA:131,0
DA:132,0
DA:135,0
DA:136,0
DA:139,0
DA:140,0
DA:141,0
DA:144,0
DA:149,0
DA:150,0
DA:153,0
DA:154,0
DA:162,0
DA:163,0
DA:165,0
DA:167,0
DA:180,0
DA:181,0
DA:184,0
DA:185,0
DA:186,0
DA:189,0
DA:190,0
DA:191,0
DA:194,0
DA:195,0
DA:196,0
DA:199,0
DA:200,0
DA:201,0
DA:204,0
DA:205,0
DA:206,0
DA:209,0
DA:210,0
DA:211,0
DA:214,0
DA:215,0
DA:216,0
DA:219,0
DA:220,0
DA:221,0
DA:224,0
DA:225,0
DA:228,0
DA:229,0
DA:236,0
DA:237,0
DA:239,0
DA:240,0
DA:243,0
DA:245,0
DA:246,0
DA:248,0
DA:249,0
DA:251,0
DA:259,0
DA:265,0
DA:267,0
DA:268,0
DA:271,0
DA:278,0
DA:291,0
DA:292,0
DA:294,0
DA:312,0
DA:332,0
DA:339,0
DA:340,0
DA:347,0
DA:355,0
DA:356,0
DA:363,0
DA:368,0
DA:369,0
DA:371,0
DA:372,0
DA:373,0
DA:374,0
DA:376,0
DA:377,0
LF:118
LH:0
BRDA:42,0,0,0
BRDA:42,0,1,0
BRDA:43,1,0,0
BRDA:43,1,1,0
BRDA:47,2,0,0
BRDA:47,2,1,0
BRDA:48,3,0,0
BRDA:48,3,1,0
BRDA:49,4,0,0
BRDA:49,4,1,0
BRDA:55,5,0,0
BRDA:58,6,0,0
BRDA:75,7,0,0
BRDA:75,7,1,0
BRDA:88,8,0,0
BRDA:88,8,1,0
BRDA:95,9,0,0
BRDA:96,10,0,0
BRDA:97,11,0,0
BRDA:98,12,0,0
BRDA:99,13,0,0
BRDA:105,14,0,0
BRDA:110,15,0,0
BRDA:115,16,0,0
BRDA:120,17,0,0
BRDA:125,18,0,0
BRDA:130,19,0,0
BRDA:135,20,0,0
BRDA:135,20,1,0
BRDA:140,21,0,0
BRDA:140,21,1,0
BRDA:141,22,0,0
BRDA:141,22,1,0
BRDA:184,23,0,0
BRDA:189,24,0,0
BRDA:194,25,0,0
BRDA:199,26,0,0
BRDA:204,27,0,0
BRDA:209,28,0,0
BRDA:214,29,0,0
BRDA:219,30,0,0
BRDA:224,31,0,0
BRDA:239,32,0,0
BRDA:245,33,0,0
BRDA:248,34,0,0
BRDA:267,35,0,0
BRDA:295,36,0,0
BRDA:295,36,1,0
BRDA:297,37,0,0
BRDA:297,37,1,0
BRDA:298,38,0,0
BRDA:298,38,1,0
BRDA:299,39,0,0
BRDA:299,39,1,0
BRDA:300,40,0,0
BRDA:300,40,1,0
BRDA:302,41,0,0
BRDA:302,41,1,0
BRDA:303,42,0,0
BRDA:303,42,1,0
BRDA:304,43,0,0
BRDA:304,43,1,0
BRDA:320,44,0,0
BRDA:320,44,1,0
BRDA:321,45,0,0
BRDA:321,45,1,0
BRDA:331,46,0,0
BRDA:373,47,0,0
BRF:68
BRH:0
end_of_record
TN:
SF:src/routes/allocation-templates.routes.ts
FN:9,(anonymous_0)
FN:67,(anonymous_1)
FN:148,(anonymous_2)
FN:193,(anonymous_3)
FN:237,(anonymous_4)
FN:276,(anonymous_5)
FN:347,(anonymous_6)
FN:421,(anonymous_7)
FN:480,(anonymous_8)
FN:541,(anonymous_9)
FN:580,(anonymous_10)
FN:606,(anonymous_11)
FNF:12
FNH:0
FNDA:0,(anonymous_0)
FNDA:0,(anonymous_1)
FNDA:0,(anonymous_2)
FNDA:0,(anonymous_3)
FNDA:0,(anonymous_4)
FNDA:0,(anonymous_5)
FNDA:0,(anonymous_6)
FNDA:0,(anonymous_7)
FNDA:0,(anonymous_8)
FNDA:0,(anonymous_9)
FNDA:0,(anonymous_10)
FNDA:0,(anonymous_11)
DA:1,0
DA:2,0
DA:3,0
DA:5,0
DA:6,0
DA:9,0
DA:10,0
DA:67,0
DA:68,0
DA:69,0
DA:70,0
DA:80,0
DA:85,0
DA:86,0
DA:88,0
DA:89,0
DA:90,0
DA:92,0
DA:148,0
DA:149,0
DA:150,0
DA:151,0
DA:154,0
DA:155,0
DA:158,0
DA:159,0
DA:162,0
DA:163,0
DA:165,0
DA:166,0
DA:167,0
DA:169,0
DA:193,0
DA:194,0
DA:195,0
DA:196,0
DA:198,0
DA:199,0
DA:201,0
DA:202,0
DA:203,0
DA:205,0
DA:237,0
DA:238,0
DA:239,0
DA:240,0
DA:241,0
DA:243,0
DA:244,0
DA:246,0
DA:247,0
DA:248,0
DA:250,0
DA:276,0
DA:277,0
DA:278,0
DA:279,0
DA:281,0
DA:282,0
DA:284,0
DA:285,0
DA:286,0
DA:288,0
DA:347,0
DA:348,0
DA:349,0
DA:350,0
DA:351,0
DA:354,0
DA:355,0
DA:358,0
DA:359,0
DA:362,0
DA:363,0
DA:365,0
DA:366,0
DA:367,0
DA:369,0
DA:421,0
DA:422,0
DA:423,0
DA:424,0
DA:425,0
DA:428,0
DA:429,0
DA:433,0
DA:434,0
DA:437,0
DA:438,0
DA:440,0
DA:441,0
DA:442,0
DA:444,0
DA:480,0
DA:481,0
DA:482,0
DA:483,0
DA:484,0
DA:486,0
DA:487,0
DA:490,0
DA:491,0
DA:493,0
DA:494,0
DA:495,0
DA:497,0
DA:541,0
DA:542,0
DA:543,0
DA:544,0
DA:545,0
DA:547,0
DA:548,0
DA:551,0
DA:552,0
DA:554,0
DA:555,0
DA:556,0
DA:558,0
DA:580,0
DA:581,0
DA:582,0
DA:584,0
DA:585,0
DA:587,0
DA:588,0
DA:589,0
DA:591,0
DA:606,0
DA:607,0
DA:608,0
DA:609,0
DA:611,0
DA:612,0
DA:613,0
DA:615,0
DA:620,0
LF:137
LH:0
BRDA:10,0,0,0
BRDA:10,0,1,0
BRDA:75,1,0,0
BRDA:75,1,1,0
BRDA:81,2,0,0
BRDA:81,2,1,0
BRDA:82,3,0,0
BRDA:82,3,1,0
BRDA:89,4,0,0
BRDA:89,4,1,0
BRDA:154,5,0,0
BRDA:154,6,0,0
BRDA:154,6,1,0
BRDA:158,7,0,0
BRDA:158,8,0,0
BRDA:158,8,1,0
BRDA:158,8,2,0
BRDA:166,9,0,0
BRDA:166,9,1,0
BRDA:202,10,0,0
BRDA:202,10,1,0
BRDA:247,11,0,0
BRDA:247,11,1,0
BRDA:285,12,0,0
BRDA:285,12,1,0
BRDA:354,13,0,0
BRDA:354,14,0,0
BRDA:354,14,1,0
BRDA:358,15,0,0
BRDA:358,16,0,0
BRDA:358,16,1,0
BRDA:366,17,0,0
BRDA:366,17,1,0
BRDA:428,18,0,0
BRDA:428,19,0,0
BRDA:428,19,1,0
BRDA:433,20,0,0
BRDA:441,21,0,0
BRDA:441,21,1,0
BRDA:486,22,0,0
BRDA:494,23,0,0
BRDA:494,23,1,0
BRDA:547,24,0,0
BRDA:547,25,0,0
BRDA:547,25,1,0
BRDA:555,26,0,0
BRDA:555,26,1,0
BRDA:582,27,0,0
BRDA:582,27,1,0
BRDA:588,28,0,0
BRDA:588,28,1,0
BRDA:612,29,0,0
BRDA:612,29,1,0
BRF:53
BRH:0
end_of_record
TN:
SF:src/routes/allocation.routes.ts
FN:109,(anonymous_0)
FN:132,(anonymous_1)
FN:173,(anonymous_2)
FN:209,(anonymous_3)
FN:243,(anonymous_4)
FN:271,(anonymous_5)
FN:303,(anonymous_6)
FN:336,(anonymous_7)
FN:379,(anonymous_8)
FN:420,(anonymous_9)
FN:438,(anonymous_10)
FN:457,(anonymous_11)
FN:477,(anonymous_12)
FN:499,(anonymous_13)
FNF:14
FNH:0
FNDA:0,(anonymous_0)
FNDA:0,(anonymous_1)
FNDA:0,(anonymous_2)
FNDA:0,(anonymous_3)
FNDA:0,(anonymous_4)
FNDA:0,(anonymous_5)
FNDA:0,(anonymous_6)
FNDA:0,(anonymous_7)
FNDA:0,(anonymous_8)
FNDA:0,(anonymous_9)
FNDA:0,(anonymous_10)
FNDA:0,(anonymous_11)
FNDA:0,(anonymous_12)
FNDA:0,(anonymous_13)
DA:1,0
DA:2,0
DA:3,0
DA:4,0
DA:7,0
DA:10,0
DA:48,0
DA:84,0
DA:92,0
DA:100,0
DA:109,0
DA:110,0
DA:111,0
DA:112,0
DA:118,0
DA:122,0
DA:133,0
DA:134,0
DA:136,0
DA:137,0
DA:139,0
DA:149,0
DA:151,0
DA:166,0
DA:174,0
DA:175,0
DA:177,0
DA:178,0
DA:179,0
DA:181,0
DA:187,0
DA:189,0
DA:204,0
DA:210,0
DA:211,0
DA:213,0
DA:214,0
DA:215,0
DA:217,0
DA:221,0
DA:223,0
DA:238,0
DA:244,0
DA:245,0
DA:247,0
DA:248,0
DA:249,0
DA:251,0
DA:258,0
DA:267,0
DA:272,0
DA:273,0
DA:275,0
DA:276,0
DA:277,0
DA:279,0
DA:281,0
DA:282,0
DA:289,0
DA:290,0
DA:300,0
DA:304,0
DA:305,0
DA:307,0
DA:308,0
DA:311,0
DA:312,0
DA:314,0
DA:317,0
DA:318,0
DA:324,0
DA:333,0
DA:337,0
DA:338,0
DA:340,0
DA:351,0
DA:353,0
DA:354,0
DA:356,0
DA:362,0
DA:363,0
DA:370,0
DA:376,0
DA:380,0
DA:381,0
DA:383,0
DA:384,0
DA:387,0
DA:388,0
DA:389,0
DA:390,0
DA:391,0
DA:392,0
DA:393,0
DA:394,0
DA:396,0
DA:397,0
DA:399,0
DA:405,0
DA:406,0
DA:412,0
DA:418,0
DA:421,0
DA:422,0
DA:424,0
DA:425,0
DA:427,0
DA:436,0
DA:439,0
DA:440,0
DA:442,0
DA:443,0
DA:445,0
DA:454,0
DA:458,0
DA:459,0
DA:461,0
DA:462,0
DA:464,0
DA:466,0
DA:475,0
DA:478,0
DA:479,0
DA:481,0
DA:482,0
DA:484,0
DA:493,0
DA:500,0
DA:501,0
DA:503,0
DA:505,0
DA:513,0
DA:521,0
LF:133
LH:0
BRDA:111,0,0,0
BRDA:134,1,0,0
BRDA:136,2,0,0
BRDA:136,2,1,0
BRDA:137,3,0,0
BRDA:137,3,1,0
BRDA:142,4,0,0
BRDA:142,4,1,0
BRDA:143,5,0,0
BRDA:143,5,1,0
BRDA:144,6,0,0
BRDA:144,6,1,0
BRDA:145,7,0,0
BRDA:145,7,1,0
BRDA:146,8,0,0
BRDA:146,8,1,0
BRDA:175,9,0,0
BRDA:178,10,0,0
BRDA:178,10,1,0
BRDA:179,11,0,0
BRDA:179,11,1,0
BRDA:182,12,0,0
BRDA:182,12,1,0
BRDA:183,13,0,0
BRDA:183,13,1,0
BRDA:184,14,0,0
BRDA:184,14,1,0
BRDA:211,15,0,0
BRDA:214,16,0,0
BRDA:214,16,1,0
BRDA:215,17,0,0
BRDA:215,17,1,0
BRDA:218,18,0,0
BRDA:218,18,1,0
BRDA:245,19,0,0
BRDA:273,20,0,0
BRDA:276,21,0,0
BRDA:276,21,1,0
BRDA:277,22,0,0
BRDA:277,22,1,0
BRDA:279,23,0,0
BRDA:279,23,1,0
BRDA:305,24,0,0
BRDA:311,25,0,0
BRDA:311,25,1,0
BRDA:317,26,0,0
BRDA:338,27,0,0
BRDA:347,28,0,0
BRDA:347,28,1,0
BRDA:362,29,0,0
BRDA:381,30,0,0
BRDA:387,31,0,0
BRDA:388,32,0,0
BRDA:389,33,0,0
BRDA:390,34,0,0
BRDA:391,35,0,0
BRDA:392,36,0,0
BRDA:393,37,0,0
BRDA:394,38,0,0
BRDA:405,39,0,0
BRDA:422,40,0,0
BRDA:440,41,0,0
BRDA:459,42,0,0
BRDA:462,43,0,0
BRDA:462,43,1,0
BRDA:479,44,0,0
BRDA:501,45,0,0
BRF:67
BRH:0
end_of_record
TN:
SF:src/routes/analytics.routes.ts
FNF:0
FNH:0
DA:1,0
DA:2,0
DA:3,0
DA:5,0
DA:43,0
DA:81,0
DA:128,0
DA:165,0
DA:197,0
DA:238,0
DA:300,0
DA:365,0
DA:367,0
LF:13
LH:0
BRF:0
BRH:0
end_of_record
TN:
SF:src/routes/availabilityRoutes.ts
FNF:0
FNH:0
DA:1,0
DA:2,0
DA:3,0
DA:4,0
DA:6,0
DA:9,0
DA:24,0
DA:49,0
DA:86,0
DA:103,0
DA:117,0
DA:129,0
DA:139,0
DA:150,0
DA:157,0
LF:15
LH:0
BRF:0
BRH:0
end_of_record
TN:
SF:src/routes/capacity.routes.backup.ts
FNF:0
FNH:0
DA:1,0
DA:2,0
DA:3,0
DA:5,0
DA:8,0
DA:28,0
DA:47,0
DA:65,0
DA:71,0
DA:77,0
DA:148,0
DA:194,0
DA:248,0
DA:282,0
DA:316,0
DA:352,0
DA:389,0
DA:423,0
DA:471,0
DA:498,0
DA:503,0
LF:21
LH:0
BRF:0
BRH:0
end_of_record
TN:
SF:src/routes/capacity.routes.enhanced.ts
FNF:0
FNH:0
DA:1,0
DA:2,0
DA:3,0
DA:5,0
DA:8,0
DA:28,0
DA:47,0
DA:65,0
DA:83,0
DA:89,0
DA:95,0
DA:118,0
DA:186,0
DA:232,0
DA:286,0
DA:348,0
DA:392,0
DA:426,0
DA:460,0
DA:496,0
DA:532,0
DA:569,0
DA:603,0
DA:656,0
DA:701,0
DA:728,0
DA:733,0
LF:27
LH:0
BRF:0
BRH:0
end_of_record
TN:
SF:src/routes/capacity.routes.ts
FNF:0
FNH:0
DA:1,0
DA:2,0
DA:3,0
DA:5,0
DA:8,0
DA:28,0
DA:47,0
DA:65,0
DA:83,0
DA:89,0
DA:95,0
DA:118,0
[...]
FNDA:0,(anonymous_10)
FNDA:0,(anonymous_11)
FNDA:0,(anonymous_12)
FNDA:0,(anonymous_13)
FNDA:0,(anonymous_14)
FNDA:0,(anonymous_15)
FNDA:0,(anonymous_16)
FNDA:0,(anonymous_17)
FNDA:0,(anonymous_18)
FNDA:0,(anonymous_19)
FNDA:0,(anonymous_20)
FNDA:0,(anonymous_21)
FNDA:0,(anonymous_22)
DA:7,0
DA:8,0
DA:67,0
DA:71,0
DA:78,0
DA:80,0
DA:83,0
DA:84,0
DA:88,0
DA:89,0
DA:93,0
DA:98,0
DA:99,0
DA:103,0
DA:106,0
DA:109,0
DA:110,0
DA:112,0
DA:114,0
DA:124,0
DA:125,0
DA:127,0
DA:138,0
DA:141,0
DA:142,0
DA:151,0
DA:162,0
DA:164,0
DA:167,0
DA:170,0
DA:171,0
DA:173,0
DA:177,0
DA:178,0
DA:179,0
DA:181,0
DA:192,0
DA:194,0
DA:195,0
DA:196,0
DA:200,0
DA:201,0
DA:202,0
DA:206,0
DA:207,0
DA:210,0
DA:213,0
DA:214,0
DA:216,0
DA:218,0
DA:219,0
DA:220,0
DA:221,0
DA:223,0
DA:224,0
DA:225,0
DA:226,0
DA:229,0
DA:230,0
DA:231,0
DA:232,0
DA:235,0
DA:236,0
DA:237,0
DA:238,0
DA:241,0
DA:242,0
DA:243,0
DA:248,0
DA:249,0
DA:254,0
DA:256,0
DA:262,0
DA:263,0
DA:271,0
DA:282,0
DA:285,0
DA:286,0
DA:290,0
DA:300,0
DA:302,0
DA:305,0
DA:306,0
DA:308,0
DA:312,0
DA:313,0
DA:314,0
DA:316,0
DA:324,0
DA:325,0
DA:330,0
DA:332,0
DA:333,0
DA:336,0
DA:338,0
DA:353,0
DA:354,0
DA:355,0
DA:357,0
DA:365,0
DA:366,0
DA:372,0
DA:374,0
DA:389,0
DA:390,0
DA:398,0
DA:399,0
DA:406,0
DA:407,0
DA:409,0
DA:424,0
DA:425,0
DA:439,0
DA:440,0
DA:441,0
DA:442,0
DA:444,0
DA:445,0
DA:446,0
DA:447,0
DA:450,0
DA:451,0
DA:452,0
DA:453,0
DA:456,0
DA:457,0
DA:458,0
DA:459,0
DA:462,0
DA:463,0
DA:464,0
DA:465,0
DA:468,0
DA:472,0
DA:479,0
DA:480,0
DA:487,0
DA:490,0
DA:492,0
DA:507,0
DA:508,0
DA:516,0
DA:517,0
DA:522,0
DA:523,0
DA:526,0
DA:529,0
DA:549,0
DA:551,0
DA:552,0
DA:556,0
DA:562,0
DA:574,0
DA:575,0
DA:576,0
DA:578,0
DA:586,0
DA:587,0
DA:590,0
DA:591,0
DA:594,0
DA:595,0
DA:599,0
DA:600,0
DA:601,0
DA:604,0
DA:605,0
DA:608,0
DA:609,0
DA:618,0
DA:620,0
DA:625,0
DA:626,0
DA:630,0
DA:635,0
DA:636,0
DA:646,0
DA:656,0
DA:657,0
DA:663,0
DA:664,0
DA:665,0
DA:669,0
DA:670,0
LF:184
LH:0
BRDA:88,0,0,0
BRDA:98,1,0,0
BRDA:156,2,0,0
BRDA:156,2,1,0
BRDA:157,3,0,0
BRDA:157,3,1,0
BRDA:178,4,0,0
BRDA:195,5,0,0
BRDA:200,6,0,0
BRDA:206,7,0,0
BRDA:218,8,0,0
BRDA:218,9,0,0
BRDA:218,9,1,0
BRDA:218,9,2,0
BRDA:223,10,0,0
BRDA:229,11,0,0
BRDA:235,12,0,0
BRDA:241,13,0,0
BRDA:254,14,0,0
BRDA:276,15,0,0
BRDA:276,15,1,0
BRDA:276,15,2,0
BRDA:277,16,0,0
BRDA:277,16,1,0
BRDA:277,16,2,0
BRDA:278,17,0,0
BRDA:278,17,1,0
BRDA:313,18,0,0
BRDA:332,19,0,0
BRDA:347,20,0,0
BRDA:347,20,1,0
BRDA:354,21,0,0
BRDA:383,22,0,0
BRDA:383,22,1,0
BRDA:418,23,0,0
BRDA:418,23,1,0
BRDA:432,24,0,0
BRDA:444,25,0,0
BRDA:450,26,0,0
BRDA:456,27,0,0
BRDA:462,28,0,0
BRDA:468,29,0,0
BRDA:468,29,1,0
BRDA:479,30,0,0
BRDA:483,31,0,0
BRDA:483,31,1,0
BRDA:501,32,0,0
BRDA:501,32,1,0
BRDA:522,33,0,0
BRDA:575,34,0,0
BRDA:586,35,0,0
BRDA:590,36,0,0
BRDA:590,37,0,0
BRDA:590,37,1,0
BRDA:594,38,0,0
BRDA:600,39,0,0
BRDA:604,40,0,0
BRDA:608,41,0,0
BRDA:608,42,0,0
BRDA:608,42,1,0
BRDA:608,42,2,0
BRDA:625,43,0,0
BRDA:635,44,0,0
BRDA:656,45,0,0
BRDA:656,45,1,0
BRDA:663,46,0,0
BRDA:663,46,1,0
BRDA:669,47,0,0
BRF:68
BRH:0
end_of_record
TN:
SF:src/services/project-budgeting.service.ts
FN:143,(anonymous_0)
FN:148,(anonymous_1)
FN:238,(anonymous_2)
FN:309,(anonymous_3)
FN:388,(anonymous_4)
FN:408,(anonymous_5)
FN:409,(anonymous_6)
FN:434,(anonymous_7)
FN:488,(anonymous_8)
FN:579,(anonymous_9)
FN:609,(anonymous_10)
FN:626,(anonymous_11)
FNF:12
FNH:0
FNDA:0,(anonymous_0)
FNDA:0,(anonymous_1)
FNDA:0,(anonymous_2)
FNDA:0,(anonymous_3)
FNDA:0,(anonymous_4)
FNDA:0,(anonymous_5)
FNDA:0,(anonymous_6)
FNDA:0,(anonymous_7)
FNDA:0,(anonymous_8)
FNDA:0,(anonymous_9)
FNDA:0,(anonymous_10)
FNDA:0,(anonymous_11)
DA:1,0
DA:140,0
DA:144,0
DA:150,0
DA:151,0
DA:153,0
DA:154,0
DA:157,0
DA:158,0
DA:159,0
DA:162,0
DA:171,0
DA:175,0
DA:177,0
DA:189,0
DA:190,0
DA:193,0
DA:194,0
DA:195,0
DA:212,0
DA:213,0
DA:214,0
DA:228,0
DA:229,0
DA:231,0
DA:232,0
DA:234,0
DA:245,0
DA:270,0
DA:271,0
DA:273,0
DA:274,0
DA:277,0
DA:285,0
DA:286,0
DA:289,0
DA:298,0
DA:299,0
DA:301,0
DA:315,0
DA:316,0
DA:317,0
DA:320,0
DA:323,0
DA:326,0
DA:327,0
DA:329,0
DA:334,0
DA:335,0
DA:336,0
DA:339,0
DA:355,0
DA:376,0
DA:389,0
DA:390,0
DA:391,0
DA:394,0
DA:397,0
DA:406,0
DA:407,0
DA:408,0
DA:409,0
DA:411,0
DA:414,0
DA:424,0
DA:427,0
DA:428,0
DA:429,0
DA:430,0
DA:431,0
DA:432,0
DA:434,0
DA:435,0
DA:436,0
DA:437,0
DA:439,0
DA:449,0
DA:450,0
DA:451,0
DA:452,0
DA:454,0
DA:489,0
DA:490,0
DA:491,0
DA:495,0
DA:498,0
DA:499,0
DA:501,0
DA:504,0
DA:505,0
DA:506,0
DA:509,0
DA:510,0
DA:511,0
DA:514,0
DA:517,0
DA:518,0
DA:519,0
DA:520,0
DA:523,0
DA:525,0
DA:529,0
DA:531,0
DA:532,0
DA:540,0
DA:541,0
DA:549,0
DA:550,0
DA:558,0
DA:584,0
DA:594,0
DA:601,0
DA:602,0
DA:605,0
DA:610,0
DA:627,0
LF:116
LH:0
BRDA:153,0,0,0
BRDA:183,1,0,0
BRDA:183,1,1,0
BRDA:184,2,0,0
BRDA:184,2,1,0
BRDA:185,3,0,0
BRDA:185,3,1,0
BRDA:186,4,0,0
BRDA:186,4,1,0
BRDA:193,5,0,0
BRDA:193,6,0,0
BRDA:193,6,1,0
BRDA:202,7,0,0
BRDA:202,7,1,0
BRDA:205,8,0,0
BRDA:205,8,1,0
BRDA:206,9,0,0
BRDA:206,9,1,0
BRDA:212,10,0,0
BRDA:212,11,0,0
BRDA:212,11,1,0
BRDA:221,12,0,0
BRDA:221,12,1,0
BRDA:222,13,0,0
BRDA:222,13,1,0
BRDA:271,14,0,0
BRDA:316,15,0,0
BRDA:329,16,0,0
BRDA:329,16,1,0
BRDA:358,17,0,0
BRDA:358,17,1,0
BRDA:390,18,0,0
BRDA:444,19,0,0
BRDA:444,19,1,0
BRDA:451,20,0,0
BRDA:451,20,1,0
BRDA:452,21,0,0
BRDA:452,21,1,0
BRDA:483,22,0,0
BRDA:483,22,1,0
BRDA:483,23,0,0
BRDA:483,23,1,0
BRDA:490,24,0,0
BRDA:506,25,0,0
BRDA:506,25,1,0
BRDA:511,26,0,0
BRDA:511,26,1,0
BRDA:517,27,0,0
BRDA:517,27,1,0
BRDA:518,28,0,0
BRDA:518,28,1,0
BRDA:519,29,0,0
BRDA:519,29,1,0
BRDA:523,30,0,0
BRDA:523,30,1,0
BRDA:525,31,0,0
BRDA:525,31,1,0
BRDA:531,32,0,0
BRDA:540,33,0,0
BRDA:549,34,0,0
BRDA:601,35,0,0
BRDA:620,36,0,0
BRDA:620,36,1,0
BRDA:636,37,0,0
BRDA:636,37,1,0
BRF:65
BRH:0
end_of_record
TN:
SF:src/services/project.service.ts
FN:50,(anonymous_0)
FN:54,(anonymous_1)
FN:103,(anonymous_2)
FN:210,(anonymous_3)
FN:229,(anonymous_4)
FN:242,(anonymous_5)
FN:276,(anonymous_6)
FN:296,(anonymous_7)
FN:330,(anonymous_8)
FNF:9
FNH:0
FNDA:0,(anonymous_0)
FNDA:0,(anonymous_1)
FNDA:0,(anonymous_2)
FNDA:0,(anonymous_3)
FNDA:0,(anonymous_4)
FNDA:0,(anonymous_5)
FNDA:0,(anonymous_6)
FNDA:0,(anonymous_7)
FNDA:0,(anonymous_8)
DA:1,0
DA:2,0
DA:47,0
DA:51,0
DA:55,0
DA:57,0
DA:58,0
DA:62,0
DA:63,0
DA:66,0
DA:75,0
DA:87,0
DA:89,0
DA:90,0
DA:93,0
DA:95,0
DA:96,0
DA:97,0
DA:99,0
DA:104,0
DA:105,0
DA:106,0
DA:107,0
DA:110,0
DA:111,0
DA:112,0
DA:113,0
DA:116,0
DA:117,0
DA:118,0
DA:119,0
DA:122,0
DA:123,0
DA:124,0
DA:125,0
DA:128,0
DA:129,0
DA:130,0
DA:131,0
DA:134,0
DA:135,0
DA:136,0
DA:137,0
DA:140,0
DA:141,0
DA:142,0
DA:143,0
DA:146,0
DA:149,0
DA:150,0
DA:151,0
DA:154,0
DA:155,0
DA:158,0
DA:188,0
DA:190,0
DA:192,0
DA:205,0
DA:206,0
DA:211,0
DA:212,0
DA:216,0
DA:218,0
DA:219,0
DA:222,0
DA:224,0
DA:225,0
DA:230,0
DA:232,0
DA:233,0
DA:234,0
DA:238,0
DA:239,0
DA:240,0
DA:242,0
DA:243,0
DA:244,0
DA:245,0
DA:246,0
DA:250,0
DA:251,0
DA:254,0
DA:256,0
DA:263,0
DA:265,0
DA:266,0
DA:268,0
DA:269,0
DA:270,0
DA:272,0
DA:277,0
DA:278,0
DA:282,0
DA:284,0
DA:285,0
DA:288,0
DA:289,0
DA:290,0
DA:292,0
DA:297,0
DA:298,0
DA:308,0
DA:322,0
DA:323,0
DA:325,0
DA:326,0
DA:331,0
DA:332,0
DA:351,0
DA:352,0
DA:354,0
DA:355,0
LF:112
LH:0
BRDA:57,0,0,0
BRDA:57,1,0,0
BRDA:57,1,1,0
BRDA:62,2,0,0
BRDA:62,3,0,0
BRDA:62,3,1,0
BRDA:81,4,0,0
BRDA:81,4,1,0
BRDA:82,5,0,0
BRDA:82,5,1,0
BRDA:89,6,0,0
BRDA:96,7,0,0
BRDA:110,8,0,0
BRDA:116,9,0,0
BRDA:122,10,0,0
BRDA:128,11,0,0
BRDA:134,12,0,0
BRDA:140,13,0,0
BRDA:146,14,0,0
BRDA:146,14,1,0
BRDA:218,15,0,0
BRDA:233,16,0,0
BRDA:243,17,0,0
BRDA:243,18,0,0
BRDA:243,18,1,0
BRDA:250,19,0,0
BRDA:269,20,0,0
BRDA:284,21,0,0
BRDA:289,22,0,0
BRDA:312,23,0,0
BRDA:312,23,1,0
BRDA:319,24,0,0
BRDA:319,24,1,0
BRF:33
BRH:0
end_of_record
TN:
SF:src/services/resource-assignment.service.ts
FN:21,(anonymous_0)
FN:25,(anonymous_1)
FN:89,(anonymous_2)
FN:162,(anonymous_3)
FN:207,(anonymous_4)
FN:219,(anonymous_5)
FN:252,(anonymous_6)
FN:267,(anonymous_7)
FN:291,(anonymous_8)
FN:325,(anonymous_9)
FN:342,(anonymous_10)
FN:348,(anonymous_11)
FN:369,(anonymous_12)
FN:376,(anonymous_13)
FNF:14
FNH:0
FNDA:0,(anonymous_0)
FNDA:0,(anonymous_1)
FNDA:0,(anonymous_2)
FNDA:0,(anonymous_3)
FNDA:0,(anonymous_4)
FNDA:0,(anonymous_5)
FNDA:0,(anonymous_6)
FNDA:0,(anonymous_7)
FNDA:0,(anonymous_8)
FNDA:0,(anonymous_9)
FNDA:0,(anonymous_10)
FNDA:0,(anonymous_11)
FNDA:0,(anonymous_12)
FNDA:0,(anonymous_13)
DA:1,0
DA:2,0
DA:18,0
DA:22,0
DA:26,0
DA:28,0
DA:29,0
DA:33,0
DA:34,0
DA:38,0
DA:46,0
DA:48,0
DA:58,0
DA:72,0
DA:74,0
DA:75,0
DA:79,0
DA:81,0
DA:82,0
DA:83,0
DA:85,0
DA:96,0
DA:98,0
DA:103,0
DA:105,0
DA:106,0
DA:109,0
DA:110,0
DA:113,0
DA:125,0
DA:132,0
DA:133,0
DA:134,0
DA:137,0
DA:138,0
DA:147,0
DA:148,0
DA:154,0
DA:155,0
DA:157,0
DA:158,0
DA:163,0
DA:164,0
DA:184,0
DA:187,0
DA:199,0
DA:200,0
DA:202,0
DA:207,0
DA:214,0
DA:215,0
DA:220,0
DA:221,0
DA:244,0
DA:245,0
DA:247,0
DA:248,0
DA:253,0
DA:254,0
DA:259,0
DA:260,0
DA:262,0
DA:263,0
DA:268,0
DA:270,0
DA:271,0
DA:272,0
DA:276,0
DA:277,0
DA:287,0
DA:288,0
DA:289,0
DA:291,0
DA:292,0
DA:293,0
DA:294,0
DA:295,0
DA:299,0
DA:300,0
DA:303,0
DA:305,0
DA:312,0
DA:314,0
DA:315,0
DA:317,0
DA:318,0
DA:319,0
DA:321,0
DA:326,0
DA:327,0
DA:328,0
DA:330,0
DA:331,0
DA:334,0
DA:335,0
DA:336,0
DA:338,0
DA:343,0
DA:344,0
DA:345,0
DA:349,0
DA:365,0
DA:366,0
DA:370,0
DA:371,0
DA:372,0
DA:373,0
DA:377,0
DA:378,0
DA:403,0
DA:404,0
DA:406,0
DA:407,0
LF:113
LH:0
BRDA:28,0,0,0
BRDA:28,1,0,0
BRDA:28,1,1,0
BRDA:28,1,2,0
BRDA:33,2,0,0
BRDA:33,3,0,0
BRDA:33,3,1,0
BRDA:62,4,0,0
BRDA:62,4,1,0
BRDA:68,5,0,0
BRDA:68,5,1,0
BRDA:74,6,0,0
BRDA:82,7,0,0
BRDA:105,8,0,0
BRDA:110,9,0,0
BRDA:110,9,1,0
BRDA:122,10,0,0
BRDA:122,10,1,0
BRDA:128,11,0,0
BRDA:128,11,1,0
BRDA:129,12,0,0
BRDA:129,12,1,0
BRDA:133,13,0,0
BRDA:133,13,1,0
BRDA:137,14,0,0
BRDA:147,15,0,0
BRDA:154,16,0,0
BRDA:271,17,0,0
BRDA:276,18,0,0
BRDA:279,19,0,0
BRDA:279,19,1,0
BRDA:280,20,0,0
BRDA:280,20,1,0
BRDA:292,21,0,0
BRDA:292,22,0,0
BRDA:292,22,1,0
BRDA:299,23,0,0
BRDA:318,24,0,0
BRDA:330,25,0,0
BRDA:335,26,0,0
BRDA:345,27,0,0
BRDA:345,27,1,0
BRDA:370,28,0,0
BRDA:371,29,0,0
BRDA:372,30,0,0
BRF:45
BRH:0
end_of_record
TN:
SF:src/services/skill.service.ts
FN:7,(anonymous_0)
FN:11,(anonymous_1)
FN:35,(anonymous_2)
FN:38,(anonymous_3)
FN:49,(anonymous_4)
FN:55,(anonymous_5)
FN:104,(anonymous_6)
FN:134,(anonymous_7)
FN:140,(anonymous_8)
FN:186,(anonymous_9)
FNF:10
FNH:0
FNDA:0,(anonymous_0)
FNDA:0,(anonymous_1)
FNDA:0,(anonymous_2)
FNDA:0,(anonymous_3)
FNDA:0,(anonymous_4)
FNDA:0,(anonymous_5)
FNDA:0,(anonymous_6)
FNDA:0,(anonymous_7)
FNDA:0,(anonymous_8)
FNDA:0,(anonymous_9)
DA:1,0
DA:4,0
DA:8,0
DA:12,0
DA:18,0
DA:19,0
DA:21,0
DA:22,0
DA:23,0
DA:24,0
DA:27,0
DA:29,0
DA:30,0
DA:31,0
DA:34,0
DA:35,0
DA:39,0
DA:48,0
DA:49,0
DA:56,0
DA:59,0
DA:65,0
DA:66,0
DA:67,0
DA:70,0
DA:89,0
DA:91,0
DA:106,0
DA:133,0
DA:134,0
DA:141,0
DA:185,0
DA:186,0
DA:189,0
LF:34
LH:0
BRDA:21,0,0,0
BRDA:29,1,0,0
BRDA:38,2,0,0
BRDA:55,3,0,0
BRDA:55,4,0,0
BRDA:104,5,0,0
BRF:6
BRH:0
end_of_record
TN:
SF:src/services/skills-management.service.ts
FN:109,(anonymous_0)
FN:114,(anonymous_1)
FN:131,(anonymous_2)
FN:194,(anonymous_3)
FN:226,(anonymous_4)
FN:243,(anonymous_5)
FN:254,(anonymous_6)
FN:286,(anonymous_7)
FN:307,(anonymous_8)
FN:395,(anonymous_9)
FN:447,(anonymous_10)
FN:462,(anonymous_11)
FN:471,(anonymous_12)
FN:482,(anonymous_13)
FN:493,(anonymous_14)
FN:503,(anonymous_15)
FN:518,(anonymous_16)
FN:529,(anonymous_17)
FN:537,(anonymous_18)
FN:559,(anonymous_19)
FN:562,(anonymous_20)
FN:573,(anonymous_21)
FN:579,(anonymous_22)
FNF:23
FNH:0
FNDA:0,(anonymous_0)
FNDA:0,(anonymous_1)
FNDA:0,(anonymous_2)
FNDA:0,(anonymous_3)
FNDA:0,(anonymous_4)
FNDA:0,(anonymous_5)
FNDA:0,(anonymous_6)
FNDA:0,(anonymous_7)
FNDA:0,(anonymous_8)
FNDA:0,(anonymous_9)
FNDA:0,(anonymous_10)
FNDA:0,(anonymous_11)
FNDA:0,(anonymous_12)
FNDA:0,(anonymous_13)
FNDA:0,(anonymous_14)
FNDA:0,(anonymous_15)
FNDA:0,(anonymous_16)
FNDA:0,(anonymous_17)
FNDA:0,(anonymous_18)
FNDA:0,(anonymous_19)
FNDA:0,(anonymous_20)
FNDA:0,(anonymous_21)
FNDA:0,(anonymous_22)
DA:1,0
DA:106,0
DA:110,0
DA:115,0
DA:121,0
DA:128,0
DA:138,0
DA:139,0
DA:140,0
DA:142,0
DA:143,0
DA:144,0
DA:146,0
DA:147,0
DA:148,0
DA:149,0
DA:152,0
DA:153,0
DA:154,0
DA:155,0
DA:158,0
DA:159,0
DA:160,0
DA:161,0
DA:164,0
DA:167,0
DA:168,0
DA:169,0
DA:172,0
DA:178,0
DA:180,0
DA:202,0
DA:203,0
DA:206,0
DA:213,0
DA:223,0
DA:227,0
DA:239,0
DA:240,0
DA:250,0
DA:251,0
DA:252,0
DA:254,0
DA:255,0
DA:256,0
DA:257,0
DA:258,0
DA:259,0
DA:263,0
DA:264,0
DA:267,0
DA:268,0
DA:270,0
DA:277,0
DA:278,0
DA:279,0
DA:282,0
DA:288,0
DA:291,0
DA:293,0
DA:294,0
DA:297,0
DA:300,0
DA:305,0
DA:306,0
DA:307,0
DA:311,0
DA:335,0
DA:337,0
DA:338,0
DA:339,0
DA:341,0
DA:342,0
DA:343,0
DA:345,0
DA:347,0
DA:355,0
DA:363,0
DA:365,0
DA:373,0
DA:387,0
DA:396,0
DA:447,0
DA:450,0
DA:452,0
DA:463,0
DA:464,0
DA:466,0
DA:467,0
DA:471,0
DA:482,0
DA:486,0
DA:489,0
DA:494,0
DA:504,0
DA:519,0
DA:520,0
DA:526,0
DA:530,0
DA:531,0
DA:532,0
DA:533,0
DA:534,0
DA:540,0
DA:556,0
DA:560,0
DA:562,0
DA:563,0
DA:564,0
DA:566,0
DA:573,0
DA:582,0
LF:112
LH:0
BRDA:124,0,0,0
BRDA:124,0,1,0
BRDA:125,1,0,0
BRDA:125,1,1,0
BRDA:138,2,0,0
BRDA:138,2,1,0
BRDA:139,3,0,0
BRDA:139,3,1,0
BRDA:146,4,0,0
BRDA:152,5,0,0
BRDA:158,6,0,0
BRDA:164,7,0,0
BRDA:164,7,1,0
BRDA:202,8,0,0
BRDA:202,9,0,0
BRDA:202,9,1,0
BRDA:217,10,0,0
BRDA:217,10,1,0
BRDA:218,11,0,0
BRDA:218,11,1,0
BRDA:219,12,0,0
BRDA:219,12,1,0
BRDA:220,13,0,0
BRDA:220,13,1,0
BRDA:255,14,0,0
BRDA:263,15,0,0
BRDA:278,16,0,0
BRDA:293,17,0,0
BRDA:342,18,0,0
BRDA:342,18,1,0
BRDA:345,19,0,0
BRDA:345,19,1,0
BRDA:363,20,0,0
BRDA:381,21,0,0
BRDA:381,21,1,0
BRDA:474,22,0,0
BRDA:474,22,1,0
BRDA:475,23,0,0
BRDA:475,23,1,0
BRDA:476,24,0,0
BRDA:476,24,1,0
BRDA:478,25,0,0
BRDA:478,25,1,0
BRDA:482,26,0,0
BRDA:482,26,1,0
BRDA:511,27,0,0
BRDA:511,27,1,0
BRDA:513,28,0,0
BRDA:513,28,1,0
BRDA:531,29,0,0
BRDA:532,30,0,0
BRDA:533,31,0,0
BRDA:545,32,0,0
BRDA:545,32,1,0
BRDA:545,33,0,0
BRDA:545,33,1,0
BRDA:546,34,0,0
BRDA:546,34,1,0
BRDA:546,35,0,0
BRDA:546,35,1,0
BRDA:563,36,0,0
BRF:61
BRH:0
end_of_record
TN:
SF:src/types/index.ts
FN:111,(anonymous_0)
FN:119,(anonymous_1)
FN:127,(anonymous_2)
FN:135,(anonymous_3)
FN:142,(anonymous_4)
FN:272,(anonymous_5)
FN:491,(anonymous_6)
FNF:7
FNH:0
FNDA:0,(anonymous_0)
FNDA:0,(anonymous_1)
FNDA:0,(anonymous_2)
FNDA:0,(anonymous_3)
FNDA:0,(anonymous_4)
FNDA:0,(anonymous_5)
FNDA:0,(anonymous_6)
DA:111,0
DA:112,0
DA:113,0
DA:114,0
DA:115,0
DA:116,0
DA:119,0
DA:120,0
DA:121,0
DA:122,0
DA:123,0
DA:124,0
DA:127,0
DA:128,0
DA:129,0
DA:130,0
DA:131,0
DA:132,0
DA:135,0
DA:136,0
DA:137,0
DA:138,0
DA:139,0
DA:142,0
DA:143,0
DA:144,0
DA:145,0
DA:146,0
DA:272,0
DA:273,0
DA:274,0
DA:275,0
DA:276,0
DA:485,0
DA:492,0
DA:493,0
DA:494,0
DA:495,0
DA:499,0
DA:500,0
LF:40
LH:0
BRDA:111,0,0,0
BRDA:111,0,1,0
BRDA:119,1,0,0
BRDA:119,1,1,0
BRDA:127,2,0,0
BRDA:127,2,1,0
BRDA:135,3,0,0
BRDA:135,3,1,0
BRDA:142,4,0,0
BRDA:142,4,1,0
BRDA:272,5,0,0
BRDA:272,5,1,0
BRDA:494,6,0,0
BRDA:499,7,0,0
BRF:14
BRH:0
end_of_record
TN:
SF:src/types/pipeline.ts
FNF:0
FNH:0
DA:341,0
DA:352,0
DA:359,0
LF:3
LH:0
BRF:0
BRH:0
end_of_record
TN:
SF:src/utils/api-error.ts
FN:5,(anonymous_0)
FN:17,(anonymous_1)
FN:21,(anonymous_2)
FN:25,(anonymous_3)
FN:29,(anonymous_4)
FN:33,(anonymous_5)
FN:37,(anonymous_6)
FN:41,(anonymous_7)
FN:45,(anonymous_8)
FN:49,(anonymous_9)
FNF:10
FNH:0
FNDA:0,(anonymous_0)
FNDA:0,(anonymous_1)
FNDA:0,(anonymous_2)
FNDA:0,(anonymous_3)
FNDA:0,(anonymous_4)
FNDA:0,(anonymous_5)
FNDA:0,(anonymous_6)
FNDA:0,(anonymous_7)
FNDA:0,(anonymous_8)
FNDA:0,(anonymous_9)
DA:1,0
DA:6,0
DA:7,0
DA:8,0
DA:9,0
DA:12,0
DA:13,0
DA:18,0
DA:22,0
DA:26,0
DA:30,0
DA:34,0
DA:38,0
DA:42,0
DA:46,0
DA:50,0
LF:16
LH:0
BRDA:12,0,0,0
BRDA:21,1,0,0
BRDA:25,2,0,0
BRDA:29,3,0,0
BRDA:41,4,0,0
BRDA:45,5,0,0
BRDA:49,6,0,0
BRF:7
BRH:0
end_of_record
TN:
SF:src/utils/csv-helper.ts
FN:4,parseCSV
FN:11,(anonymous_1)
FN:38,(anonymous_2)
FN:84,(anonymous_3)
FN:84,(anonymous_4)
FN:87,(anonymous_5)
FN:87,(anonymous_6)
FN:110,generateCSV
FN:130,(anonymous_8)
FN:149,parseCSVLine
FN:182,escapeCSVField
FNF:11
FNH:0
FNDA:0,parseCSV
FNDA:0,(anonymous_1)
FNDA:0,(anonymous_2)
FNDA:0,(anonymous_3)
FNDA:0,(anonymous_4)
FNDA:0,(anonymous_5)
FNDA:0,(anonymous_6)
FNDA:0,generateCSV
FNDA:0,(anonymous_8)
FNDA:0,parseCSVLine
FNDA:0,escapeCSVField
DA:2,0
DA:4,0
DA:5,0
DA:7,0
DA:8,0
DA:11,0
DA:12,0
DA:15,0
DA:38,0
DA:40,0
DA:41,0
DA:42,0
DA:44,0
DA:46,0
DA:47,0
DA:50,0
DA:52,0
DA:53,0
DA:54,0
DA:56,0
DA:61,0
DA:62,0
DA:64,0
DA:65,0
DA:66,0
DA:68,0
DA:69,0
DA:71,0
DA:72,0
DA:73,0
DA:75,0
DA:76,0
DA:78,0
DA:80,0
DA:81,0
DA:82,0
DA:84,0
DA:87,0
DA:90,0
DA:92,0
DA:97,0
DA:98,0
DA:99,0
DA:100,0
DA:104,0
DA:107,0
DA:110,0
DA:111,0
DA:112,0
DA:115,0
DA:128,0
DA:130,0
DA:131,0
DA:143,0
DA:146,0
DA:150,0
DA:151,0
DA:152,0
DA:153,0
DA:155,0
DA:156,0
DA:157,0
DA:159,0
DA:160,0
DA:161,0
DA:162,0
DA:164,0
DA:165,0
DA:167,0
DA:169,0
DA:170,0
DA:171,0
DA:173,0
DA:175,0
DA:178,0
DA:179,0
DA:183,0
DA:185,0
DA:188,0
DA:190,0
DA:191,0
DA:194,0
LF:82
LH:0
BRDA:7,0,0,0
BRDA:38,1,0,0
BRDA:38,1,1,0
BRDA:42,2,0,0
BRDA:46,3,0,0
BRDA:56,4,0,0
BRDA:56,4,1,0
BRDA:56,4,2,0
BRDA:56,4,3,0
BRDA:56,4,4,0
BRDA:56,4,5,0
BRDA:56,4,6,0
BRDA:65,5,0,0
BRDA:72,6,0,0
BRDA:78,7,0,0
BRDA:78,7,1,0
BRDA:81,8,0,0
BRDA:81,8,1,0
BRDA:81,9,0,0
BRDA:81,9,1,0
BRDA:99,10,0,0
BRDA:99,11,0,0
BRDA:99,11,1,0
BRDA:111,12,0,0
BRDA:136,13,0,0
BRDA:136,13,1,0
BRDA:137,14,0,0
BRDA:137,14,1,0
BRDA:138,15,0,0
BRDA:138,15,1,0
BRDA:139,16,0,0
BRDA:139,16,1,0
BRDA:140,17,0,0
BRDA:140,17,1,0
BRDA:141,18,0,0
BRDA:141,18,1,0
BRDA:159,19,0,0
BRDA:159,19,1,0
BRDA:159,20,0,0
BRDA:159,20,1,0
BRDA:161,21,0,0
BRDA:161,21,1,0
BRDA:161,22,0,0
BRDA:161,22,1,0
BRDA:162,23,0,0
BRDA:162,23,1,0
BRDA:169,24,0,0
BRDA:169,24,1,0
BRDA:169,25,0,0
BRDA:169,25,1,0
BRDA:183,26,0,0
BRDA:188,27,0,0
BRDA:188,28,0,0
BRDA:188,28,1,0
BRDA:188,28,2,0
BRF:55
BRH:0
end_of_record
TN:
SF:src/websocket/websocket.service.ts
FN:50,(anonymous_0)
FN:54,(anonymous_1)
FN:61,(anonymous_2)
FN:79,(anonymous_3)
FN:101,(anonymous_4)
FN:106,(anonymous_5)
FN:162,(anonymous_6)
FN:163,(anonymous_7)
FN:181,(anonymous_8)
FN:210,(anonymous_9)
FN:229,(anonymous_10)
FN:253,(anonymous_11)
FN:257,(anonymous_12)
FN:266,(anonymous_13)
FN:276,(anonymous_14)
FN:344,(anonymous_15)
FN:386,(anonymous_16)
FN:390,(anonymous_17)
FN:394,(anonymous_18)
FN:403,(anonymous_19)
FN:407,(anonymous_20)
FNF:21
FNH:0
FNDA:0,(anonymous_0)
FNDA:0,(anonymous_1)
FNDA:0,(anonymous_2)
FNDA:0,(anonymous_3)
FNDA:0,(anonymous_4)
FNDA:0,(anonymous_5)
FNDA:0,(anonymous_6)
FNDA:0,(anonymous_7)
FNDA:0,(anonymous_8)
FNDA:0,(anonymous_9)
FNDA:0,(anonymous_10)
FNDA:0,(anonymous_11)
FNDA:0,(anonymous_12)
FNDA:0,(anonymous_13)
FNDA:0,(anonymous_14)
FNDA:0,(anonymous_15)
FNDA:0,(anonymous_16)
FNDA:0,(anonymous_17)
FNDA:0,(anonymous_18)
FNDA:0,(anonymous_19)
FNDA:0,(anonymous_20)
DA:2,0
DA:3,0
DA:43,0
DA:45,0
DA:46,0
DA:47,0
DA:51,0
DA:55,0
DA:56,0
DA:58,0
DA:62,0
DA:75,0
DA:76,0
DA:80,0
DA:83,0
DA:86,0
DA:89,0
DA:92,0
DA:95,0
DA:98,0
DA:101,0
DA:102,0
DA:107,0
DA:108,0
DA:111,0
DA:116,0
DA:117,0
DA:118,0
DA:121,0
DA:124,0
DA:127,0
DA:128,0
DA:130,0
DA:133,0
DA:144,0
DA:147,0
DA:161,0
DA:162,0
DA:163,0
DA:171,0
DA:173,0
DA:176,0
DA:177,0
DA:182,0
DA:183,0
DA:185,0
DA:187,0
DA:188,0
DA:190,0
DA:191,0
DA:195,0
DA:211,0
DA:212,0
DA:214,0
DA:216,0
DA:219,0
DA:230,0
DA:231,0
DA:233,0
DA:235,0
DA:238,0
DA:248,0
DA:249,0
DA:254,0
DA:257,0
DA:262,0
DA:264,0
DA:266,0
DA:277,0
DA:278,0
DA:279,0
DA:281,0
DA:284,0
DA:289,0
DA:290,0
DA:291,0
DA:294,0
DA:297,0
DA:308,0
DA:318,0
DA:336,0
DA:339,0
DA:340,0
DA:345,0
DA:347,0
DA:349,0
DA:350,0
DA:351,0
DA:352,0
DA:353,0
DA:356,0
DA:368,0
DA:380,0
DA:381,0
DA:387,0
DA:391,0
DA:392,0
DA:393,0
DA:394,0
DA:395,0
DA:399,0
DA:404,0
DA:408,0
LF:103
LH:0
BRDA:55,0,0,0
BRDA:64,1,0,0
BRDA:64,1,1,0
BRDA:116,2,0,0
BRDA:127,3,0,0
BRDA:183,4,0,0
BRDA:188,5,0,0
BRDA:188,5,1,0
BRDA:190,6,0,0
BRDA:212,7,0,0
BRDA:231,8,0,0
BRDA:248,9,0,0
BRDA:262,10,0,0
BRDA:279,11,0,0
BRDA:289,12,0,0
BRDA:347,13,0,0
BRDA:350,14,0,0
BRDA:352,15,0,0
BRDA:391,16,0,0
BRDA:391,16,1,0
BRDA:393,17,0,0
BRF:21
BRH:0
end_of_record
